In file included from [01m[K/home/sampathkumaritagi/ros_ws/src/husarion_controllers/mecanum_drive_controller/include/mecanum_drive_controller/mecanum_drive_controller.hpp:45[m[K,
                 from [01m[K/home/sampathkumaritagi/ros_ws/src/husarion_controllers/mecanum_drive_controller/src/mecanum_drive_controller.cpp:30[m[K:
[01m[K/opt/ros/humble/include/realtime_tools/realtime_tools/realtime_box.h:22:97:[m[K [01;36m[Knote: [m[K‘[01m[K#pragma message: This header include is deprecated. Please update your code to use 'realtime_box.hpp' header.[m[K’
   22 |   "This header include is deprecated. Please update your code to use 'realtime_box.hpp' header."[01;36m[K)[m[K  //NOLINT
      |                                                                                                 [01;36m[K^[m[K
In file included from [01m[K/home/sampathkumaritagi/ros_ws/src/husarion_controllers/mecanum_drive_controller/include/mecanum_drive_controller/mecanum_drive_controller.hpp:46[m[K,
                 from [01m[K/home/sampathkumaritagi/ros_ws/src/husarion_controllers/mecanum_drive_controller/src/mecanum_drive_controller.cpp:30[m[K:
[01m[K/opt/ros/humble/include/realtime_tools/realtime_tools/realtime_buffer.h:22:100:[m[K [01;36m[Knote: [m[K‘[01m[K#pragma message: This header include is deprecated. Please update your code to use 'realtime_buffer.hpp' header.[m[K’
   22 |   "This header include is deprecated. Please update your code to use 'realtime_buffer.hpp' header."[01;36m[K)[m[K  //NOLINT
      |                                                                                                    [01;36m[K^[m[K
In file included from [01m[K/home/sampathkumaritagi/ros_ws/src/husarion_controllers/mecanum_drive_controller/include/mecanum_drive_controller/mecanum_drive_controller.hpp:47[m[K,
                 from [01m[K/home/sampathkumaritagi/ros_ws/src/husarion_controllers/mecanum_drive_controller/src/mecanum_drive_controller.cpp:30[m[K:
[01m[K/opt/ros/humble/include/realtime_tools/realtime_tools/realtime_publisher.h:22:103:[m[K [01;36m[Knote: [m[K‘[01m[K#pragma message: This header include is deprecated. Please update your code to use 'realtime_publisher.hpp' header.[m[K’
   22 |   "This header include is deprecated. Please update your code to use 'realtime_publisher.hpp' header."[01;36m[K)[m[K  //NOLINT
      |                                                                                                       [01;36m[K^[m[K
In file included from [01m[K/home/sampathkumaritagi/ros_ws/src/husarion_controllers/mecanum_drive_controller/include/mecanum_drive_controller/mecanum_drive_controller.hpp:50[m[K,
                 from [01m[K/home/sampathkumaritagi/ros_ws/src/husarion_controllers/mecanum_drive_controller/src/mecanum_drive_controller.cpp:30[m[K:
[01m[K/home/sampathkumaritagi/ros_ws/build/mecanum_drive_controller/include/mecanum_drive_controller_parameters.hpp:1:175:[m[K [01;36m[Knote: [m[K‘[01m[K#pragma message: #include "mecanum_drive_controller_parameters.hpp" is deprecated. Use #include <mecanum_drive_controller/mecanum_drive_controller_parameters.hpp> instead.[m[K’
    1 | "#include \"mecanum_drive_controller_parameters.hpp\" is deprecated. Use #include <mecanum_drive_controller/mecanum_drive_controller_parameters.hpp> instead."[01;36m[K)[m[K
      |                                                                                                                                                               [01;36m[K^[m[K

