[0.010s] Invoking command in '/home/sampathkumaritagi/ros_ws/build/rosbot_xl_description': CMAKE_PREFIX_PATH=/home/sampathkumaritagi/ros_ws/install/ros_components_description:/home/sampathkumaritagi/ros_ws/install/rosbot_xl:/home/sampathkumaritagi/ros_ws/install/rosbot_xl_description:/home/sampathkumaritagi/ros_ws/install/rosbot_hardware_interfaces:/home/sampathkumaritagi/ros_ws/install/nav2_bringup_custom:/home/sampathkumaritagi/ros_ws/install/micro_ros_agent:/home/sampathkumaritagi/ros_ws/install/micro_ros_msgs:/home/sampathkumaritagi/ros_ws/install/mecanum_drive_controller:/home/sampathkumaritagi/ros_ws/install/imu_sensor_broadcaster:/home/sampathkumaritagi/ros_ws/install/husarion_gz_worlds:/home/sampathkumaritagi/ros_ws/install/diff_drive_controller:/home/sampathkumaritagi/ros_ws/install/rosbot_xl_utils:/home/sampathkumaritagi/ros_ws/install/rosbot_xl_gazebo:/home/sampathkumaritagi/ros_ws/install/rosbot_xl_bringup:/home/sampathkumaritagi/ros_ws/install/rosbot_xl_controller:/opt/ros/humble /usr/bin/cmake /home/sampathkumaritagi/ros_ws/src/rosbot_xl_description -DAMENT_CMAKE_SYMLINK_INSTALL=1 -DCMAKE_INSTALL_PREFIX=/home/sampathkumaritagi/ros_ws/install/rosbot_xl_description
[0.068s] -- The C compiler identification is GNU 11.4.0
[0.113s] -- The CXX compiler identification is GNU 11.4.0
[0.121s] -- Detecting C compiler ABI info
[0.200s] -- Detecting C compiler ABI info - done
[0.210s] -- Check for working C compiler: /usr/bin/cc - skipped
[0.210s] -- Detecting C compile features
[0.210s] -- Detecting C compile features - done
[0.214s] -- Detecting CXX compiler ABI info
[0.311s] -- Detecting CXX compiler ABI info - done
[0.335s] -- Check for working CXX compiler: /usr/bin/c++ - skipped
[0.335s] -- Detecting CXX compile features
[0.335s] -- Detecting CXX compile features - done
[0.335s] -- Found ament_cmake: 1.3.11 (/opt/ros/humble/share/ament_cmake/cmake)
[0.513s] -- Found Python3: /usr/bin/python3 (found version "3.10.12") found components: Interpreter 
[0.585s] -- Override CMake install command with custom implementation using symlinks instead of copying resources
[0.842s] -- Configuring done
[0.849s] -- Generating done
[0.856s] -- Build files have been written to: /home/sampathkumaritagi/ros_ws/build/rosbot_xl_description
[0.868s] Invoked command in '/home/sampathkumaritagi/ros_ws/build/rosbot_xl_description' returned '0': CMAKE_PREFIX_PATH=/home/sampathkumaritagi/ros_ws/install/ros_components_description:/home/sampathkumaritagi/ros_ws/install/rosbot_xl:/home/sampathkumaritagi/ros_ws/install/rosbot_xl_description:/home/sampathkumaritagi/ros_ws/install/rosbot_hardware_interfaces:/home/sampathkumaritagi/ros_ws/install/nav2_bringup_custom:/home/sampathkumaritagi/ros_ws/install/micro_ros_agent:/home/sampathkumaritagi/ros_ws/install/micro_ros_msgs:/home/sampathkumaritagi/ros_ws/install/mecanum_drive_controller:/home/sampathkumaritagi/ros_ws/install/imu_sensor_broadcaster:/home/sampathkumaritagi/ros_ws/install/husarion_gz_worlds:/home/sampathkumaritagi/ros_ws/install/diff_drive_controller:/home/sampathkumaritagi/ros_ws/install/rosbot_xl_utils:/home/sampathkumaritagi/ros_ws/install/rosbot_xl_gazebo:/home/sampathkumaritagi/ros_ws/install/rosbot_xl_bringup:/home/sampathkumaritagi/ros_ws/install/rosbot_xl_controller:/opt/ros/humble /usr/bin/cmake /home/sampathkumaritagi/ros_ws/src/rosbot_xl_description -DAMENT_CMAKE_SYMLINK_INSTALL=1 -DCMAKE_INSTALL_PREFIX=/home/sampathkumaritagi/ros_ws/install/rosbot_xl_description
[0.869s] Invoking command in '/home/sampathkumaritagi/ros_ws/build/rosbot_xl_description': CMAKE_PREFIX_PATH=/home/sampathkumaritagi/ros_ws/install/ros_components_description:/home/sampathkumaritagi/ros_ws/install/rosbot_xl:/home/sampathkumaritagi/ros_ws/install/rosbot_xl_description:/home/sampathkumaritagi/ros_ws/install/rosbot_hardware_interfaces:/home/sampathkumaritagi/ros_ws/install/nav2_bringup_custom:/home/sampathkumaritagi/ros_ws/install/micro_ros_agent:/home/sampathkumaritagi/ros_ws/install/micro_ros_msgs:/home/sampathkumaritagi/ros_ws/install/mecanum_drive_controller:/home/sampathkumaritagi/ros_ws/install/imu_sensor_broadcaster:/home/sampathkumaritagi/ros_ws/install/husarion_gz_worlds:/home/sampathkumaritagi/ros_ws/install/diff_drive_controller:/home/sampathkumaritagi/ros_ws/install/rosbot_xl_utils:/home/sampathkumaritagi/ros_ws/install/rosbot_xl_gazebo:/home/sampathkumaritagi/ros_ws/install/rosbot_xl_bringup:/home/sampathkumaritagi/ros_ws/install/rosbot_xl_controller:/opt/ros/humble /usr/bin/cmake --build /home/sampathkumaritagi/ros_ws/build/rosbot_xl_description -- -j16 -l16
[0.964s] Invoked command in '/home/sampathkumaritagi/ros_ws/build/rosbot_xl_description' returned '0': CMAKE_PREFIX_PATH=/home/sampathkumaritagi/ros_ws/install/ros_components_description:/home/sampathkumaritagi/ros_ws/install/rosbot_xl:/home/sampathkumaritagi/ros_ws/install/rosbot_xl_description:/home/sampathkumaritagi/ros_ws/install/rosbot_hardware_interfaces:/home/sampathkumaritagi/ros_ws/install/nav2_bringup_custom:/home/sampathkumaritagi/ros_ws/install/micro_ros_agent:/home/sampathkumaritagi/ros_ws/install/micro_ros_msgs:/home/sampathkumaritagi/ros_ws/install/mecanum_drive_controller:/home/sampathkumaritagi/ros_ws/install/imu_sensor_broadcaster:/home/sampathkumaritagi/ros_ws/install/husarion_gz_worlds:/home/sampathkumaritagi/ros_ws/install/diff_drive_controller:/home/sampathkumaritagi/ros_ws/install/rosbot_xl_utils:/home/sampathkumaritagi/ros_ws/install/rosbot_xl_gazebo:/home/sampathkumaritagi/ros_ws/install/rosbot_xl_bringup:/home/sampathkumaritagi/ros_ws/install/rosbot_xl_controller:/opt/ros/humble /usr/bin/cmake --build /home/sampathkumaritagi/ros_ws/build/rosbot_xl_description -- -j16 -l16
[0.968s] Invoking command in '/home/sampathkumaritagi/ros_ws/build/rosbot_xl_description': CMAKE_PREFIX_PATH=/home/sampathkumaritagi/ros_ws/install/ros_components_description:/home/sampathkumaritagi/ros_ws/install/rosbot_xl:/home/sampathkumaritagi/ros_ws/install/rosbot_xl_description:/home/sampathkumaritagi/ros_ws/install/rosbot_hardware_interfaces:/home/sampathkumaritagi/ros_ws/install/nav2_bringup_custom:/home/sampathkumaritagi/ros_ws/install/micro_ros_agent:/home/sampathkumaritagi/ros_ws/install/micro_ros_msgs:/home/sampathkumaritagi/ros_ws/install/mecanum_drive_controller:/home/sampathkumaritagi/ros_ws/install/imu_sensor_broadcaster:/home/sampathkumaritagi/ros_ws/install/husarion_gz_worlds:/home/sampathkumaritagi/ros_ws/install/diff_drive_controller:/home/sampathkumaritagi/ros_ws/install/rosbot_xl_utils:/home/sampathkumaritagi/ros_ws/install/rosbot_xl_gazebo:/home/sampathkumaritagi/ros_ws/install/rosbot_xl_bringup:/home/sampathkumaritagi/ros_ws/install/rosbot_xl_controller:/opt/ros/humble /usr/bin/cmake --install /home/sampathkumaritagi/ros_ws/build/rosbot_xl_description
[0.985s] -- Install configuration: ""
[0.985s] -- Execute custom install script
[0.986s] -- Symlinking: /home/sampathkumaritagi/ros_ws/install/rosbot_xl_description/share/rosbot_xl_description/meshes/body.dae
[1.008s] -- Symlinking: /home/sampathkumaritagi/ros_ws/install/rosbot_xl_description/share/rosbot_xl_description/meshes/body_colision.stl
[1.030s] -- Symlinking: /home/sampathkumaritagi/ros_ws/install/rosbot_xl_description/share/rosbot_xl_description/meshes/components/antenna.dae
[1.055s] -- Symlinking: /home/sampathkumaritagi/ros_ws/install/rosbot_xl_description/share/rosbot_xl_description/meshes/components/antenna_connector.dae
[1.077s] -- Symlinking: /home/sampathkumaritagi/ros_ws/install/rosbot_xl_description/share/rosbot_xl_description/meshes/components/camera_mount_bot.dae
[1.099s] -- Symlinking: /home/sampathkumaritagi/ros_ws/install/rosbot_xl_description/share/rosbot_xl_description/meshes/components/camera_mount_mid.dae
[1.122s] -- Symlinking: /home/sampathkumaritagi/ros_ws/install/rosbot_xl_description/share/rosbot_xl_description/meshes/components/camera_mount_top.dae
[1.148s] -- Symlinking: /home/sampathkumaritagi/ros_ws/install/rosbot_xl_description/share/rosbot_xl_description/meshes/mecanum_a.dae
[1.169s] -- Symlinking: /home/sampathkumaritagi/ros_ws/install/rosbot_xl_description/share/rosbot_xl_description/meshes/mecanum_b.dae
[1.189s] -- Symlinking: /home/sampathkumaritagi/ros_ws/install/rosbot_xl_description/share/rosbot_xl_description/meshes/wheel_a.dae
[1.210s] -- Symlinking: /home/sampathkumaritagi/ros_ws/install/rosbot_xl_description/share/rosbot_xl_description/meshes/wheel_b.dae
[1.232s] -- Symlinking: /home/sampathkumaritagi/ros_ws/install/rosbot_xl_description/share/rosbot_xl_description/urdf/body.urdf.xacro
[1.244s] -- Symlinking: /home/sampathkumaritagi/ros_ws/install/rosbot_xl_description/share/rosbot_xl_description/urdf/components/antenna.urdf.xacro
[1.262s] -- Symlinking: /home/sampathkumaritagi/ros_ws/install/rosbot_xl_description/share/rosbot_xl_description/urdf/components/camera_mount.urdf.xacro
[1.276s] -- Symlinking: /home/sampathkumaritagi/ros_ws/install/rosbot_xl_description/share/rosbot_xl_description/urdf/gazebo.urdf.xacro
[1.282s] -- Symlinking: /home/sampathkumaritagi/ros_ws/install/rosbot_xl_description/share/rosbot_xl_description/urdf/rosbot_xl.urdf.xacro
[1.292s] -- Symlinking: /home/sampathkumaritagi/ros_ws/install/rosbot_xl_description/share/rosbot_xl_description/urdf/rosbot_xl_macro.urdf.xacro
[1.302s] -- Symlinking: /home/sampathkumaritagi/ros_ws/install/rosbot_xl_description/share/rosbot_xl_description/urdf/webots.urdf.xacro
[1.311s] -- Symlinking: /home/sampathkumaritagi/ros_ws/install/rosbot_xl_description/share/rosbot_xl_description/urdf/wheel.urdf.xacro
[1.322s] -- Symlinking: /home/sampathkumaritagi/ros_ws/install/rosbot_xl_description/share/rosbot_xl_description/environment/rosbot_xl_description.sh
[1.331s] -- Symlinking: /home/sampathkumaritagi/ros_ws/install/rosbot_xl_description/share/ament_index/resource_index/package_run_dependencies/rosbot_xl_description
[1.341s] -- Symlinking: /home/sampathkumaritagi/ros_ws/install/rosbot_xl_description/share/ament_index/resource_index/parent_prefix_path/rosbot_xl_description
[1.352s] -- Symlinking: /home/sampathkumaritagi/ros_ws/install/rosbot_xl_description/share/rosbot_xl_description/environment/ament_prefix_path.sh
[1.363s] -- Symlinking: /home/sampathkumaritagi/ros_ws/install/rosbot_xl_description/share/rosbot_xl_description/environment/ament_prefix_path.dsv
[1.375s] -- Symlinking: /home/sampathkumaritagi/ros_ws/install/rosbot_xl_description/share/rosbot_xl_description/environment/path.sh
[1.387s] -- Symlinking: /home/sampathkumaritagi/ros_ws/install/rosbot_xl_description/share/rosbot_xl_description/environment/path.dsv
[1.398s] -- Symlinking: /home/sampathkumaritagi/ros_ws/install/rosbot_xl_description/share/rosbot_xl_description/local_setup.bash
[1.409s] -- Symlinking: /home/sampathkumaritagi/ros_ws/install/rosbot_xl_description/share/rosbot_xl_description/local_setup.sh
[1.421s] -- Symlinking: /home/sampathkumaritagi/ros_ws/install/rosbot_xl_description/share/rosbot_xl_description/local_setup.zsh
[1.432s] -- Symlinking: /home/sampathkumaritagi/ros_ws/install/rosbot_xl_description/share/rosbot_xl_description/local_setup.dsv
[1.444s] -- Symlinking: /home/sampathkumaritagi/ros_ws/install/rosbot_xl_description/share/rosbot_xl_description/package.dsv
[1.454s] -- Symlinking: /home/sampathkumaritagi/ros_ws/install/rosbot_xl_description/share/ament_index/resource_index/packages/rosbot_xl_description
[1.464s] -- Symlinking: /home/sampathkumaritagi/ros_ws/install/rosbot_xl_description/share/rosbot_xl_description/cmake/rosbot_xl_descriptionConfig.cmake
[1.474s] -- Symlinking: /home/sampathkumaritagi/ros_ws/install/rosbot_xl_description/share/rosbot_xl_description/cmake/rosbot_xl_descriptionConfig-version.cmake
[1.485s] -- Symlinking: /home/sampathkumaritagi/ros_ws/install/rosbot_xl_description/share/rosbot_xl_description/package.xml
[1.502s] Invoked command in '/home/sampathkumaritagi/ros_ws/build/rosbot_xl_description' returned '0': CMAKE_PREFIX_PATH=/home/sampathkumaritagi/ros_ws/install/ros_components_description:/home/sampathkumaritagi/ros_ws/install/rosbot_xl:/home/sampathkumaritagi/ros_ws/install/rosbot_xl_description:/home/sampathkumaritagi/ros_ws/install/rosbot_hardware_interfaces:/home/sampathkumaritagi/ros_ws/install/nav2_bringup_custom:/home/sampathkumaritagi/ros_ws/install/micro_ros_agent:/home/sampathkumaritagi/ros_ws/install/micro_ros_msgs:/home/sampathkumaritagi/ros_ws/install/mecanum_drive_controller:/home/sampathkumaritagi/ros_ws/install/imu_sensor_broadcaster:/home/sampathkumaritagi/ros_ws/install/husarion_gz_worlds:/home/sampathkumaritagi/ros_ws/install/diff_drive_controller:/home/sampathkumaritagi/ros_ws/install/rosbot_xl_utils:/home/sampathkumaritagi/ros_ws/install/rosbot_xl_gazebo:/home/sampathkumaritagi/ros_ws/install/rosbot_xl_bringup:/home/sampathkumaritagi/ros_ws/install/rosbot_xl_controller:/opt/ros/humble /usr/bin/cmake --install /home/sampathkumaritagi/ros_ws/build/rosbot_xl_description
