running develop
running egg_info
creating rosbot_xl_utils.egg-info
writing rosbot_xl_utils.egg-info/PKG-INFO
writing dependency_links to rosbot_xl_utils.egg-info/dependency_links.txt
writing entry points to rosbot_xl_utils.egg-info/entry_points.txt
writing requirements to rosbot_xl_utils.egg-info/requires.txt
writing top-level names to rosbot_xl_utils.egg-info/top_level.txt
writing manifest file 'rosbot_xl_utils.egg-info/SOURCES.txt'
reading manifest file 'rosbot_xl_utils.egg-info/SOURCES.txt'
writing manifest file 'rosbot_xl_utils.egg-info/SOURCES.txt'
running build_ext
Creating /home/sampathkumaritagi/ros_ws/install/rosbot_xl_utils/lib/python3.10/site-packages/rosbot-xl-utils.egg-link (link to .)
Installing flash_firmware script to /home/sampathkumaritagi/ros_ws/install/rosbot_xl_utils/lib/rosbot_xl_utils

Installed /home/sampathkumaritagi/ros_ws/build/rosbot_xl_utils
running symlink_data
creating /home/sampathkumaritagi/ros_ws/install/rosbot_xl_utils/share/ament_index
creating /home/sampathkumaritagi/ros_ws/install/rosbot_xl_utils/share/ament_index/resource_index
creating /home/sampathkumaritagi/ros_ws/install/rosbot_xl_utils/share/ament_index/resource_index/packages
symbolically linking /home/sampathkumaritagi/ros_ws/build/rosbot_xl_utils/resource/rosbot_xl_utils -> /home/sampathkumaritagi/ros_ws/install/rosbot_xl_utils/share/ament_index/resource_index/packages
symbolically linking /home/sampathkumaritagi/ros_ws/build/rosbot_xl_utils/package.xml -> /home/sampathkumaritagi/ros_ws/install/rosbot_xl_utils/share/rosbot_xl_utils
creating /home/sampathkumaritagi/ros_ws/install/rosbot_xl_utils/share/rosbot_xl_utils/firmware
symbolically linking /home/sampathkumaritagi/ros_ws/build/rosbot_xl_utils/firmware/firmware-v1.4.0.bin -> /home/sampathkumaritagi/ros_ws/install/rosbot_xl_utils/share/rosbot_xl_utils/firmware
