[0.517s] Invoking command in '/home/sampathkumaritagi/ros_ws/build/rosbot_xl_utils': PYTHONPATH=/home/sampathkumaritagi/ros_ws/build/rosbot_xl_utils/prefix_override:/usr/lib/python3/dist-packages/colcon_core/task/python/colcon_distutils_commands:/home/sampathkumaritagi/ros_ws/install/rosbot_xl_utils/lib/python3.10/site-packages:${PYTHONPATH} /usr/bin/python3 -W ignore:setup.py install is deprecated -W ignore:easy_install command is deprecated setup.py develop --editable --build-directory /home/sampathkumaritagi/ros_ws/build/rosbot_xl_utils/build --no-deps symlink_data
[0.715s] running develop
[0.877s] running egg_info
[0.877s] creating rosbot_xl_utils.egg-info
[0.877s] writing rosbot_xl_utils.egg-info/PKG-INFO
[0.877s] writing dependency_links to rosbot_xl_utils.egg-info/dependency_links.txt
[0.878s] writing entry points to rosbot_xl_utils.egg-info/entry_points.txt
[0.878s] writing requirements to rosbot_xl_utils.egg-info/requires.txt
[0.878s] writing top-level names to rosbot_xl_utils.egg-info/top_level.txt
[0.878s] writing manifest file 'rosbot_xl_utils.egg-info/SOURCES.txt'
[0.879s] reading manifest file 'rosbot_xl_utils.egg-info/SOURCES.txt'
[0.879s] writing manifest file 'rosbot_xl_utils.egg-info/SOURCES.txt'
[0.880s] running build_ext
[0.880s] Creating /home/sampathkumaritagi/ros_ws/install/rosbot_xl_utils/lib/python3.10/site-packages/rosbot-xl-utils.egg-link (link to .)
[0.881s] Installing flash_firmware script to /home/sampathkumaritagi/ros_ws/install/rosbot_xl_utils/lib/rosbot_xl_utils
[0.881s] 
[0.881s] Installed /home/sampathkumaritagi/ros_ws/build/rosbot_xl_utils
[0.881s] running symlink_data
[0.881s] creating /home/sampathkumaritagi/ros_ws/install/rosbot_xl_utils/share/ament_index
[0.881s] creating /home/sampathkumaritagi/ros_ws/install/rosbot_xl_utils/share/ament_index/resource_index
[0.881s] creating /home/sampathkumaritagi/ros_ws/install/rosbot_xl_utils/share/ament_index/resource_index/packages
[0.881s] symbolically linking /home/sampathkumaritagi/ros_ws/build/rosbot_xl_utils/resource/rosbot_xl_utils -> /home/sampathkumaritagi/ros_ws/install/rosbot_xl_utils/share/ament_index/resource_index/packages
[0.881s] symbolically linking /home/sampathkumaritagi/ros_ws/build/rosbot_xl_utils/package.xml -> /home/sampathkumaritagi/ros_ws/install/rosbot_xl_utils/share/rosbot_xl_utils
[0.882s] creating /home/sampathkumaritagi/ros_ws/install/rosbot_xl_utils/share/rosbot_xl_utils/firmware
[0.882s] symbolically linking /home/sampathkumaritagi/ros_ws/build/rosbot_xl_utils/firmware/firmware-v1.4.0.bin -> /home/sampathkumaritagi/ros_ws/install/rosbot_xl_utils/share/rosbot_xl_utils/firmware
[0.905s] Invoked command in '/home/sampathkumaritagi/ros_ws/build/rosbot_xl_utils' returned '0': PYTHONPATH=/home/sampathkumaritagi/ros_ws/build/rosbot_xl_utils/prefix_override:/usr/lib/python3/dist-packages/colcon_core/task/python/colcon_distutils_commands:/home/sampathkumaritagi/ros_ws/install/rosbot_xl_utils/lib/python3.10/site-packages:${PYTHONPATH} /usr/bin/python3 -W ignore:setup.py install is deprecated -W ignore:easy_install command is deprecated setup.py develop --editable --build-directory /home/sampathkumaritagi/ros_ws/build/rosbot_xl_utils/build --no-deps symlink_data
