running develop
running egg_info
creating rosbot_xl_controller.egg-info
writing rosbot_xl_controller.egg-info/PKG-INFO
writing dependency_links to rosbot_xl_controller.egg-info/dependency_links.txt
writing entry points to rosbot_xl_controller.egg-info/entry_points.txt
writing requirements to rosbot_xl_controller.egg-info/requires.txt
writing top-level names to rosbot_xl_controller.egg-info/top_level.txt
writing manifest file 'rosbot_xl_controller.egg-info/SOURCES.txt'
reading manifest file 'rosbot_xl_controller.egg-info/SOURCES.txt'
writing manifest file 'rosbot_xl_controller.egg-info/SOURCES.txt'
running build_ext
Creating /home/sampathkumaritagi/ros_ws/install/rosbot_xl_controller/lib/python3.10/site-packages/rosbot-xl-controller.egg-link (link to .)

Installed /home/sampathkumaritagi/ros_ws/build/rosbot_xl_controller
running symlink_data
creating /home/sampathkumaritagi/ros_ws/install/rosbot_xl_controller/share/ament_index
creating /home/sampathkumaritagi/ros_ws/install/rosbot_xl_controller/share/ament_index/resource_index
creating /home/sampathkumaritagi/ros_ws/install/rosbot_xl_controller/share/ament_index/resource_index/packages
symbolically linking /home/sampathkumaritagi/ros_ws/build/rosbot_xl_controller/resource/rosbot_xl_controller -> /home/sampathkumaritagi/ros_ws/install/rosbot_xl_controller/share/ament_index/resource_index/packages
symbolically linking /home/sampathkumaritagi/ros_ws/build/rosbot_xl_controller/package.xml -> /home/sampathkumaritagi/ros_ws/install/rosbot_xl_controller/share/rosbot_xl_controller
creating /home/sampathkumaritagi/ros_ws/install/rosbot_xl_controller/share/rosbot_xl_controller/launch
symbolically linking /home/sampathkumaritagi/ros_ws/build/rosbot_xl_controller/launch/controller.launch.py -> /home/sampathkumaritagi/ros_ws/install/rosbot_xl_controller/share/rosbot_xl_controller/launch
creating /home/sampathkumaritagi/ros_ws/install/rosbot_xl_controller/share/rosbot_xl_controller/config
symbolically linking /home/sampathkumaritagi/ros_ws/build/rosbot_xl_controller/config/mecanum_drive_controller.yaml -> /home/sampathkumaritagi/ros_ws/install/rosbot_xl_controller/share/rosbot_xl_controller/config
symbolically linking /home/sampathkumaritagi/ros_ws/build/rosbot_xl_controller/config/diff_drive_controller.yaml -> /home/sampathkumaritagi/ros_ws/install/rosbot_xl_controller/share/rosbot_xl_controller/config
