[0.496s] Invoking command in '/home/sampathkumaritagi/ros_ws/build/rosbot_xl_controller': CMAKE_PREFIX_PATH=/home/sampathkumaritagi/ros_ws/install/rosbot_xl_description:/home/sampathkumaritagi/ros_ws/install/rosbot_hardware_interfaces:/home/sampathkumaritagi/ros_ws/install/ros_components_description:/home/sampathkumaritagi/ros_ws/install/mecanum_drive_controller:/home/sampathkumaritagi/ros_ws/install/imu_sensor_broadcaster:/home/sampathkumaritagi/ros_ws/install/diff_drive_controller:/home/sampathkumaritagi/ros_ws/install/rosbot_xl:/home/sampathkumaritagi/ros_ws/install/nav2_bringup_custom:/home/sampathkumaritagi/ros_ws/install/micro_ros_agent:/home/sampathkumaritagi/ros_ws/install/micro_ros_msgs:/home/sampathkumaritagi/ros_ws/install/husarion_gz_worlds LD_LIBRARY_PATH=/home/sampathkumaritagi/ros_ws/install/rosbot_hardware_interfaces/lib:/home/sampathkumaritagi/ros_ws/install/mecanum_drive_controller/lib:/home/sampathkumaritagi/ros_ws/install/imu_sensor_broadcaster/lib:/home/sampathkumaritagi/ros_ws/install/diff_drive_controller/lib:/home/sampathkumaritagi/ros_ws/install/micro_ros_agent/lib:/home/sampathkumaritagi/ros_ws/install/micro_ros_msgs/lib:/usr/lib/x86_64-linux-gnu/gazebo-11/plugins:/opt/ros/humble/opt/rviz_ogre_vendor/lib:/opt/ros/humble/lib/x86_64-linux-gnu:/opt/ros/humble/lib PYTHONPATH=/home/sampathkumaritagi/ros_ws/build/rosbot_xl_controller/prefix_override:/usr/lib/python3/dist-packages/colcon_core/task/python/colcon_distutils_commands:/home/sampathkumaritagi/ros_ws/install/rosbot_xl_controller/lib/python3.10/site-packages:${PYTHONPATH} /usr/bin/python3 -W ignore:setup.py install is deprecated -W ignore:easy_install command is deprecated setup.py develop --editable --build-directory /home/sampathkumaritagi/ros_ws/build/rosbot_xl_controller/build --no-deps symlink_data
[0.686s] running develop
[0.824s] running egg_info
[0.824s] creating rosbot_xl_controller.egg-info
[0.824s] writing rosbot_xl_controller.egg-info/PKG-INFO
[0.824s] writing dependency_links to rosbot_xl_controller.egg-info/dependency_links.txt
[0.824s] writing entry points to rosbot_xl_controller.egg-info/entry_points.txt
[0.824s] writing requirements to rosbot_xl_controller.egg-info/requires.txt
[0.824s] writing top-level names to rosbot_xl_controller.egg-info/top_level.txt
[0.824s] writing manifest file 'rosbot_xl_controller.egg-info/SOURCES.txt'
[0.825s] reading manifest file 'rosbot_xl_controller.egg-info/SOURCES.txt'
[0.825s] writing manifest file 'rosbot_xl_controller.egg-info/SOURCES.txt'
[0.826s] running build_ext
[0.827s] Creating /home/sampathkumaritagi/ros_ws/install/rosbot_xl_controller/lib/python3.10/site-packages/rosbot-xl-controller.egg-link (link to .)
[0.827s] 
[0.827s] Installed /home/sampathkumaritagi/ros_ws/build/rosbot_xl_controller
[0.827s] running symlink_data
[0.827s] creating /home/sampathkumaritagi/ros_ws/install/rosbot_xl_controller/share/ament_index
[0.827s] creating /home/sampathkumaritagi/ros_ws/install/rosbot_xl_controller/share/ament_index/resource_index
[0.827s] creating /home/sampathkumaritagi/ros_ws/install/rosbot_xl_controller/share/ament_index/resource_index/packages
[0.827s] symbolically linking /home/sampathkumaritagi/ros_ws/build/rosbot_xl_controller/resource/rosbot_xl_controller -> /home/sampathkumaritagi/ros_ws/install/rosbot_xl_controller/share/ament_index/resource_index/packages
[0.827s] symbolically linking /home/sampathkumaritagi/ros_ws/build/rosbot_xl_controller/package.xml -> /home/sampathkumaritagi/ros_ws/install/rosbot_xl_controller/share/rosbot_xl_controller
[0.827s] creating /home/sampathkumaritagi/ros_ws/install/rosbot_xl_controller/share/rosbot_xl_controller/launch
[0.828s] symbolically linking /home/sampathkumaritagi/ros_ws/build/rosbot_xl_controller/launch/controller.launch.py -> /home/sampathkumaritagi/ros_ws/install/rosbot_xl_controller/share/rosbot_xl_controller/launch
[0.828s] creating /home/sampathkumaritagi/ros_ws/install/rosbot_xl_controller/share/rosbot_xl_controller/config
[0.828s] symbolically linking /home/sampathkumaritagi/ros_ws/build/rosbot_xl_controller/config/mecanum_drive_controller.yaml -> /home/sampathkumaritagi/ros_ws/install/rosbot_xl_controller/share/rosbot_xl_controller/config
[0.828s] symbolically linking /home/sampathkumaritagi/ros_ws/build/rosbot_xl_controller/config/diff_drive_controller.yaml -> /home/sampathkumaritagi/ros_ws/install/rosbot_xl_controller/share/rosbot_xl_controller/config
[0.842s] Invoked command in '/home/sampathkumaritagi/ros_ws/build/rosbot_xl_controller' returned '0': CMAKE_PREFIX_PATH=/home/sampathkumaritagi/ros_ws/install/rosbot_xl_description:/home/sampathkumaritagi/ros_ws/install/rosbot_hardware_interfaces:/home/sampathkumaritagi/ros_ws/install/ros_components_description:/home/sampathkumaritagi/ros_ws/install/mecanum_drive_controller:/home/sampathkumaritagi/ros_ws/install/imu_sensor_broadcaster:/home/sampathkumaritagi/ros_ws/install/diff_drive_controller:/home/sampathkumaritagi/ros_ws/install/rosbot_xl:/home/sampathkumaritagi/ros_ws/install/nav2_bringup_custom:/home/sampathkumaritagi/ros_ws/install/micro_ros_agent:/home/sampathkumaritagi/ros_ws/install/micro_ros_msgs:/home/sampathkumaritagi/ros_ws/install/husarion_gz_worlds LD_LIBRARY_PATH=/home/sampathkumaritagi/ros_ws/install/rosbot_hardware_interfaces/lib:/home/sampathkumaritagi/ros_ws/install/mecanum_drive_controller/lib:/home/sampathkumaritagi/ros_ws/install/imu_sensor_broadcaster/lib:/home/sampathkumaritagi/ros_ws/install/diff_drive_controller/lib:/home/sampathkumaritagi/ros_ws/install/micro_ros_agent/lib:/home/sampathkumaritagi/ros_ws/install/micro_ros_msgs/lib:/usr/lib/x86_64-linux-gnu/gazebo-11/plugins:/opt/ros/humble/opt/rviz_ogre_vendor/lib:/opt/ros/humble/lib/x86_64-linux-gnu:/opt/ros/humble/lib PYTHONPATH=/home/sampathkumaritagi/ros_ws/build/rosbot_xl_controller/prefix_override:/usr/lib/python3/dist-packages/colcon_core/task/python/colcon_distutils_commands:/home/sampathkumaritagi/ros_ws/install/rosbot_xl_controller/lib/python3.10/site-packages:${PYTHONPATH} /usr/bin/python3 -W ignore:setup.py install is deprecated -W ignore:easy_install command is deprecated setup.py develop --editable --build-directory /home/sampathkumaritagi/ros_ws/build/rosbot_xl_controller/build --no-deps symlink_data
