[0.023s] Invoking command in '/home/sampathkumaritagi/ros_ws/build/micro_ros_msgs': CMAKE_PREFIX_PATH=${CMAKE_PREFIX_PATH}:/home/sampathkumaritagi/ros_ws/install/rosbot_xl_utils:/home/sampathkumaritagi/ros_ws/install/rosbot_xl_gazebo:/home/sampathkumaritagi/ros_ws/install/rosbot_xl_bringup:/home/sampathkumaritagi/ros_ws/install/rosbot_xl_controller:/opt/ros/humble /usr/bin/cmake --build /home/sampathkumaritagi/ros_ws/build/micro_ros_msgs -- -j16 -l16
[0.058s] [35m[1mConsolidate compiler generated dependencies of target micro_ros_msgs__rosidl_generator_c[0m
[0.066s] [  2%] Built target micro_ros_msgs__cpp
[0.069s] [ 12%] Built target micro_ros_msgs__rosidl_generator_c
[0.075s] [ 12%] Built target ament_cmake_python_symlink_micro_ros_msgs
[0.075s] [35m[1mConsolidate compiler generated dependencies of target micro_ros_msgs__rosidl_typesupport_fastrtps_cpp[0m
[0.077s] [35m[1mConsolidate compiler generated dependencies of target micro_ros_msgs__rosidl_typesupport_cpp[0m
[0.077s] [35m[1mConsolidate compiler generated dependencies of target micro_ros_msgs__rosidl_typesupport_introspection_cpp[0m
[0.078s] [35m[1mConsolidate compiler generated dependencies of target micro_ros_msgs__rosidl_typesupport_c[0m
[0.078s] [35m[1mConsolidate compiler generated dependencies of target micro_ros_msgs__rosidl_typesupport_introspection_c[0m
[0.080s] [35m[1mConsolidate compiler generated dependencies of target micro_ros_msgs__rosidl_typesupport_fastrtps_c[0m
[0.088s] [ 23%] Built target micro_ros_msgs__rosidl_typesupport_fastrtps_cpp
[0.088s] [ 34%] Built target micro_ros_msgs__rosidl_typesupport_c
[0.089s] [ 44%] Built target micro_ros_msgs__rosidl_typesupport_introspection_cpp
[0.089s] [ 55%] Built target micro_ros_msgs__rosidl_typesupport_cpp
[0.090s] [ 65%] Built target micro_ros_msgs__rosidl_typesupport_introspection_c
[0.095s] [ 76%] Built target micro_ros_msgs__rosidl_typesupport_fastrtps_c
[0.113s] [ 76%] Built target micro_ros_msgs
[0.130s] [ 78%] Built target micro_ros_msgs__py
[0.138s] [35m[1mConsolidate compiler generated dependencies of target micro_ros_msgs__rosidl_generator_py[0m
[0.149s] [ 87%] Built target micro_ros_msgs__rosidl_generator_py
[0.156s] [35m[1mConsolidate compiler generated dependencies of target micro_ros_msgs__rosidl_typesupport_fastrtps_c__pyext[0m
[0.157s] [35m[1mConsolidate compiler generated dependencies of target micro_ros_msgs__rosidl_typesupport_introspection_c__pyext[0m
[0.157s] [35m[1mConsolidate compiler generated dependencies of target micro_ros_msgs__rosidl_typesupport_c__pyext[0m
[0.166s] [ 95%] Built target micro_ros_msgs__rosidl_typesupport_introspection_c__pyext
[0.166s] [ 95%] Built target micro_ros_msgs__rosidl_typesupport_fastrtps_c__pyext
[0.166s] [100%] Built target micro_ros_msgs__rosidl_typesupport_c__pyext
[0.273s] running egg_info
[0.273s] writing micro_ros_msgs.egg-info/PKG-INFO
[0.274s] writing dependency_links to micro_ros_msgs.egg-info/dependency_links.txt
[0.274s] writing top-level names to micro_ros_msgs.egg-info/top_level.txt
[0.274s] reading manifest file 'micro_ros_msgs.egg-info/SOURCES.txt'
[0.274s] writing manifest file 'micro_ros_msgs.egg-info/SOURCES.txt'
[0.290s] [100%] Built target ament_cmake_python_build_micro_ros_msgs_egg
[0.340s] Invoked command in '/home/sampathkumaritagi/ros_ws/build/micro_ros_msgs' returned '0': CMAKE_PREFIX_PATH=${CMAKE_PREFIX_PATH}:/home/sampathkumaritagi/ros_ws/install/rosbot_xl_utils:/home/sampathkumaritagi/ros_ws/install/rosbot_xl_gazebo:/home/sampathkumaritagi/ros_ws/install/rosbot_xl_bringup:/home/sampathkumaritagi/ros_ws/install/rosbot_xl_controller:/opt/ros/humble /usr/bin/cmake --build /home/sampathkumaritagi/ros_ws/build/micro_ros_msgs -- -j16 -l16
[0.341s] Invoking command in '/home/sampathkumaritagi/ros_ws/build/micro_ros_msgs': CMAKE_PREFIX_PATH=${CMAKE_PREFIX_PATH}:/home/sampathkumaritagi/ros_ws/install/rosbot_xl_utils:/home/sampathkumaritagi/ros_ws/install/rosbot_xl_gazebo:/home/sampathkumaritagi/ros_ws/install/rosbot_xl_bringup:/home/sampathkumaritagi/ros_ws/install/rosbot_xl_controller:/opt/ros/humble /usr/bin/cmake --install /home/sampathkumaritagi/ros_ws/build/micro_ros_msgs
[0.348s] -- Install configuration: ""
[0.350s] -- Execute custom install script
[0.351s] -- Up-to-date symlink: /home/sampathkumaritagi/ros_ws/install/micro_ros_msgs/share/ament_index/resource_index/rosidl_interfaces/micro_ros_msgs
[0.351s] -- Up-to-date symlink: /home/sampathkumaritagi/ros_ws/install/micro_ros_msgs/include/micro_ros_msgs/micro_ros_msgs/msg/detail/entity__functions.h
[0.351s] -- Up-to-date symlink: /home/sampathkumaritagi/ros_ws/install/micro_ros_msgs/include/micro_ros_msgs/micro_ros_msgs/msg/detail/entity__struct.h
[0.351s] -- Up-to-date symlink: /home/sampathkumaritagi/ros_ws/install/micro_ros_msgs/include/micro_ros_msgs/micro_ros_msgs/msg/detail/entity__type_support.h
[0.351s] -- Up-to-date symlink: /home/sampathkumaritagi/ros_ws/install/micro_ros_msgs/include/micro_ros_msgs/micro_ros_msgs/msg/detail/graph__functions.h
[0.351s] -- Up-to-date symlink: /home/sampathkumaritagi/ros_ws/install/micro_ros_msgs/include/micro_ros_msgs/micro_ros_msgs/msg/detail/graph__struct.h
[0.351s] -- Up-to-date symlink: /home/sampathkumaritagi/ros_ws/install/micro_ros_msgs/include/micro_ros_msgs/micro_ros_msgs/msg/detail/graph__type_support.h
[0.351s] -- Up-to-date symlink: /home/sampathkumaritagi/ros_ws/install/micro_ros_msgs/include/micro_ros_msgs/micro_ros_msgs/msg/detail/node__functions.h
[0.351s] -- Up-to-date symlink: /home/sampathkumaritagi/ros_ws/install/micro_ros_msgs/include/micro_ros_msgs/micro_ros_msgs/msg/detail/node__struct.h
[0.351s] -- Up-to-date symlink: /home/sampathkumaritagi/ros_ws/install/micro_ros_msgs/include/micro_ros_msgs/micro_ros_msgs/msg/detail/node__type_support.h
[0.351s] -- Up-to-date symlink: /home/sampathkumaritagi/ros_ws/install/micro_ros_msgs/include/micro_ros_msgs/micro_ros_msgs/msg/entity.h
[0.351s] -- Up-to-date symlink: /home/sampathkumaritagi/ros_ws/install/micro_ros_msgs/include/micro_ros_msgs/micro_ros_msgs/msg/graph.h
[0.351s] -- Up-to-date symlink: /home/sampathkumaritagi/ros_ws/install/micro_ros_msgs/include/micro_ros_msgs/micro_ros_msgs/msg/node.h
[0.351s] -- Up-to-date symlink: /home/sampathkumaritagi/ros_ws/install/micro_ros_msgs/include/micro_ros_msgs/micro_ros_msgs/msg/rosidl_generator_c__visibility_control.h
[0.352s] -- Up-to-date symlink: /home/sampathkumaritagi/ros_ws/install/micro_ros_msgs/share/micro_ros_msgs/environment/library_path.sh
[0.352s] -- Up-to-date symlink: /home/sampathkumaritagi/ros_ws/install/micro_ros_msgs/share/micro_ros_msgs/environment/library_path.dsv
[0.352s] -- Up-to-date symlink: /home/sampathkumaritagi/ros_ws/install/micro_ros_msgs/include/micro_ros_msgs/micro_ros_msgs/msg/detail/entity__rosidl_typesupport_fastrtps_c.h
[0.352s] -- Up-to-date symlink: /home/sampathkumaritagi/ros_ws/install/micro_ros_msgs/include/micro_ros_msgs/micro_ros_msgs/msg/detail/graph__rosidl_typesupport_fastrtps_c.h
[0.352s] -- Up-to-date symlink: /home/sampathkumaritagi/ros_ws/install/micro_ros_msgs/include/micro_ros_msgs/micro_ros_msgs/msg/detail/node__rosidl_typesupport_fastrtps_c.h
[0.352s] -- Up-to-date symlink: /home/sampathkumaritagi/ros_ws/install/micro_ros_msgs/include/micro_ros_msgs/micro_ros_msgs/msg/rosidl_typesupport_fastrtps_c__visibility_control.h
[0.352s] -- Up-to-date symlink: /home/sampathkumaritagi/ros_ws/install/micro_ros_msgs/include/micro_ros_msgs/micro_ros_msgs/msg/detail/entity__rosidl_typesupport_introspection_c.h
[0.352s] -- Up-to-date symlink: /home/sampathkumaritagi/ros_ws/install/micro_ros_msgs/include/micro_ros_msgs/micro_ros_msgs/msg/detail/graph__rosidl_typesupport_introspection_c.h
[0.353s] -- Up-to-date symlink: /home/sampathkumaritagi/ros_ws/install/micro_ros_msgs/include/micro_ros_msgs/micro_ros_msgs/msg/detail/node__rosidl_typesupport_introspection_c.h
[0.353s] -- Up-to-date symlink: /home/sampathkumaritagi/ros_ws/install/micro_ros_msgs/include/micro_ros_msgs/micro_ros_msgs/msg/rosidl_typesupport_introspection_c__visibility_control.h
[0.353s] -- Up-to-date symlink: /home/sampathkumaritagi/ros_ws/install/micro_ros_msgs/include/micro_ros_msgs/micro_ros_msgs/msg/detail/entity__builder.hpp
[0.353s] -- Up-to-date symlink: /home/sampathkumaritagi/ros_ws/install/micro_ros_msgs/include/micro_ros_msgs/micro_ros_msgs/msg/detail/entity__struct.hpp
[0.353s] -- Up-to-date symlink: /home/sampathkumaritagi/ros_ws/install/micro_ros_msgs/include/micro_ros_msgs/micro_ros_msgs/msg/detail/entity__traits.hpp
[0.353s] -- Up-to-date symlink: /home/sampathkumaritagi/ros_ws/install/micro_ros_msgs/include/micro_ros_msgs/micro_ros_msgs/msg/detail/entity__type_support.hpp
[0.354s] -- Up-to-date symlink: /home/sampathkumaritagi/ros_ws/install/micro_ros_msgs/include/micro_ros_msgs/micro_ros_msgs/msg/detail/graph__builder.hpp
[0.354s] -- Up-to-date symlink: /home/sampathkumaritagi/ros_ws/install/micro_ros_msgs/include/micro_ros_msgs/micro_ros_msgs/msg/detail/graph__struct.hpp
[0.354s] -- Up-to-date symlink: /home/sampathkumaritagi/ros_ws/install/micro_ros_msgs/include/micro_ros_msgs/micro_ros_msgs/msg/detail/graph__traits.hpp
[0.354s] -- Up-to-date symlink: /home/sampathkumaritagi/ros_ws/install/micro_ros_msgs/include/micro_ros_msgs/micro_ros_msgs/msg/detail/graph__type_support.hpp
[0.354s] -- Up-to-date symlink: /home/sampathkumaritagi/ros_ws/install/micro_ros_msgs/include/micro_ros_msgs/micro_ros_msgs/msg/detail/node__builder.hpp
[0.354s] -- Up-to-date symlink: /home/sampathkumaritagi/ros_ws/install/micro_ros_msgs/include/micro_ros_msgs/micro_ros_msgs/msg/detail/node__struct.hpp
[0.354s] -- Up-to-date symlink: /home/sampathkumaritagi/ros_ws/install/micro_ros_msgs/include/micro_ros_msgs/micro_ros_msgs/msg/detail/node__traits.hpp
[0.354s] -- Up-to-date symlink: /home/sampathkumaritagi/ros_ws/install/micro_ros_msgs/include/micro_ros_msgs/micro_ros_msgs/msg/detail/node__type_support.hpp
[0.355s] -- Up-to-date symlink: /home/sampathkumaritagi/ros_ws/install/micro_ros_msgs/include/micro_ros_msgs/micro_ros_msgs/msg/entity.hpp
[0.355s] -- Up-to-date symlink: /home/sampathkumaritagi/ros_ws/install/micro_ros_msgs/include/micro_ros_msgs/micro_ros_msgs/msg/graph.hpp
[0.355s] -- Up-to-date symlink: /home/sampathkumaritagi/ros_ws/install/micro_ros_msgs/include/micro_ros_msgs/micro_ros_msgs/msg/node.hpp
[0.355s] -- Up-to-date symlink: /home/sampathkumaritagi/ros_ws/install/micro_ros_msgs/include/micro_ros_msgs/micro_ros_msgs/msg/rosidl_generator_cpp__visibility_control.hpp
[0.355s] -- Up-to-date symlink: /home/sampathkumaritagi/ros_ws/install/micro_ros_msgs/include/micro_ros_msgs/micro_ros_msgs/msg/detail/entity__rosidl_typesupport_fastrtps_cpp.hpp
[0.355s] -- Up-to-date symlink: /home/sampathkumaritagi/ros_ws/install/micro_ros_msgs/include/micro_ros_msgs/micro_ros_msgs/msg/detail/graph__rosidl_typesupport_fastrtps_cpp.hpp
[0.356s] -- Up-to-date symlink: /home/sampathkumaritagi/ros_ws/install/micro_ros_msgs/include/micro_ros_msgs/micro_ros_msgs/msg/detail/node__rosidl_typesupport_fastrtps_cpp.hpp
[0.356s] -- Up-to-date symlink: /home/sampathkumaritagi/ros_ws/install/micro_ros_msgs/include/micro_ros_msgs/micro_ros_msgs/msg/rosidl_typesupport_fastrtps_cpp__visibility_control.h
[0.356s] -- Up-to-date symlink: /home/sampathkumaritagi/ros_ws/install/micro_ros_msgs/include/micro_ros_msgs/micro_ros_msgs/msg/detail/entity__rosidl_typesupport_introspection_cpp.hpp
[0.356s] -- Up-to-date symlink: /home/sampathkumaritagi/ros_ws/install/micro_ros_msgs/include/micro_ros_msgs/micro_ros_msgs/msg/detail/graph__rosidl_typesupport_introspection_cpp.hpp
[0.356s] -- Up-to-date symlink: /home/sampathkumaritagi/ros_ws/install/micro_ros_msgs/include/micro_ros_msgs/micro_ros_msgs/msg/detail/node__rosidl_typesupport_introspection_cpp.hpp
[0.356s] -- Up-to-date symlink: /home/sampathkumaritagi/ros_ws/install/micro_ros_msgs/share/micro_ros_msgs/environment/pythonpath.sh
[0.357s] -- Up-to-date symlink: /home/sampathkumaritagi/ros_ws/install/micro_ros_msgs/share/micro_ros_msgs/environment/pythonpath.dsv
[0.357s] -- Up-to-date symlink: /home/sampathkumaritagi/ros_ws/install/micro_ros_msgs/local/lib/python3.10/dist-packages/micro_ros_msgs-3.0.1-py3.10.egg-info/PKG-INFO
[0.357s] -- Up-to-date symlink: /home/sampathkumaritagi/ros_ws/install/micro_ros_msgs/local/lib/python3.10/dist-packages/micro_ros_msgs-3.0.1-py3.10.egg-info/SOURCES.txt
[0.357s] -- Up-to-date symlink: /home/sampathkumaritagi/ros_ws/install/micro_ros_msgs/local/lib/python3.10/dist-packages/micro_ros_msgs-3.0.1-py3.10.egg-info/dependency_links.txt
[0.357s] -- Up-to-date symlink: /home/sampathkumaritagi/ros_ws/install/micro_ros_msgs/local/lib/python3.10/dist-packages/micro_ros_msgs-3.0.1-py3.10.egg-info/top_level.txt
[0.358s] -- Up-to-date symlink: /home/sampathkumaritagi/ros_ws/install/micro_ros_msgs/local/lib/python3.10/dist-packages/micro_ros_msgs/__init__.py
[0.358s] -- Up-to-date symlink: /home/sampathkumaritagi/ros_ws/install/micro_ros_msgs/local/lib/python3.10/dist-packages/micro_ros_msgs/_micro_ros_msgs_s.ep.rosidl_typesupport_c.c
[0.358s] -- Up-to-date symlink: /home/sampathkumaritagi/ros_ws/install/micro_ros_msgs/local/lib/python3.10/dist-packages/micro_ros_msgs/_micro_ros_msgs_s.ep.rosidl_typesupport_fastrtps_c.c
[0.358s] -- Up-to-date symlink: /home/sampathkumaritagi/ros_ws/install/micro_ros_msgs/local/lib/python3.10/dist-packages/micro_ros_msgs/_micro_ros_msgs_s.ep.rosidl_typesupport_introspection_c.c
[0.358s] -- Up-to-date symlink: /home/sampathkumaritagi/ros_ws/install/micro_ros_msgs/local/lib/python3.10/dist-packages/micro_ros_msgs/libmicro_ros_msgs__rosidl_generator_py.so
[0.358s] -- Up-to-date symlink: /home/sampathkumaritagi/ros_ws/install/micro_ros_msgs/local/lib/python3.10/dist-packages/micro_ros_msgs/micro_ros_msgs_s__rosidl_typesupport_c.cpython-310-x86_64-linux-gnu.so
[0.358s] -- Up-to-date symlink: /home/sampathkumaritagi/ros_ws/install/micro_ros_msgs/local/lib/python3.10/dist-packages/micro_ros_msgs/micro_ros_msgs_s__rosidl_typesupport_fastrtps_c.cpython-310-x86_64-linux-gnu.so
[0.358s] -- Up-to-date symlink: /home/sampathkumaritagi/ros_ws/install/micro_ros_msgs/local/lib/python3.10/dist-packages/micro_ros_msgs/micro_ros_msgs_s__rosidl_typesupport_introspection_c.cpython-310-x86_64-linux-gnu.so
[0.359s] -- Up-to-date symlink: /home/sampathkumaritagi/ros_ws/install/micro_ros_msgs/local/lib/python3.10/dist-packages/micro_ros_msgs/msg/__init__.py
[0.359s] -- Up-to-date symlink: /home/sampathkumaritagi/ros_ws/install/micro_ros_msgs/local/lib/python3.10/dist-packages/micro_ros_msgs/msg/_entity.py
[0.359s] -- Up-to-date symlink: /home/sampathkumaritagi/ros_ws/install/micro_ros_msgs/local/lib/python3.10/dist-packages/micro_ros_msgs/msg/_entity_s.c
[0.359s] -- Up-to-date symlink: /home/sampathkumaritagi/ros_ws/install/micro_ros_msgs/local/lib/python3.10/dist-packages/micro_ros_msgs/msg/_graph.py
[0.359s] -- Up-to-date symlink: /home/sampathkumaritagi/ros_ws/install/micro_ros_msgs/local/lib/python3.10/dist-packages/micro_ros_msgs/msg/_graph_s.c
[0.359s] -- Up-to-date symlink: /home/sampathkumaritagi/ros_ws/install/micro_ros_msgs/local/lib/python3.10/dist-packages/micro_ros_msgs/msg/_node.py
[0.359s] -- Up-to-date symlink: /home/sampathkumaritagi/ros_ws/install/micro_ros_msgs/local/lib/python3.10/dist-packages/micro_ros_msgs/msg/_node_s.c
[0.360s] -- Up-to-date symlink: /home/sampathkumaritagi/ros_ws/install/micro_ros_msgs/local/lib/python3.10/dist-packages/micro_ros_msgs/micro_ros_msgs_s__rosidl_typesupport_fastrtps_c.cpython-310-x86_64-linux-gnu.so
[0.360s] -- Up-to-date symlink: /home/sampathkumaritagi/ros_ws/install/micro_ros_msgs/local/lib/python3.10/dist-packages/micro_ros_msgs/micro_ros_msgs_s__rosidl_typesupport_introspection_c.cpython-310-x86_64-linux-gnu.so
[0.360s] -- Up-to-date symlink: /home/sampathkumaritagi/ros_ws/install/micro_ros_msgs/local/lib/python3.10/dist-packages/micro_ros_msgs/micro_ros_msgs_s__rosidl_typesupport_c.cpython-310-x86_64-linux-gnu.so
[0.360s] -- Up-to-date symlink: /home/sampathkumaritagi/ros_ws/install/micro_ros_msgs/share/micro_ros_msgs/msg/Graph.idl
[0.360s] -- Up-to-date symlink: /home/sampathkumaritagi/ros_ws/install/micro_ros_msgs/share/micro_ros_msgs/msg/Node.idl
[0.360s] -- Up-to-date symlink: /home/sampathkumaritagi/ros_ws/install/micro_ros_msgs/share/micro_ros_msgs/msg/Entity.idl
[0.361s] -- Up-to-date symlink: /home/sampathkumaritagi/ros_ws/install/micro_ros_msgs/share/micro_ros_msgs/msg/Graph.msg
[0.361s] -- Up-to-date symlink: /home/sampathkumaritagi/ros_ws/install/micro_ros_msgs/share/micro_ros_msgs/msg/Node.msg
[0.361s] -- Up-to-date symlink: /home/sampathkumaritagi/ros_ws/install/micro_ros_msgs/share/micro_ros_msgs/msg/Entity.msg
[0.361s] -- Up-to-date symlink: /home/sampathkumaritagi/ros_ws/install/micro_ros_msgs/share/ament_index/resource_index/package_run_dependencies/micro_ros_msgs
[0.361s] -- Up-to-date symlink: /home/sampathkumaritagi/ros_ws/install/micro_ros_msgs/share/ament_index/resource_index/parent_prefix_path/micro_ros_msgs
[0.361s] -- Up-to-date symlink: /home/sampathkumaritagi/ros_ws/install/micro_ros_msgs/share/micro_ros_msgs/environment/ament_prefix_path.sh
[0.361s] -- Up-to-date symlink: /home/sampathkumaritagi/ros_ws/install/micro_ros_msgs/share/micro_ros_msgs/environment/ament_prefix_path.dsv
[0.362s] -- Up-to-date symlink: /home/sampathkumaritagi/ros_ws/install/micro_ros_msgs/share/micro_ros_msgs/environment/path.sh
[0.362s] -- Up-to-date symlink: /home/sampathkumaritagi/ros_ws/install/micro_ros_msgs/share/micro_ros_msgs/environment/path.dsv
[0.362s] -- Up-to-date symlink: /home/sampathkumaritagi/ros_ws/install/micro_ros_msgs/share/micro_ros_msgs/local_setup.bash
[0.362s] -- Up-to-date symlink: /home/sampathkumaritagi/ros_ws/install/micro_ros_msgs/share/micro_ros_msgs/local_setup.sh
[0.362s] -- Up-to-date symlink: /home/sampathkumaritagi/ros_ws/install/micro_ros_msgs/share/micro_ros_msgs/local_setup.zsh
[0.362s] -- Up-to-date symlink: /home/sampathkumaritagi/ros_ws/install/micro_ros_msgs/share/micro_ros_msgs/local_setup.dsv
[0.362s] -- Symlinking: /home/sampathkumaritagi/ros_ws/install/micro_ros_msgs/share/micro_ros_msgs/package.dsv
[0.369s] -- Up-to-date symlink: /home/sampathkumaritagi/ros_ws/install/micro_ros_msgs/share/ament_index/resource_index/packages/micro_ros_msgs
[0.369s] -- Up-to-date symlink: /home/sampathkumaritagi/ros_ws/install/micro_ros_msgs/share/micro_ros_msgs/cmake/rosidl_cmake-extras.cmake
[0.369s] -- Up-to-date symlink: /home/sampathkumaritagi/ros_ws/install/micro_ros_msgs/share/micro_ros_msgs/cmake/ament_cmake_export_include_directories-extras.cmake
[0.369s] -- Up-to-date symlink: /home/sampathkumaritagi/ros_ws/install/micro_ros_msgs/share/micro_ros_msgs/cmake/ament_cmake_export_libraries-extras.cmake
[0.370s] -- Up-to-date symlink: /home/sampathkumaritagi/ros_ws/install/micro_ros_msgs/share/micro_ros_msgs/cmake/ament_cmake_export_targets-extras.cmake
[0.370s] -- Up-to-date symlink: /home/sampathkumaritagi/ros_ws/install/micro_ros_msgs/share/micro_ros_msgs/cmake/rosidl_cmake_export_typesupport_targets-extras.cmake
[0.370s] -- Up-to-date symlink: /home/sampathkumaritagi/ros_ws/install/micro_ros_msgs/share/micro_ros_msgs/cmake/ament_cmake_export_dependencies-extras.cmake
[0.370s] -- Up-to-date symlink: /home/sampathkumaritagi/ros_ws/install/micro_ros_msgs/share/micro_ros_msgs/cmake/rosidl_cmake_export_typesupport_libraries-extras.cmake
[0.370s] -- Up-to-date symlink: /home/sampathkumaritagi/ros_ws/install/micro_ros_msgs/share/micro_ros_msgs/cmake/micro_ros_msgsConfig.cmake
[0.370s] -- Up-to-date symlink: /home/sampathkumaritagi/ros_ws/install/micro_ros_msgs/share/micro_ros_msgs/cmake/micro_ros_msgsConfig-version.cmake
[0.370s] -- Up-to-date symlink: /home/sampathkumaritagi/ros_ws/install/micro_ros_msgs/share/micro_ros_msgs/package.xml
[0.371s] -- Up-to-date: /home/sampathkumaritagi/ros_ws/install/micro_ros_msgs/lib/libmicro_ros_msgs__rosidl_generator_c.so
[0.371s] -- Up-to-date: /home/sampathkumaritagi/ros_ws/install/micro_ros_msgs/lib/libmicro_ros_msgs__rosidl_typesupport_fastrtps_c.so
[0.371s] -- Up-to-date: /home/sampathkumaritagi/ros_ws/install/micro_ros_msgs/lib/libmicro_ros_msgs__rosidl_typesupport_introspection_c.so
[0.371s] -- Up-to-date: /home/sampathkumaritagi/ros_ws/install/micro_ros_msgs/lib/libmicro_ros_msgs__rosidl_typesupport_c.so
[0.372s] -- Up-to-date: /home/sampathkumaritagi/ros_ws/install/micro_ros_msgs/lib/libmicro_ros_msgs__rosidl_typesupport_fastrtps_cpp.so
[0.372s] -- Up-to-date: /home/sampathkumaritagi/ros_ws/install/micro_ros_msgs/lib/libmicro_ros_msgs__rosidl_typesupport_introspection_cpp.so
[0.372s] -- Up-to-date: /home/sampathkumaritagi/ros_ws/install/micro_ros_msgs/lib/libmicro_ros_msgs__rosidl_typesupport_cpp.so
[0.397s] Listing '/home/sampathkumaritagi/ros_ws/install/micro_ros_msgs/local/lib/python3.10/dist-packages/micro_ros_msgs'...
[0.397s] Listing '/home/sampathkumaritagi/ros_ws/install/micro_ros_msgs/local/lib/python3.10/dist-packages/micro_ros_msgs/msg'...
[0.401s] -- Up-to-date: /home/sampathkumaritagi/ros_ws/install/micro_ros_msgs/lib/libmicro_ros_msgs__rosidl_generator_py.so
[0.401s] -- Up-to-date: /home/sampathkumaritagi/ros_ws/install/micro_ros_msgs/share/micro_ros_msgs/cmake/export_micro_ros_msgs__rosidl_generator_cExport.cmake
[0.402s] -- Up-to-date: /home/sampathkumaritagi/ros_ws/install/micro_ros_msgs/share/micro_ros_msgs/cmake/export_micro_ros_msgs__rosidl_generator_cExport-noconfig.cmake
[0.402s] -- Up-to-date: /home/sampathkumaritagi/ros_ws/install/micro_ros_msgs/share/micro_ros_msgs/cmake/export_micro_ros_msgs__rosidl_typesupport_fastrtps_cExport.cmake
[0.402s] -- Up-to-date: /home/sampathkumaritagi/ros_ws/install/micro_ros_msgs/share/micro_ros_msgs/cmake/export_micro_ros_msgs__rosidl_typesupport_fastrtps_cExport-noconfig.cmake
[0.402s] -- Up-to-date: /home/sampathkumaritagi/ros_ws/install/micro_ros_msgs/share/micro_ros_msgs/cmake/micro_ros_msgs__rosidl_typesupport_introspection_cExport.cmake
[0.402s] -- Up-to-date: /home/sampathkumaritagi/ros_ws/install/micro_ros_msgs/share/micro_ros_msgs/cmake/micro_ros_msgs__rosidl_typesupport_introspection_cExport-noconfig.cmake
[0.402s] -- Up-to-date: /home/sampathkumaritagi/ros_ws/install/micro_ros_msgs/share/micro_ros_msgs/cmake/micro_ros_msgs__rosidl_typesupport_cExport.cmake
[0.402s] -- Up-to-date: /home/sampathkumaritagi/ros_ws/install/micro_ros_msgs/share/micro_ros_msgs/cmake/micro_ros_msgs__rosidl_typesupport_cExport-noconfig.cmake
[0.402s] -- Up-to-date: /home/sampathkumaritagi/ros_ws/install/micro_ros_msgs/share/micro_ros_msgs/cmake/export_micro_ros_msgs__rosidl_generator_cppExport.cmake
[0.404s] -- Up-to-date: /home/sampathkumaritagi/ros_ws/install/micro_ros_msgs/share/micro_ros_msgs/cmake/export_micro_ros_msgs__rosidl_typesupport_fastrtps_cppExport.cmake
[0.404s] -- Up-to-date: /home/sampathkumaritagi/ros_ws/install/micro_ros_msgs/share/micro_ros_msgs/cmake/export_micro_ros_msgs__rosidl_typesupport_fastrtps_cppExport-noconfig.cmake
[0.404s] -- Up-to-date: /home/sampathkumaritagi/ros_ws/install/micro_ros_msgs/share/micro_ros_msgs/cmake/micro_ros_msgs__rosidl_typesupport_introspection_cppExport.cmake
[0.404s] -- Up-to-date: /home/sampathkumaritagi/ros_ws/install/micro_ros_msgs/share/micro_ros_msgs/cmake/micro_ros_msgs__rosidl_typesupport_introspection_cppExport-noconfig.cmake
[0.404s] -- Up-to-date: /home/sampathkumaritagi/ros_ws/install/micro_ros_msgs/share/micro_ros_msgs/cmake/micro_ros_msgs__rosidl_typesupport_cppExport.cmake
[0.405s] -- Up-to-date: /home/sampathkumaritagi/ros_ws/install/micro_ros_msgs/share/micro_ros_msgs/cmake/micro_ros_msgs__rosidl_typesupport_cppExport-noconfig.cmake
[0.405s] -- Up-to-date: /home/sampathkumaritagi/ros_ws/install/micro_ros_msgs/share/micro_ros_msgs/cmake/export_micro_ros_msgs__rosidl_generator_pyExport.cmake
[0.405s] -- Up-to-date: /home/sampathkumaritagi/ros_ws/install/micro_ros_msgs/share/micro_ros_msgs/cmake/export_micro_ros_msgs__rosidl_generator_pyExport-noconfig.cmake
[0.407s] Invoked command in '/home/sampathkumaritagi/ros_ws/build/micro_ros_msgs' returned '0': CMAKE_PREFIX_PATH=${CMAKE_PREFIX_PATH}:/home/sampathkumaritagi/ros_ws/install/rosbot_xl_utils:/home/sampathkumaritagi/ros_ws/install/rosbot_xl_gazebo:/home/sampathkumaritagi/ros_ws/install/rosbot_xl_bringup:/home/sampathkumaritagi/ros_ws/install/rosbot_xl_controller:/opt/ros/humble /usr/bin/cmake --install /home/sampathkumaritagi/ros_ws/build/micro_ros_msgs
