[0.021s] Invoking command in '/home/sampathkumaritagi/ros_ws/build/husarion_gz_worlds': CMAKE_PREFIX_PATH=${CMAKE_PREFIX_PATH}:/home/sampathkumaritagi/ros_ws/install/rosbot_xl_utils:/home/sampathkumaritagi/ros_ws/install/rosbot_xl_gazebo:/home/sampathkumaritagi/ros_ws/install/rosbot_xl_bringup:/home/sampathkumaritagi/ros_ws/install/rosbot_xl_controller:/opt/ros/humble /usr/bin/cmake --build /home/sampathkumaritagi/ros_ws/build/husarion_gz_worlds -- -j16 -l16
[0.241s] Invoked command in '/home/sampathkumaritagi/ros_ws/build/husarion_gz_worlds' returned '0': CMAKE_PREFIX_PATH=${CMAKE_PREFIX_PATH}:/home/sampathkumaritagi/ros_ws/install/rosbot_xl_utils:/home/sampathkumaritagi/ros_ws/install/rosbot_xl_gazebo:/home/sampathkumaritagi/ros_ws/install/rosbot_xl_bringup:/home/sampathkumaritagi/ros_ws/install/rosbot_xl_controller:/opt/ros/humble /usr/bin/cmake --build /home/sampathkumaritagi/ros_ws/build/husarion_gz_worlds -- -j16 -l16
[0.242s] Invoking command in '/home/sampathkumaritagi/ros_ws/build/husarion_gz_worlds': CMAKE_PREFIX_PATH=${CMAKE_PREFIX_PATH}:/home/sampathkumaritagi/ros_ws/install/rosbot_xl_utils:/home/sampathkumaritagi/ros_ws/install/rosbot_xl_gazebo:/home/sampathkumaritagi/ros_ws/install/rosbot_xl_bringup:/home/sampathkumaritagi/ros_ws/install/rosbot_xl_controller:/opt/ros/humble /usr/bin/cmake --install /home/sampathkumaritagi/ros_ws/build/husarion_gz_worlds
[0.248s] -- Install configuration: ""
[0.248s] -- Execute custom install script
[0.250s] -- Up-to-date symlink: /home/sampathkumaritagi/ros_ws/install/husarion_gz_worlds/share/husarion_gz_worlds/config/teleop.config
[0.250s] -- Up-to-date symlink: /home/sampathkumaritagi/ros_ws/install/husarion_gz_worlds/share/husarion_gz_worlds/launch/gz_sim.launch.py
[0.253s] -- Up-to-date symlink: /home/sampathkumaritagi/ros_ws/install/husarion_gz_worlds/share/husarion_gz_worlds/models/ConferenceTable/meshes/conference_table.stl
[0.254s] -- Up-to-date symlink: /home/sampathkumaritagi/ros_ws/install/husarion_gz_worlds/share/husarion_gz_worlds/models/ConferenceTable/model.config
[0.254s] -- Up-to-date symlink: /home/sampathkumaritagi/ros_ws/install/husarion_gz_worlds/share/husarion_gz_worlds/models/ConferenceTable/model.sdf
[0.254s] -- Up-to-date symlink: /home/sampathkumaritagi/ros_ws/install/husarion_gz_worlds/share/husarion_gz_worlds/models/Door/meshes/door.stl
[0.254s] -- Up-to-date symlink: /home/sampathkumaritagi/ros_ws/install/husarion_gz_worlds/share/husarion_gz_worlds/models/Door/model.config
[0.254s] -- Up-to-date symlink: /home/sampathkumaritagi/ros_ws/install/husarion_gz_worlds/share/husarion_gz_worlds/models/Door/model.sdf
[0.254s] -- Up-to-date symlink: /home/sampathkumaritagi/ros_ws/install/husarion_gz_worlds/share/husarion_gz_worlds/models/HusarionLogo/meshes/husarion_logo.dae
[0.254s] -- Up-to-date symlink: /home/sampathkumaritagi/ros_ws/install/husarion_gz_worlds/share/husarion_gz_worlds/models/Kitchen/meshes/kitchen.stl
[0.255s] -- Up-to-date symlink: /home/sampathkumaritagi/ros_ws/install/husarion_gz_worlds/share/husarion_gz_worlds/models/Kitchen/model.config
[0.255s] -- Up-to-date symlink: /home/sampathkumaritagi/ros_ws/install/husarion_gz_worlds/share/husarion_gz_worlds/models/Kitchen/model.sdf
[0.255s] -- Up-to-date symlink: /home/sampathkumaritagi/ros_ws/install/husarion_gz_worlds/share/husarion_gz_worlds/models/Laptop/meshes/laptop.stl
[0.256s] -- Up-to-date symlink: /home/sampathkumaritagi/ros_ws/install/husarion_gz_worlds/share/husarion_gz_worlds/models/Laptop/model.config
[0.256s] -- Up-to-date symlink: /home/sampathkumaritagi/ros_ws/install/husarion_gz_worlds/share/husarion_gz_worlds/models/Laptop/model.sdf
[0.257s] -- Up-to-date symlink: /home/sampathkumaritagi/ros_ws/install/husarion_gz_worlds/share/husarion_gz_worlds/models/Rosbot/meshes/astra.dae
[0.257s] -- Up-to-date symlink: /home/sampathkumaritagi/ros_ws/install/husarion_gz_worlds/share/husarion_gz_worlds/models/Rosbot/meshes/box.dae
[0.257s] -- Up-to-date symlink: /home/sampathkumaritagi/ros_ws/install/husarion_gz_worlds/share/husarion_gz_worlds/models/Rosbot/meshes/rplidar.dae
[0.257s] -- Up-to-date symlink: /home/sampathkumaritagi/ros_ws/install/husarion_gz_worlds/share/husarion_gz_worlds/models/Rosbot/meshes/upper.dae
[0.257s] -- Up-to-date symlink: /home/sampathkumaritagi/ros_ws/install/husarion_gz_worlds/share/husarion_gz_worlds/models/Rosbot/meshes/wheel.dae
[0.257s] -- Up-to-date symlink: /home/sampathkumaritagi/ros_ws/install/husarion_gz_worlds/share/husarion_gz_worlds/models/Rosbot/model.config
[0.257s] -- Up-to-date symlink: /home/sampathkumaritagi/ros_ws/install/husarion_gz_worlds/share/husarion_gz_worlds/models/Rosbot/model.sdf
[0.257s] -- Up-to-date symlink: /home/sampathkumaritagi/ros_ws/install/husarion_gz_worlds/share/husarion_gz_worlds/models/Surfaces/meshes/black_concrete.png
[0.258s] -- Up-to-date symlink: /home/sampathkumaritagi/ros_ws/install/husarion_gz_worlds/share/husarion_gz_worlds/models/Surfaces/meshes/floor_1.mtl
[0.258s] -- Up-to-date symlink: /home/sampathkumaritagi/ros_ws/install/husarion_gz_worlds/share/husarion_gz_worlds/models/Surfaces/meshes/floor_1.obj
[0.259s] -- Up-to-date symlink: /home/sampathkumaritagi/ros_ws/install/husarion_gz_worlds/share/husarion_gz_worlds/models/Surfaces/meshes/floor_10.mtl
[0.259s] -- Up-to-date symlink: /home/sampathkumaritagi/ros_ws/install/husarion_gz_worlds/share/husarion_gz_worlds/models/Surfaces/meshes/floor_10.obj
[0.259s] -- Up-to-date symlink: /home/sampathkumaritagi/ros_ws/install/husarion_gz_worlds/share/husarion_gz_worlds/models/Surfaces/meshes/floor_11.mtl
[0.259s] -- Up-to-date symlink: /home/sampathkumaritagi/ros_ws/install/husarion_gz_worlds/share/husarion_gz_worlds/models/Surfaces/meshes/floor_11.obj
[0.259s] -- Up-to-date symlink: /home/sampathkumaritagi/ros_ws/install/husarion_gz_worlds/share/husarion_gz_worlds/models/Surfaces/meshes/floor_12.mtl
[0.259s] -- Up-to-date symlink: /home/sampathkumaritagi/ros_ws/install/husarion_gz_worlds/share/husarion_gz_worlds/models/Surfaces/meshes/floor_12.obj
[0.260s] -- Up-to-date symlink: /home/sampathkumaritagi/ros_ws/install/husarion_gz_worlds/share/husarion_gz_worlds/models/Surfaces/meshes/floor_13.mtl
[0.260s] -- Up-to-date symlink: /home/sampathkumaritagi/ros_ws/install/husarion_gz_worlds/share/husarion_gz_worlds/models/Surfaces/meshes/floor_13.obj
[0.261s] -- Up-to-date symlink: /home/sampathkumaritagi/ros_ws/install/husarion_gz_worlds/share/husarion_gz_worlds/models/Surfaces/meshes/floor_14.mtl
[0.261s] -- Up-to-date symlink: /home/sampathkumaritagi/ros_ws/install/husarion_gz_worlds/share/husarion_gz_worlds/models/Surfaces/meshes/floor_14.obj
[0.261s] -- Up-to-date symlink: /home/sampathkumaritagi/ros_ws/install/husarion_gz_worlds/share/husarion_gz_worlds/models/Surfaces/meshes/floor_2.mtl
[0.261s] -- Up-to-date symlink: /home/sampathkumaritagi/ros_ws/install/husarion_gz_worlds/share/husarion_gz_worlds/models/Surfaces/meshes/floor_2.obj
[0.262s] -- Up-to-date symlink: /home/sampathkumaritagi/ros_ws/install/husarion_gz_worlds/share/husarion_gz_worlds/models/Surfaces/meshes/floor_3.mtl
[0.262s] -- Up-to-date symlink: /home/sampathkumaritagi/ros_ws/install/husarion_gz_worlds/share/husarion_gz_worlds/models/Surfaces/meshes/floor_3.obj
[0.262s] -- Up-to-date symlink: /home/sampathkumaritagi/ros_ws/install/husarion_gz_worlds/share/husarion_gz_worlds/models/Surfaces/meshes/floor_4.mtl
[0.262s] -- Up-to-date symlink: /home/sampathkumaritagi/ros_ws/install/husarion_gz_worlds/share/husarion_gz_worlds/models/Surfaces/meshes/floor_4.obj
[0.262s] -- Up-to-date symlink: /home/sampathkumaritagi/ros_ws/install/husarion_gz_worlds/share/husarion_gz_worlds/models/Surfaces/meshes/floor_5.mtl
[0.262s] -- Up-to-date symlink: /home/sampathkumaritagi/ros_ws/install/husarion_gz_worlds/share/husarion_gz_worlds/models/Surfaces/meshes/floor_5.obj
[0.262s] -- Up-to-date symlink: /home/sampathkumaritagi/ros_ws/install/husarion_gz_worlds/share/husarion_gz_worlds/models/Surfaces/meshes/floor_6.mtl
[0.262s] -- Up-to-date symlink: /home/sampathkumaritagi/ros_ws/install/husarion_gz_worlds/share/husarion_gz_worlds/models/Surfaces/meshes/floor_6.obj
[0.264s] -- Up-to-date symlink: /home/sampathkumaritagi/ros_ws/install/husarion_gz_worlds/share/husarion_gz_worlds/models/Surfaces/meshes/floor_7.mtl
[0.264s] -- Up-to-date symlink: /home/sampathkumaritagi/ros_ws/install/husarion_gz_worlds/share/husarion_gz_worlds/models/Surfaces/meshes/floor_7.obj
[0.264s] -- Up-to-date symlink: /home/sampathkumaritagi/ros_ws/install/husarion_gz_worlds/share/husarion_gz_worlds/models/Surfaces/meshes/floor_8.mtl
[0.264s] -- Up-to-date symlink: /home/sampathkumaritagi/ros_ws/install/husarion_gz_worlds/share/husarion_gz_worlds/models/Surfaces/meshes/floor_8.obj
[0.264s] -- Up-to-date symlink: /home/sampathkumaritagi/ros_ws/install/husarion_gz_worlds/share/husarion_gz_worlds/models/Surfaces/meshes/floor_9.mtl
[0.264s] -- Up-to-date symlink: /home/sampathkumaritagi/ros_ws/install/husarion_gz_worlds/share/husarion_gz_worlds/models/Surfaces/meshes/floor_9.obj
[0.264s] -- Up-to-date symlink: /home/sampathkumaritagi/ros_ws/install/husarion_gz_worlds/share/husarion_gz_worlds/models/Surfaces/meshes/model.material
[0.264s] -- Up-to-date symlink: /home/sampathkumaritagi/ros_ws/install/husarion_gz_worlds/share/husarion_gz_worlds/models/Surfaces/meshes/wall_1.mtl
[0.264s] -- Up-to-date symlink: /home/sampathkumaritagi/ros_ws/install/husarion_gz_worlds/share/husarion_gz_worlds/models/Surfaces/meshes/wall_1.obj
[0.264s] -- Up-to-date symlink: /home/sampathkumaritagi/ros_ws/install/husarion_gz_worlds/share/husarion_gz_worlds/models/Surfaces/meshes/wall_2.mtl
[0.264s] -- Up-to-date symlink: /home/sampathkumaritagi/ros_ws/install/husarion_gz_worlds/share/husarion_gz_worlds/models/Surfaces/meshes/wall_2.obj
[0.264s] -- Up-to-date symlink: /home/sampathkumaritagi/ros_ws/install/husarion_gz_worlds/share/husarion_gz_worlds/models/Surfaces/meshes/white_carpet.png
[0.264s] -- Up-to-date symlink: /home/sampathkumaritagi/ros_ws/install/husarion_gz_worlds/share/husarion_gz_worlds/models/Surfaces/meshes/white_tiles.png
[0.264s] -- Up-to-date symlink: /home/sampathkumaritagi/ros_ws/install/husarion_gz_worlds/share/husarion_gz_worlds/models/Surfaces/meshes/white_wall.png
[0.264s] -- Up-to-date symlink: /home/sampathkumaritagi/ros_ws/install/husarion_gz_worlds/share/husarion_gz_worlds/models/Surfaces/meshes/wood1.png
[0.265s] -- Up-to-date symlink: /home/sampathkumaritagi/ros_ws/install/husarion_gz_worlds/share/husarion_gz_worlds/models/Surfaces/meshes/wood2.png
[0.265s] -- Up-to-date symlink: /home/sampathkumaritagi/ros_ws/install/husarion_gz_worlds/share/husarion_gz_worlds/models/Surfaces/model.config
[0.265s] -- Up-to-date symlink: /home/sampathkumaritagi/ros_ws/install/husarion_gz_worlds/share/husarion_gz_worlds/models/Surfaces/model.sdf
[0.265s] -- Up-to-date symlink: /home/sampathkumaritagi/ros_ws/install/husarion_gz_worlds/share/husarion_gz_worlds/models/Tv/meshes/tv.stl
[0.265s] -- Up-to-date symlink: /home/sampathkumaritagi/ros_ws/install/husarion_gz_worlds/share/husarion_gz_worlds/models/Tv/model.config
[0.265s] -- Up-to-date symlink: /home/sampathkumaritagi/ros_ws/install/husarion_gz_worlds/share/husarion_gz_worlds/models/Tv/model.sdf
[0.265s] -- Up-to-date symlink: /home/sampathkumaritagi/ros_ws/install/husarion_gz_worlds/share/husarion_gz_worlds/models/WaterDispenser/meshes/water_dispenser.dae
[0.265s] -- Up-to-date symlink: /home/sampathkumaritagi/ros_ws/install/husarion_gz_worlds/share/husarion_gz_worlds/models/WaterDispenser/model.config
[0.265s] -- Up-to-date symlink: /home/sampathkumaritagi/ros_ws/install/husarion_gz_worlds/share/husarion_gz_worlds/models/WaterDispenser/model.sdf
[0.265s] -- Up-to-date symlink: /home/sampathkumaritagi/ros_ws/install/husarion_gz_worlds/share/husarion_gz_worlds/worlds/empty_with_plugins.sdf
[0.265s] -- Up-to-date symlink: /home/sampathkumaritagi/ros_ws/install/husarion_gz_worlds/share/husarion_gz_worlds/worlds/husarion_office.sdf
[0.265s] -- Up-to-date symlink: /home/sampathkumaritagi/ros_ws/install/husarion_gz_worlds/share/husarion_gz_worlds/worlds/husarion_world.sdf
[0.265s] -- Up-to-date symlink: /home/sampathkumaritagi/ros_ws/install/husarion_gz_worlds/share/husarion_gz_worlds/worlds/sonoma_raceway.sdf
[0.265s] -- Up-to-date symlink: /home/sampathkumaritagi/ros_ws/install/husarion_gz_worlds/share/husarion_gz_worlds/maps/husarion_world.pgm
[0.265s] -- Up-to-date symlink: /home/sampathkumaritagi/ros_ws/install/husarion_gz_worlds/share/husarion_gz_worlds/maps/husarion_world.yaml
[0.266s] -- Up-to-date symlink: /home/sampathkumaritagi/ros_ws/install/husarion_gz_worlds/share/husarion_gz_worlds/environment/husarion_gz_worlds.sh
[0.266s] -- Up-to-date symlink: /home/sampathkumaritagi/ros_ws/install/husarion_gz_worlds/share/ament_index/resource_index/package_run_dependencies/husarion_gz_worlds
[0.266s] -- Up-to-date symlink: /home/sampathkumaritagi/ros_ws/install/husarion_gz_worlds/share/ament_index/resource_index/parent_prefix_path/husarion_gz_worlds
[0.266s] -- Up-to-date symlink: /home/sampathkumaritagi/ros_ws/install/husarion_gz_worlds/share/husarion_gz_worlds/environment/ament_prefix_path.sh
[0.267s] -- Up-to-date symlink: /home/sampathkumaritagi/ros_ws/install/husarion_gz_worlds/share/husarion_gz_worlds/environment/ament_prefix_path.dsv
[0.267s] -- Up-to-date symlink: /home/sampathkumaritagi/ros_ws/install/husarion_gz_worlds/share/husarion_gz_worlds/environment/path.sh
[0.267s] -- Up-to-date symlink: /home/sampathkumaritagi/ros_ws/install/husarion_gz_worlds/share/husarion_gz_worlds/environment/path.dsv
[0.267s] -- Up-to-date symlink: /home/sampathkumaritagi/ros_ws/install/husarion_gz_worlds/share/husarion_gz_worlds/local_setup.bash
[0.267s] -- Up-to-date symlink: /home/sampathkumaritagi/ros_ws/install/husarion_gz_worlds/share/husarion_gz_worlds/local_setup.sh
[0.267s] -- Up-to-date symlink: /home/sampathkumaritagi/ros_ws/install/husarion_gz_worlds/share/husarion_gz_worlds/local_setup.zsh
[0.267s] -- Up-to-date symlink: /home/sampathkumaritagi/ros_ws/install/husarion_gz_worlds/share/husarion_gz_worlds/local_setup.dsv
[0.267s] -- Symlinking: /home/sampathkumaritagi/ros_ws/install/husarion_gz_worlds/share/husarion_gz_worlds/package.dsv
[0.270s] -- Up-to-date symlink: /home/sampathkumaritagi/ros_ws/install/husarion_gz_worlds/share/ament_index/resource_index/packages/husarion_gz_worlds
[0.270s] -- Up-to-date symlink: /home/sampathkumaritagi/ros_ws/install/husarion_gz_worlds/share/husarion_gz_worlds/cmake/husarion_gz_worldsConfig.cmake
[0.270s] -- Up-to-date symlink: /home/sampathkumaritagi/ros_ws/install/husarion_gz_worlds/share/husarion_gz_worlds/cmake/husarion_gz_worldsConfig-version.cmake
[0.270s] -- Up-to-date symlink: /home/sampathkumaritagi/ros_ws/install/husarion_gz_worlds/share/husarion_gz_worlds/package.xml
[0.314s] Invoked command in '/home/sampathkumaritagi/ros_ws/build/husarion_gz_worlds' returned '0': CMAKE_PREFIX_PATH=${CMAKE_PREFIX_PATH}:/home/sampathkumaritagi/ros_ws/install/rosbot_xl_utils:/home/sampathkumaritagi/ros_ws/install/rosbot_xl_gazebo:/home/sampathkumaritagi/ros_ws/install/rosbot_xl_bringup:/home/sampathkumaritagi/ros_ws/install/rosbot_xl_controller:/opt/ros/humble /usr/bin/cmake --install /home/sampathkumaritagi/ros_ws/build/husarion_gz_worlds
