In file included from [01m[K/home/sampathkumaritagi/ros_ws/src/imu_sensor_broadcaster/include/imu_sensor_broadcaster/imu_sensor_broadcaster.hpp:28[m[K,
                 from [01m[K/home/sampathkumaritagi/ros_ws/src/imu_sensor_broadcaster/src/imu_sensor_broadcaster.cpp:19[m[K:
[01m[K/home/sampathkumaritagi/ros_ws/build/imu_sensor_broadcaster/include/imu_sensor_broadcaster_parameters.hpp:1:169:[m[K [01;36m[Knote: [m[K‘[01m[K#pragma message: #include "imu_sensor_broadcaster_parameters.hpp" is deprecated. Use #include <imu_sensor_broadcaster/imu_sensor_broadcaster_parameters.hpp> instead.[m[K’
    1 | ssage("#include \"imu_sensor_broadcaster_parameters.hpp\" is deprecated. Use #include <imu_sensor_broadcaster/imu_sensor_broadcaster_parameters.hpp> instead."[01;36m[K)[m[K
      |                                                                                                                                                               [01;36m[K^[m[K

In file included from [01m[K/home/sampathkumaritagi/ros_ws/src/imu_sensor_broadcaster/include/imu_sensor_broadcaster/imu_sensor_broadcaster.hpp:31[m[K,
                 from [01m[K/home/sampathkumaritagi/ros_ws/src/imu_sensor_broadcaster/src/imu_sensor_broadcaster.cpp:19[m[K:
[01m[K/opt/ros/humble/include/realtime_tools/realtime_tools/realtime_publisher.h:22:103:[m[K [01;36m[Knote: [m[K‘[01m[K#pragma message: This header include is deprecated. Please update your code to use 'realtime_publisher.hpp' header.[m[K’
   22 |   "This header include is deprecated. Please update your code to use 'realtime_publisher.hpp' header."[01;36m[K)[m[K  //NOLINT
      |                                                                                                       [01;36m[K^[m[K
In file included from [01m[K/home/sampathkumaritagi/ros_ws/src/imu_sensor_broadcaster/include/imu_sensor_broadcaster/imu_sensor_broadcaster.hpp:28[m[K,
                 from [01m[K/home/sampathkumaritagi/ros_ws/src/imu_sensor_broadcaster/test/test_imu_sensor_broadcaster.hpp:27[m[K,
                 from [01m[K/home/sampathkumaritagi/ros_ws/src/imu_sensor_broadcaster/test/test_imu_sensor_broadcaster.cpp:19[m[K:
[01m[K/home/sampathkumaritagi/ros_ws/build/imu_sensor_broadcaster/include/imu_sensor_broadcaster_parameters.hpp:1:169:[m[K [01;36m[Knote: [m[K‘[01m[K#pragma message: #include "imu_sensor_broadcaster_parameters.hpp" is deprecated. Use #include <imu_sensor_broadcaster/imu_sensor_broadcaster_parameters.hpp> instead.[m[K’
    1 | #pragma message("#include \"imu_sensor_broadcaster_parameters.hpp\" is deprecated. Use #include <imu_sensor_broadcaster/imu_sensor_broadcaster_parameters.hpp> instead."[01;36m[K)[m[K
      |                                                                                                                                                                         [01;36m[K^[m[K
In file included from [01m[K/home/sampathkumaritagi/ros_ws/src/imu_sensor_broadcaster/include/imu_sensor_broadcaster/imu_sensor_broadcaster.hpp:31[m[K,
                 from [01m[K/home/sampathkumaritagi/ros_ws/src/imu_sensor_broadcaster/test/test_imu_sensor_broadcaster.hpp:27[m[K,
                 from [01m[K/home/sampathkumaritagi/ros_ws/src/imu_sensor_broadcaster/test/test_imu_sensor_broadcaster.cpp:19[m[K:
[01m[K/opt/ros/humble/include/realtime_tools/realtime_tools/realtime_publisher.h:22:103:[m[K [01;36m[Knote: [m[K‘[01m[K#pragma message: This header include is deprecated. Please update your code to use 'realtime_publisher.hpp' header.[m[K’
   22 |   "This header include is deprecated. Please update your code to use 'realtime_publisher.hpp' header."[01;36m[K)[m[K  //NOLINT
      |                                                                                                       [01;36m[K^[m[K
