[0.023s] Invoking command in '/home/sampathkumaritagi/ros_ws/build/imu_sensor_broadcaster': CMAKE_PREFIX_PATH=${CMAKE_PREFIX_PATH}:/home/sampathkumaritagi/ros_ws/install/rosbot_xl_utils:/home/sampathkumaritagi/ros_ws/install/rosbot_xl_gazebo:/home/sampathkumaritagi/ros_ws/install/rosbot_xl_bringup:/home/sampathkumaritagi/ros_ws/install/rosbot_xl_controller:/opt/ros/humble /usr/bin/cmake /home/sampathkumaritagi/ros_ws/src/imu_sensor_broadcaster -DAMENT_CMAKE_SYMLINK_INSTALL=1 -DCMAKE_INSTALL_PREFIX=/home/sampathkumaritagi/ros_ws/install/imu_sensor_broadcaster
[0.249s] -- The CXX compiler identification is GNU 11.4.0
[0.249s] -- Detecting CXX compiler ABI info
[0.249s] -- Detecting CXX compiler ABI info - done
[0.249s] -- Check for working CXX compiler: /usr/bin/c++ - skipped
[0.249s] -- Detecting CXX compile features
[0.249s] -- Detecting CXX compile features - done
[0.249s] -- Found ament_cmake: 1.3.11 (/opt/ros/humble/share/ament_cmake/cmake)
[0.269s] -- Found Python3: /usr/bin/python3 (found version "3.10.12") found components: Interpreter 
[0.313s] -- Override CMake install command with custom implementation using symlinks instead of copying resources
[0.343s] -- Found controller_interface: 2.50.0 (/opt/ros/humble/share/controller_interface/cmake)
[0.377s] -- Found rosidl_generator_c: 3.1.6 (/opt/ros/humble/share/rosidl_generator_c/cmake)
[0.381s] -- Found rosidl_adapter: 3.1.6 (/opt/ros/humble/share/rosidl_adapter/cmake)
[0.388s] -- Found rosidl_generator_cpp: 3.1.6 (/opt/ros/humble/share/rosidl_generator_cpp/cmake)
[0.397s] -- Using all available rosidl_typesupport_c: rosidl_typesupport_fastrtps_c;rosidl_typesupport_introspection_c
[0.409s] -- Using all available rosidl_typesupport_cpp: rosidl_typesupport_fastrtps_cpp;rosidl_typesupport_introspection_cpp
[0.568s] -- Found rmw_implementation_cmake: 6.1.2 (/opt/ros/humble/share/rmw_implementation_cmake/cmake)
[0.570s] -- Found rmw_fastrtps_cpp: 6.2.7 (/opt/ros/humble/share/rmw_fastrtps_cpp/cmake)
[0.590s] -- Found TinyXML2 via Config file: TinyXML2_DIR-NOTFOUND
[0.637s] -- Found OpenSSL: /usr/lib/x86_64-linux-gnu/libcrypto.so (found version "3.0.2")  
[0.639s] -- Found TinyXML2 via Config file: TinyXML2_DIR-NOTFOUND
[0.652s] -- Found FastRTPS: /opt/ros/humble/include  
[0.654s] -- Found TinyXML2 via Config file: TinyXML2_DIR-NOTFOUND
[0.660s] -- Found TinyXML2 via Config file: TinyXML2_DIR-NOTFOUND
[0.669s] -- Using RMW implementation 'rmw_fastrtps_cpp' as default
[0.676s] -- Looking for C++ include pthread.h
[0.757s] -- Looking for C++ include pthread.h - found
[0.757s] -- Performing Test CMAKE_HAVE_LIBC_PTHREAD
[0.843s] -- Performing Test CMAKE_HAVE_LIBC_PTHREAD - Success
[0.844s] -- Found Threads: TRUE  
[0.882s] -- Found generate_parameter_library: 0.4.0 (/opt/ros/humble/share/generate_parameter_library/cmake)
[0.884s] -- Found parameter_traits: 0.4.0 (/opt/ros/humble/share/parameter_traits/cmake)
[0.901s] -- Found realtime_tools: 2.13.0 (/opt/ros/humble/share/realtime_tools/cmake)
[0.925s] -- Found ament_cmake_gmock: 1.3.11 (/opt/ros/humble/share/ament_cmake_gmock/cmake)
[0.927s] -- Found controller_manager: 2.50.0 (/opt/ros/humble/share/controller_manager/cmake)
[0.945s] -- Found ros2_control_test_assets: 2.50.0 (/opt/ros/humble/share/ros2_control_test_assets/cmake)
[0.948s] -- Found gmock sources under '/opt/ros/humble/src/gmock_vendor': C++ tests using 'Google Mock' will be built
[0.980s] -- The C compiler identification is GNU 11.4.0
[0.985s] -- Detecting C compiler ABI info
[1.057s] -- Detecting C compiler ABI info - done
[1.062s] -- Check for working C compiler: /usr/bin/cc - skipped
[1.062s] -- Detecting C compile features
[1.063s] -- Detecting C compile features - done
[1.066s] -- Found ament_cmake_gtest: 1.3.11 (/opt/ros/humble/share/ament_cmake_gtest/cmake)
[1.067s] -- Found gtest sources under '/opt/ros/humble/src/gtest_vendor': C++ tests using 'Google Test' will be built
[1.087s] -- Found gmock sources under '/opt/ros/humble/src/gmock_vendor': C++ tests using 'Google Mock' will be built
[1.088s] -- Found ament_cmake_gtest: 1.3.11 (/opt/ros/humble/share/ament_cmake_gtest/cmake)
[1.088s] -- Found gtest sources under '/opt/ros/humble/src/gtest_vendor': C++ tests using 'Google Test' will be built
[1.142s] -- Configuring done
[1.208s] -- Generating done
[1.216s] -- Build files have been written to: /home/sampathkumaritagi/ros_ws/build/imu_sensor_broadcaster
[1.230s] Invoked command in '/home/sampathkumaritagi/ros_ws/build/imu_sensor_broadcaster' returned '0': CMAKE_PREFIX_PATH=${CMAKE_PREFIX_PATH}:/home/sampathkumaritagi/ros_ws/install/rosbot_xl_utils:/home/sampathkumaritagi/ros_ws/install/rosbot_xl_gazebo:/home/sampathkumaritagi/ros_ws/install/rosbot_xl_bringup:/home/sampathkumaritagi/ros_ws/install/rosbot_xl_controller:/opt/ros/humble /usr/bin/cmake /home/sampathkumaritagi/ros_ws/src/imu_sensor_broadcaster -DAMENT_CMAKE_SYMLINK_INSTALL=1 -DCMAKE_INSTALL_PREFIX=/home/sampathkumaritagi/ros_ws/install/imu_sensor_broadcaster
[1.230s] Invoking command in '/home/sampathkumaritagi/ros_ws/build/imu_sensor_broadcaster': CMAKE_PREFIX_PATH=${CMAKE_PREFIX_PATH}:/home/sampathkumaritagi/ros_ws/install/rosbot_xl_utils:/home/sampathkumaritagi/ros_ws/install/rosbot_xl_gazebo:/home/sampathkumaritagi/ros_ws/install/rosbot_xl_bringup:/home/sampathkumaritagi/ros_ws/install/rosbot_xl_controller:/opt/ros/humble /usr/bin/cmake --build /home/sampathkumaritagi/ros_ws/build/imu_sensor_broadcaster -- -j16 -l16
[1.266s] [  9%] [34m[1mRunning `/opt/ros/humble/bin/generate_parameter_library_cpp /home/sampathkumaritagi/ros_ws/build/imu_sensor_broadcaster/include/imu_sensor_broadcaster/imu_sensor_broadcaster_parameters.hpp /home/sampathkumaritagi/ros_ws/src/imu_sensor_broadcaster/src/imu_sensor_broadcaster_parameters.yaml `[0m
[1.266s] [ 18%] [32mBuilding CXX object gmock/CMakeFiles/gmock.dir/opt/ros/humble/src/gtest_vendor/src/gtest-all.cc.o[0m
[1.269s] [ 27%] [32mBuilding CXX object gmock/CMakeFiles/gmock.dir/src/gmock-all.cc.o[0m
[1.587s] [ 36%] [34m[1mCreating deprecated header file /home/sampathkumaritagi/ros_ws/build/imu_sensor_broadcaster/include/imu_sensor_broadcaster_parameters.hpp[0m
[1.640s] [ 36%] Built target imu_sensor_broadcaster_parameters
[1.666s] [ 45%] [32mBuilding CXX object CMakeFiles/imu_sensor_broadcaster.dir/src/imu_sensor_broadcaster.cpp.o[0m
[4.098s] In file included from [01m[K/home/sampathkumaritagi/ros_ws/src/imu_sensor_broadcaster/include/imu_sensor_broadcaster/imu_sensor_broadcaster.hpp:28[m[K,
[4.099s]                  from [01m[K/home/sampathkumaritagi/ros_ws/src/imu_sensor_broadcaster/src/imu_sensor_broadcaster.cpp:19[m[K:
[4.099s] [01m[K/home/sampathkumaritagi/ros_ws/build/imu_sensor_broadcaster/include/imu_sensor_broadcaster_parameters.hpp:1:169:[m[K [01;36m[Knote: [m[K‘[01m[K#pragma message: #include "imu_sensor_broadcaster_parameters.hpp" is deprecated. Use #include <imu_sensor_broadcaster/imu_sensor_broadcaster_parameters.hpp> instead.[m[K’
[4.099s]     1 | ssage("#include \"imu_sensor_broadcaster_parameters.hpp\" is deprecated. Use #include <imu_sensor_broadcaster/imu_sensor_broadcaster_parameters.hpp> instead."[01;36m[K)[m[K
[4.099s]       |                                                                                                                                                               [01;36m[K^[m[K
[4.099s] 
[4.174s] In file included from [01m[K/home/sampathkumaritagi/ros_ws/src/imu_sensor_broadcaster/include/imu_sensor_broadcaster/imu_sensor_broadcaster.hpp:31[m[K,
[4.175s]                  from [01m[K/home/sampathkumaritagi/ros_ws/src/imu_sensor_broadcaster/src/imu_sensor_broadcaster.cpp:19[m[K:
[4.175s] [01m[K/opt/ros/humble/include/realtime_tools/realtime_tools/realtime_publisher.h:22:103:[m[K [01;36m[Knote: [m[K‘[01m[K#pragma message: This header include is deprecated. Please update your code to use 'realtime_publisher.hpp' header.[m[K’
[4.175s]    22 |   "This header include is deprecated. Please update your code to use 'realtime_publisher.hpp' header."[01;36m[K)[m[K  //NOLINT
[4.175s]       |                                                                                                       [01;36m[K^[m[K
[4.199s] [ 54%] [32m[1mLinking CXX static library libgmock.a[0m
[4.250s] [ 54%] Built target gmock
[5.880s] [ 63%] [32m[1mLinking CXX shared library libimu_sensor_broadcaster.so[0m
[6.057s] [ 63%] Built target imu_sensor_broadcaster
[6.073s] [ 81%] [32mBuilding CXX object CMakeFiles/test_imu_sensor_broadcaster.dir/test/test_imu_sensor_broadcaster.cpp.o[0m
[6.073s] [ 81%] [32mBuilding CXX object CMakeFiles/test_load_imu_sensor_broadcaster.dir/test/test_load_imu_sensor_broadcaster.cpp.o[0m
[11.433s] In file included from [01m[K/home/sampathkumaritagi/ros_ws/src/imu_sensor_broadcaster/include/imu_sensor_broadcaster/imu_sensor_broadcaster.hpp:28[m[K,
[11.434s]                  from [01m[K/home/sampathkumaritagi/ros_ws/src/imu_sensor_broadcaster/test/test_imu_sensor_broadcaster.hpp:27[m[K,
[11.434s]                  from [01m[K/home/sampathkumaritagi/ros_ws/src/imu_sensor_broadcaster/test/test_imu_sensor_broadcaster.cpp:19[m[K:
[11.434s] [01m[K/home/sampathkumaritagi/ros_ws/build/imu_sensor_broadcaster/include/imu_sensor_broadcaster_parameters.hpp:1:169:[m[K [01;36m[Knote: [m[K‘[01m[K#pragma message: #include "imu_sensor_broadcaster_parameters.hpp" is deprecated. Use #include <imu_sensor_broadcaster/imu_sensor_broadcaster_parameters.hpp> instead.[m[K’
[11.434s]     1 | #pragma message("#include \"imu_sensor_broadcaster_parameters.hpp\" is deprecated. Use #include <imu_sensor_broadcaster/imu_sensor_broadcaster_parameters.hpp> instead."[01;36m[K)[m[K
[11.434s]       |                                                                                                                                                                         [01;36m[K^[m[K
[11.750s] In file included from [01m[K/home/sampathkumaritagi/ros_ws/src/imu_sensor_broadcaster/include/imu_sensor_broadcaster/imu_sensor_broadcaster.hpp:31[m[K,
[11.750s]                  from [01m[K/home/sampathkumaritagi/ros_ws/src/imu_sensor_broadcaster/test/test_imu_sensor_broadcaster.hpp:27[m[K,
[11.750s]                  from [01m[K/home/sampathkumaritagi/ros_ws/src/imu_sensor_broadcaster/test/test_imu_sensor_broadcaster.cpp:19[m[K:
[11.750s] [01m[K/opt/ros/humble/include/realtime_tools/realtime_tools/realtime_publisher.h:22:103:[m[K [01;36m[Knote: [m[K‘[01m[K#pragma message: This header include is deprecated. Please update your code to use 'realtime_publisher.hpp' header.[m[K’
[11.751s]    22 |   "This header include is deprecated. Please update your code to use 'realtime_publisher.hpp' header."[01;36m[K)[m[K  //NOLINT
[11.751s]       |                                                                                                       [01;36m[K^[m[K
[15.238s] [ 90%] [32m[1mLinking CXX executable test_load_imu_sensor_broadcaster[0m
[15.937s] [ 90%] Built target test_load_imu_sensor_broadcaster
[19.468s] [100%] [32m[1mLinking CXX executable test_imu_sensor_broadcaster[0m
[19.972s] [100%] Built target test_imu_sensor_broadcaster
[19.981s] Invoked command in '/home/sampathkumaritagi/ros_ws/build/imu_sensor_broadcaster' returned '0': CMAKE_PREFIX_PATH=${CMAKE_PREFIX_PATH}:/home/sampathkumaritagi/ros_ws/install/rosbot_xl_utils:/home/sampathkumaritagi/ros_ws/install/rosbot_xl_gazebo:/home/sampathkumaritagi/ros_ws/install/rosbot_xl_bringup:/home/sampathkumaritagi/ros_ws/install/rosbot_xl_controller:/opt/ros/humble /usr/bin/cmake --build /home/sampathkumaritagi/ros_ws/build/imu_sensor_broadcaster -- -j16 -l16
[19.982s] Invoking command in '/home/sampathkumaritagi/ros_ws/build/imu_sensor_broadcaster': CMAKE_PREFIX_PATH=${CMAKE_PREFIX_PATH}:/home/sampathkumaritagi/ros_ws/install/rosbot_xl_utils:/home/sampathkumaritagi/ros_ws/install/rosbot_xl_gazebo:/home/sampathkumaritagi/ros_ws/install/rosbot_xl_bringup:/home/sampathkumaritagi/ros_ws/install/rosbot_xl_controller:/opt/ros/humble /usr/bin/cmake --install /home/sampathkumaritagi/ros_ws/build/imu_sensor_broadcaster
[19.988s] -- Install configuration: ""
[19.988s] -- Execute custom install script
[19.988s] -- Symlinking: /home/sampathkumaritagi/ros_ws/install/imu_sensor_broadcaster/include/imu_sensor_broadcaster/imu_sensor_broadcaster_parameters.hpp
[19.995s] -- Symlinking: /home/sampathkumaritagi/ros_ws/install/imu_sensor_broadcaster/share/imu_sensor_broadcaster//imu_sensor_broadcaster.xml
[20.002s] -- Symlinking: /home/sampathkumaritagi/ros_ws/install/imu_sensor_broadcaster/include/imu_sensor_broadcaster/imu_sensor_broadcaster/imu_sensor_broadcaster.hpp
[20.008s] -- Symlinking: /home/sampathkumaritagi/ros_ws/install/imu_sensor_broadcaster/include/imu_sensor_broadcaster/imu_sensor_broadcaster/visibility_control.h
[20.015s] -- Symlinking: /home/sampathkumaritagi/ros_ws/install/imu_sensor_broadcaster/share/imu_sensor_broadcaster/environment/library_path.sh
[20.023s] -- Symlinking: /home/sampathkumaritagi/ros_ws/install/imu_sensor_broadcaster/share/imu_sensor_broadcaster/environment/library_path.dsv
[20.030s] -- Symlinking: /home/sampathkumaritagi/ros_ws/install/imu_sensor_broadcaster/share/ament_index/resource_index/package_run_dependencies/imu_sensor_broadcaster
[20.037s] -- Symlinking: /home/sampathkumaritagi/ros_ws/install/imu_sensor_broadcaster/share/ament_index/resource_index/parent_prefix_path/imu_sensor_broadcaster
[20.043s] -- Symlinking: /home/sampathkumaritagi/ros_ws/install/imu_sensor_broadcaster/share/imu_sensor_broadcaster/environment/ament_prefix_path.sh
[20.050s] -- Symlinking: /home/sampathkumaritagi/ros_ws/install/imu_sensor_broadcaster/share/imu_sensor_broadcaster/environment/ament_prefix_path.dsv
[20.057s] -- Symlinking: /home/sampathkumaritagi/ros_ws/install/imu_sensor_broadcaster/share/imu_sensor_broadcaster/environment/path.sh
[20.063s] -- Symlinking: /home/sampathkumaritagi/ros_ws/install/imu_sensor_broadcaster/share/imu_sensor_broadcaster/environment/path.dsv
[20.070s] -- Symlinking: /home/sampathkumaritagi/ros_ws/install/imu_sensor_broadcaster/share/imu_sensor_broadcaster/local_setup.bash
[20.076s] -- Symlinking: /home/sampathkumaritagi/ros_ws/install/imu_sensor_broadcaster/share/imu_sensor_broadcaster/local_setup.sh
[20.083s] -- Symlinking: /home/sampathkumaritagi/ros_ws/install/imu_sensor_broadcaster/share/imu_sensor_broadcaster/local_setup.zsh
[20.089s] -- Symlinking: /home/sampathkumaritagi/ros_ws/install/imu_sensor_broadcaster/share/imu_sensor_broadcaster/local_setup.dsv
[20.096s] -- Symlinking: /home/sampathkumaritagi/ros_ws/install/imu_sensor_broadcaster/share/imu_sensor_broadcaster/package.dsv
[20.102s] -- Symlinking: /home/sampathkumaritagi/ros_ws/install/imu_sensor_broadcaster/share/ament_index/resource_index/packages/imu_sensor_broadcaster
[20.109s] -- Symlinking: /home/sampathkumaritagi/ros_ws/install/imu_sensor_broadcaster/share/ament_index/resource_index/controller_interface__pluginlib__plugin/imu_sensor_broadcaster
[20.115s] -- Symlinking: /home/sampathkumaritagi/ros_ws/install/imu_sensor_broadcaster/share/imu_sensor_broadcaster/cmake/ament_cmake_export_dependencies-extras.cmake
[20.124s] -- Symlinking: /home/sampathkumaritagi/ros_ws/install/imu_sensor_broadcaster/share/imu_sensor_broadcaster/cmake/ament_cmake_export_targets-extras.cmake
[20.131s] -- Symlinking: /home/sampathkumaritagi/ros_ws/install/imu_sensor_broadcaster/share/imu_sensor_broadcaster/cmake/imu_sensor_broadcasterConfig.cmake
[20.137s] -- Symlinking: /home/sampathkumaritagi/ros_ws/install/imu_sensor_broadcaster/share/imu_sensor_broadcaster/cmake/imu_sensor_broadcasterConfig-version.cmake
[20.143s] -- Symlinking: /home/sampathkumaritagi/ros_ws/install/imu_sensor_broadcaster/share/imu_sensor_broadcaster/package.xml
[20.150s] -- Installing: /home/sampathkumaritagi/ros_ws/install/imu_sensor_broadcaster/lib/libimu_sensor_broadcaster.so
[20.152s] -- Set runtime path of "/home/sampathkumaritagi/ros_ws/install/imu_sensor_broadcaster/lib/libimu_sensor_broadcaster.so" to ""
[20.152s] -- Installing: /home/sampathkumaritagi/ros_ws/install/imu_sensor_broadcaster/share/imu_sensor_broadcaster/cmake/export_imu_sensor_broadcasterExport.cmake
[20.152s] -- Installing: /home/sampathkumaritagi/ros_ws/install/imu_sensor_broadcaster/share/imu_sensor_broadcaster/cmake/export_imu_sensor_broadcasterExport-noconfig.cmake
[20.155s] Invoked command in '/home/sampathkumaritagi/ros_ws/build/imu_sensor_broadcaster' returned '0': CMAKE_PREFIX_PATH=${CMAKE_PREFIX_PATH}:/home/sampathkumaritagi/ros_ws/install/rosbot_xl_utils:/home/sampathkumaritagi/ros_ws/install/rosbot_xl_gazebo:/home/sampathkumaritagi/ros_ws/install/rosbot_xl_bringup:/home/sampathkumaritagi/ros_ws/install/rosbot_xl_controller:/opt/ros/humble /usr/bin/cmake --install /home/sampathkumaritagi/ros_ws/build/imu_sensor_broadcaster
