-- Install configuration: "Release"
-- Execute custom install script
-- Up-to-date symlink: /home/sampathkumaritagi/ros_ws/install/nav2_bringup_custom/share/nav2_bringup_custom/launch/bringup_launch.py
-- Up-to-date symlink: /home/sampathkumaritagi/ros_ws/install/nav2_bringup_custom/share/nav2_bringup_custom/launch/cloned_multi_tb3_simulation_launch.py
-- Up-to-date symlink: /home/sampathkumaritagi/ros_ws/install/nav2_bringup_custom/share/nav2_bringup_custom/launch/localization_launch.py
-- Up-to-date symlink: /home/sampathkumaritagi/ros_ws/install/nav2_bringup_custom/share/nav2_bringup_custom/launch/navigation_launch.py
-- Up-to-date symlink: /home/sampathkumaritagi/ros_ws/install/nav2_bringup_custom/share/nav2_bringup_custom/launch/rviz_launch.py
-- Up-to-date symlink: /home/sampathkumaritagi/ros_ws/install/nav2_bringup_custom/share/nav2_bringup_custom/launch/slam_launch.py
-- Up-to-date symlink: /home/sampathkumaritagi/ros_ws/install/nav2_bringup_custom/share/nav2_bringup_custom/launch/tb3_simulation_launch.py
-- Up-to-date symlink: /home/sampathkumaritagi/ros_ws/install/nav2_bringup_custom/share/nav2_bringup_custom/launch/unique_multi_tb3_simulation_launch.py
-- Up-to-date symlink: /home/sampathkumaritagi/ros_ws/install/nav2_bringup_custom/share/nav2_bringup_custom/maps/turtlebot3_world.pgm
-- Up-to-date symlink: /home/sampathkumaritagi/ros_ws/install/nav2_bringup_custom/share/nav2_bringup_custom/maps/turtlebot3_world.yaml
-- Up-to-date symlink: /home/sampathkumaritagi/ros_ws/install/nav2_bringup_custom/share/nav2_bringup_custom/rviz/nav2_default_view.rviz
-- Up-to-date symlink: /home/sampathkumaritagi/ros_ws/install/nav2_bringup_custom/share/nav2_bringup_custom/rviz/nav2_namespaced_view.rviz
-- Up-to-date symlink: /home/sampathkumaritagi/ros_ws/install/nav2_bringup_custom/share/nav2_bringup_custom/worlds/waffle.model
-- Up-to-date symlink: /home/sampathkumaritagi/ros_ws/install/nav2_bringup_custom/share/nav2_bringup_custom/worlds/world_only.model
-- Up-to-date symlink: /home/sampathkumaritagi/ros_ws/install/nav2_bringup_custom/share/nav2_bringup_custom/params/nav2_multirobot_params_1.yaml
-- Up-to-date symlink: /home/sampathkumaritagi/ros_ws/install/nav2_bringup_custom/share/nav2_bringup_custom/params/nav2_multirobot_params_2.yaml
-- Up-to-date symlink: /home/sampathkumaritagi/ros_ws/install/nav2_bringup_custom/share/nav2_bringup_custom/params/nav2_multirobot_params_all.yaml
-- Up-to-date symlink: /home/sampathkumaritagi/ros_ws/install/nav2_bringup_custom/share/nav2_bringup_custom/params/nav2_params.yaml
-- Up-to-date symlink: /home/sampathkumaritagi/ros_ws/install/nav2_bringup_custom/share/nav2_bringup_custom/urdf/turtlebot3_waffle.urdf
-- Up-to-date symlink: /home/sampathkumaritagi/ros_ws/install/nav2_bringup_custom/share/ament_index/resource_index/package_run_dependencies/nav2_bringup_custom
-- Up-to-date symlink: /home/sampathkumaritagi/ros_ws/install/nav2_bringup_custom/share/ament_index/resource_index/parent_prefix_path/nav2_bringup_custom
-- Up-to-date symlink: /home/sampathkumaritagi/ros_ws/install/nav2_bringup_custom/share/nav2_bringup_custom/environment/ament_prefix_path.sh
-- Up-to-date symlink: /home/sampathkumaritagi/ros_ws/install/nav2_bringup_custom/share/nav2_bringup_custom/environment/ament_prefix_path.dsv
-- Up-to-date symlink: /home/sampathkumaritagi/ros_ws/install/nav2_bringup_custom/share/nav2_bringup_custom/environment/path.sh
-- Up-to-date symlink: /home/sampathkumaritagi/ros_ws/install/nav2_bringup_custom/share/nav2_bringup_custom/environment/path.dsv
-- Up-to-date symlink: /home/sampathkumaritagi/ros_ws/install/nav2_bringup_custom/share/nav2_bringup_custom/local_setup.bash
-- Up-to-date symlink: /home/sampathkumaritagi/ros_ws/install/nav2_bringup_custom/share/nav2_bringup_custom/local_setup.sh
-- Up-to-date symlink: /home/sampathkumaritagi/ros_ws/install/nav2_bringup_custom/share/nav2_bringup_custom/local_setup.zsh
-- Up-to-date symlink: /home/sampathkumaritagi/ros_ws/install/nav2_bringup_custom/share/nav2_bringup_custom/local_setup.dsv
-- Symlinking: /home/sampathkumaritagi/ros_ws/install/nav2_bringup_custom/share/nav2_bringup_custom/package.dsv
-- Up-to-date symlink: /home/sampathkumaritagi/ros_ws/install/nav2_bringup_custom/share/ament_index/resource_index/packages/nav2_bringup_custom
-- Up-to-date symlink: /home/sampathkumaritagi/ros_ws/install/nav2_bringup_custom/share/nav2_bringup_custom/cmake/nav2_bringup_customConfig.cmake
-- Up-to-date symlink: /home/sampathkumaritagi/ros_ws/install/nav2_bringup_custom/share/nav2_bringup_custom/cmake/nav2_bringup_customConfig-version.cmake
-- Up-to-date symlink: /home/sampathkumaritagi/ros_ws/install/nav2_bringup_custom/share/nav2_bringup_custom/package.xml
