[0.030s] Invoking command in '/home/sampathkumaritagi/ros_ws/build/imu_sensor_broadcaster': CMAKE_PREFIX_PATH=${CMAKE_PREFIX_PATH}:/home/sampathkumaritagi/ros_ws/install/rosbot_xl_utils:/home/sampathkumaritagi/ros_ws/install/rosbot_xl_gazebo:/home/sampathkumaritagi/ros_ws/install/rosbot_xl_bringup:/home/sampathkumaritagi/ros_ws/install/rosbot_xl_controller:/opt/ros/humble /usr/bin/cmake --build /home/sampathkumaritagi/ros_ws/build/imu_sensor_broadcaster -- -j16 -l16
[0.064s] [35m[1mConsolidate compiler generated dependencies of target gmock[0m
[0.071s] [ 18%] Built target imu_sensor_broadcaster_parameters
[0.076s] [ 45%] Built target gmock
[0.079s] [35m[1mConsolidate compiler generated dependencies of target imu_sensor_broadcaster[0m
[0.095s] [ 63%] Built target imu_sensor_broadcaster
[0.107s] [35m[1mConsolidate compiler generated dependencies of target test_imu_sensor_broadcaster[0m
[0.107s] [35m[1mConsolidate compiler generated dependencies of target test_load_imu_sensor_broadcaster[0m
[0.123s] [ 81%] Built target test_imu_sensor_broadcaster
[0.124s] [100%] Built target test_load_imu_sensor_broadcaster
[0.258s] Invoked command in '/home/sampathkumaritagi/ros_ws/build/imu_sensor_broadcaster' returned '0': CMAKE_PREFIX_PATH=${CMAKE_PREFIX_PATH}:/home/sampathkumaritagi/ros_ws/install/rosbot_xl_utils:/home/sampathkumaritagi/ros_ws/install/rosbot_xl_gazebo:/home/sampathkumaritagi/ros_ws/install/rosbot_xl_bringup:/home/sampathkumaritagi/ros_ws/install/rosbot_xl_controller:/opt/ros/humble /usr/bin/cmake --build /home/sampathkumaritagi/ros_ws/build/imu_sensor_broadcaster -- -j16 -l16
[0.259s] Invoking command in '/home/sampathkumaritagi/ros_ws/build/imu_sensor_broadcaster': CMAKE_PREFIX_PATH=${CMAKE_PREFIX_PATH}:/home/sampathkumaritagi/ros_ws/install/rosbot_xl_utils:/home/sampathkumaritagi/ros_ws/install/rosbot_xl_gazebo:/home/sampathkumaritagi/ros_ws/install/rosbot_xl_bringup:/home/sampathkumaritagi/ros_ws/install/rosbot_xl_controller:/opt/ros/humble /usr/bin/cmake --install /home/sampathkumaritagi/ros_ws/build/imu_sensor_broadcaster
[0.269s] -- Install configuration: ""
[0.272s] -- Execute custom install script
[0.272s] -- Up-to-date symlink: /home/sampathkumaritagi/ros_ws/install/imu_sensor_broadcaster/include/imu_sensor_broadcaster/imu_sensor_broadcaster_parameters.hpp
[0.272s] -- Up-to-date symlink: /home/sampathkumaritagi/ros_ws/install/imu_sensor_broadcaster/share/imu_sensor_broadcaster//imu_sensor_broadcaster.xml
[0.273s] -- Up-to-date symlink: /home/sampathkumaritagi/ros_ws/install/imu_sensor_broadcaster/include/imu_sensor_broadcaster/imu_sensor_broadcaster/imu_sensor_broadcaster.hpp
[0.273s] -- Up-to-date symlink: /home/sampathkumaritagi/ros_ws/install/imu_sensor_broadcaster/include/imu_sensor_broadcaster/imu_sensor_broadcaster/visibility_control.h
[0.273s] -- Up-to-date symlink: /home/sampathkumaritagi/ros_ws/install/imu_sensor_broadcaster/share/imu_sensor_broadcaster/environment/library_path.sh
[0.273s] -- Up-to-date symlink: /home/sampathkumaritagi/ros_ws/install/imu_sensor_broadcaster/share/imu_sensor_broadcaster/environment/library_path.dsv
[0.273s] -- Up-to-date symlink: /home/sampathkumaritagi/ros_ws/install/imu_sensor_broadcaster/share/ament_index/resource_index/package_run_dependencies/imu_sensor_broadcaster
[0.274s] -- Up-to-date symlink: /home/sampathkumaritagi/ros_ws/install/imu_sensor_broadcaster/share/ament_index/resource_index/parent_prefix_path/imu_sensor_broadcaster
[0.274s] -- Up-to-date symlink: /home/sampathkumaritagi/ros_ws/install/imu_sensor_broadcaster/share/imu_sensor_broadcaster/environment/ament_prefix_path.sh
[0.274s] -- Up-to-date symlink: /home/sampathkumaritagi/ros_ws/install/imu_sensor_broadcaster/share/imu_sensor_broadcaster/environment/ament_prefix_path.dsv
[0.276s] -- Up-to-date symlink: /home/sampathkumaritagi/ros_ws/install/imu_sensor_broadcaster/share/imu_sensor_broadcaster/environment/path.sh
[0.276s] -- Up-to-date symlink: /home/sampathkumaritagi/ros_ws/install/imu_sensor_broadcaster/share/imu_sensor_broadcaster/environment/path.dsv
[0.276s] -- Up-to-date symlink: /home/sampathkumaritagi/ros_ws/install/imu_sensor_broadcaster/share/imu_sensor_broadcaster/local_setup.bash
[0.277s] -- Up-to-date symlink: /home/sampathkumaritagi/ros_ws/install/imu_sensor_broadcaster/share/imu_sensor_broadcaster/local_setup.sh
[0.277s] -- Up-to-date symlink: /home/sampathkumaritagi/ros_ws/install/imu_sensor_broadcaster/share/imu_sensor_broadcaster/local_setup.zsh
[0.277s] -- Up-to-date symlink: /home/sampathkumaritagi/ros_ws/install/imu_sensor_broadcaster/share/imu_sensor_broadcaster/local_setup.dsv
[0.277s] -- Symlinking: /home/sampathkumaritagi/ros_ws/install/imu_sensor_broadcaster/share/imu_sensor_broadcaster/package.dsv
[0.282s] -- Up-to-date symlink: /home/sampathkumaritagi/ros_ws/install/imu_sensor_broadcaster/share/ament_index/resource_index/packages/imu_sensor_broadcaster
[0.283s] -- Up-to-date symlink: /home/sampathkumaritagi/ros_ws/install/imu_sensor_broadcaster/share/ament_index/resource_index/controller_interface__pluginlib__plugin/imu_sensor_broadcaster
[0.283s] -- Up-to-date symlink: /home/sampathkumaritagi/ros_ws/install/imu_sensor_broadcaster/share/imu_sensor_broadcaster/cmake/ament_cmake_export_dependencies-extras.cmake
[0.283s] -- Up-to-date symlink: /home/sampathkumaritagi/ros_ws/install/imu_sensor_broadcaster/share/imu_sensor_broadcaster/cmake/ament_cmake_export_targets-extras.cmake
[0.283s] -- Up-to-date symlink: /home/sampathkumaritagi/ros_ws/install/imu_sensor_broadcaster/share/imu_sensor_broadcaster/cmake/imu_sensor_broadcasterConfig.cmake
[0.283s] -- Up-to-date symlink: /home/sampathkumaritagi/ros_ws/install/imu_sensor_broadcaster/share/imu_sensor_broadcaster/cmake/imu_sensor_broadcasterConfig-version.cmake
[0.283s] -- Up-to-date symlink: /home/sampathkumaritagi/ros_ws/install/imu_sensor_broadcaster/share/imu_sensor_broadcaster/package.xml
[0.283s] -- Up-to-date: /home/sampathkumaritagi/ros_ws/install/imu_sensor_broadcaster/lib/libimu_sensor_broadcaster.so
[0.283s] -- Up-to-date: /home/sampathkumaritagi/ros_ws/install/imu_sensor_broadcaster/share/imu_sensor_broadcaster/cmake/export_imu_sensor_broadcasterExport.cmake
[0.283s] -- Up-to-date: /home/sampathkumaritagi/ros_ws/install/imu_sensor_broadcaster/share/imu_sensor_broadcaster/cmake/export_imu_sensor_broadcasterExport-noconfig.cmake
[0.297s] Invoked command in '/home/sampathkumaritagi/ros_ws/build/imu_sensor_broadcaster' returned '0': CMAKE_PREFIX_PATH=${CMAKE_PREFIX_PATH}:/home/sampathkumaritagi/ros_ws/install/rosbot_xl_utils:/home/sampathkumaritagi/ros_ws/install/rosbot_xl_gazebo:/home/sampathkumaritagi/ros_ws/install/rosbot_xl_bringup:/home/sampathkumaritagi/ros_ws/install/rosbot_xl_controller:/opt/ros/humble /usr/bin/cmake --install /home/sampathkumaritagi/ros_ws/build/imu_sensor_broadcaster
