In file included from [01m[K/home/sampathkumaritagi/ros_ws/src/rosbot_hardware_interfaces/include/rosbot_hardware_interfaces/rosbot_imu_sensor.hpp:14[m[K,
                 from [01m[K/home/sampathkumaritagi/ros_ws/src/rosbot_hardware_interfaces/src/rosbot_imu_sensor.cpp:1[m[K:
[01m[K/opt/ros/humble/include/realtime_tools/realtime_tools/realtime_box.h:22:97:[m[K [01;36m[Knote: [m[K‘[01m[K#pragma message: This header include is deprecated. Please update your code to use 'realtime_box.hpp' header.[m[K’
   22 |   "This header include is deprecated. Please update your code to use 'realtime_box.hpp' header."[01;36m[K)[m[K  //NOLINT
      |                                                                                                 [01;36m[K^[m[K
In file included from [01m[K/home/sampathkumaritagi/ros_ws/src/rosbot_hardware_interfaces/include/rosbot_hardware_interfaces/rosbot_imu_sensor.hpp:15[m[K,
                 from [01m[K/home/sampathkumaritagi/ros_ws/src/rosbot_hardware_interfaces/src/rosbot_imu_sensor.cpp:1[m[K:
[01m[K/opt/ros/humble/include/realtime_tools/realtime_tools/realtime_buffer.h:22:100:[m[K [01;36m[Knote: [m[K‘[01m[K#pragma message: This header include is deprecated. Please update your code to use 'realtime_buffer.hpp' header.[m[K’
   22 |   "This header include is deprecated. Please update your code to use 'realtime_buffer.hpp' header."[01;36m[K)[m[K  //NOLINT
      |                                                                                                    [01;36m[K^[m[K
In file included from [01m[K/home/sampathkumaritagi/ros_ws/src/rosbot_hardware_interfaces/include/rosbot_hardware_interfaces/rosbot_imu_sensor.hpp:16[m[K,
                 from [01m[K/home/sampathkumaritagi/ros_ws/src/rosbot_hardware_interfaces/src/rosbot_imu_sensor.cpp:1[m[K:
[01m[K/opt/ros/humble/include/realtime_tools/realtime_tools/realtime_publisher.h:22:103:[m[K [01;36m[Knote: [m[K‘[01m[K#pragma message: This header include is deprecated. Please update your code to use 'realtime_publisher.hpp' header.[m[K’
   22 |   "This header include is deprecated. Please update your code to use 'realtime_publisher.hpp' header."[01;36m[K)[m[K  //NOLINT
      |                                                                                                       [01;36m[K^[m[K
In file included from [01m[K/home/sampathkumaritagi/ros_ws/src/rosbot_hardware_interfaces/include/rosbot_hardware_interfaces/rosbot_system.hpp:14[m[K,
                 from [01m[K/home/sampathkumaritagi/ros_ws/src/rosbot_hardware_interfaces/src/rosbot_system.cpp:1[m[K:
[01m[K/opt/ros/humble/include/realtime_tools/realtime_tools/realtime_box.h:22:97:[m[K [01;36m[Knote: [m[K‘[01m[K#pragma message: This header include is deprecated. Please update your code to use 'realtime_box.hpp' header.[m[K’
   22 |   "This header include is deprecated. Please update your code to use 'realtime_box.hpp' header."[01;36m[K)[m[K  //NOLINT
      |                                                                                                 [01;36m[K^[m[K
In file included from [01m[K/home/sampathkumaritagi/ros_ws/src/rosbot_hardware_interfaces/include/rosbot_hardware_interfaces/rosbot_system.hpp:15[m[K,
                 from [01m[K/home/sampathkumaritagi/ros_ws/src/rosbot_hardware_interfaces/src/rosbot_system.cpp:1[m[K:
[01m[K/opt/ros/humble/include/realtime_tools/realtime_tools/realtime_buffer.h:22:100:[m[K [01;36m[Knote: [m[K‘[01m[K#pragma message: This header include is deprecated. Please update your code to use 'realtime_buffer.hpp' header.[m[K’
   22 |   "This header include is deprecated. Please update your code to use 'realtime_buffer.hpp' header."[01;36m[K)[m[K  //NOLINT
      |                                                                                                    [01;36m[K^[m[K
In file included from [01m[K/home/sampathkumaritagi/ros_ws/src/rosbot_hardware_interfaces/include/rosbot_hardware_interfaces/rosbot_system.hpp:16[m[K,
                 from [01m[K/home/sampathkumaritagi/ros_ws/src/rosbot_hardware_interfaces/src/rosbot_system.cpp:1[m[K:
[01m[K/opt/ros/humble/include/realtime_tools/realtime_tools/realtime_publisher.h:22:103:[m[K [01;36m[Knote: [m[K‘[01m[K#pragma message: This header include is deprecated. Please update your code to use 'realtime_publisher.hpp' header.[m[K’
   22 |   "This header include is deprecated. Please update your code to use 'realtime_publisher.hpp' header."[01;36m[K)[m[K  //NOLINT
      |                                                                                                       [01;36m[K^[m[K
