[0.010s] Invoking command in '/home/sampathkumaritagi/ros_ws/build/rosbot_hardware_interfaces': CMAKE_PREFIX_PATH=/home/sampathkumaritagi/ros_ws/install/imu_sensor_broadcaster:/home/sampathkumaritagi/ros_ws/install/diff_drive_controller:/home/sampathkumaritagi/ros_ws/install/rosbot_xl:/home/sampathkumaritagi/ros_ws/install/rosbot_xl_description:/home/sampathkumaritagi/ros_ws/install/rosbot_hardware_interfaces:/home/sampathkumaritagi/ros_ws/install/ros_components_description:/home/sampathkumaritagi/ros_ws/install/nav2_bringup_custom:/home/sampathkumaritagi/ros_ws/install/micro_ros_agent:/home/sampathkumaritagi/ros_ws/install/micro_ros_msgs:/home/sampathkumaritagi/ros_ws/install/mecanum_drive_controller:/home/sampathkumaritagi/ros_ws/install/husarion_gz_worlds:/home/sampathkumaritagi/ros_ws/install/rosbot_xl_utils:/home/sampathkumaritagi/ros_ws/install/rosbot_xl_gazebo:/home/sampathkumaritagi/ros_ws/install/rosbot_xl_bringup:/home/sampathkumaritagi/ros_ws/install/rosbot_xl_controller:/opt/ros/humble LD_LIBRARY_PATH=/home/sampathkumaritagi/ros_ws/install/imu_sensor_broadcaster/lib:/home/sampathkumaritagi/ros_ws/install/diff_drive_controller/lib:/home/sampathkumaritagi/ros_ws/install/rosbot_hardware_interfaces/lib:/home/sampathkumaritagi/ros_ws/install/micro_ros_agent/lib:/home/sampathkumaritagi/ros_ws/install/micro_ros_msgs/lib:/home/sampathkumaritagi/ros_ws/install/mecanum_drive_controller/lib:/usr/lib/x86_64-linux-gnu/gazebo-11/plugins:/opt/ros/humble/opt/rviz_ogre_vendor/lib:/opt/ros/humble/lib/x86_64-linux-gnu:/opt/ros/humble/lib /usr/bin/cmake /home/sampathkumaritagi/ros_ws/src/rosbot_hardware_interfaces -DAMENT_CMAKE_SYMLINK_INSTALL=1 -DCMAKE_INSTALL_PREFIX=/home/sampathkumaritagi/ros_ws/install/rosbot_hardware_interfaces
[0.053s] -- The C compiler identification is GNU 11.4.0
[0.093s] -- The CXX compiler identification is GNU 11.4.0
[0.099s] -- Detecting C compiler ABI info
[0.155s] -- Detecting C compiler ABI info - done
[0.160s] -- Check for working C compiler: /usr/bin/cc - skipped
[0.160s] -- Detecting C compile features
[0.160s] -- Detecting C compile features - done
[0.163s] -- Detecting CXX compiler ABI info
[0.224s] -- Detecting CXX compiler ABI info - done
[0.229s] -- Check for working CXX compiler: /usr/bin/c++ - skipped
[0.230s] -- Detecting CXX compile features
[0.230s] -- Detecting CXX compile features - done
[0.232s] -- Found ament_cmake: 1.3.11 (/opt/ros/humble/share/ament_cmake/cmake)
[0.343s] -- Found Python3: /usr/bin/python3 (found version "3.10.12") found components: Interpreter 
[0.386s] -- Override CMake install command with custom implementation using symlinks instead of copying resources
[0.427s] -- Found controller_interface: 2.50.0 (/opt/ros/humble/share/controller_interface/cmake)
[0.470s] -- Found rosidl_generator_c: 3.1.6 (/opt/ros/humble/share/rosidl_generator_c/cmake)
[0.475s] -- Found rosidl_adapter: 3.1.6 (/opt/ros/humble/share/rosidl_adapter/cmake)
[0.483s] -- Found rosidl_generator_cpp: 3.1.6 (/opt/ros/humble/share/rosidl_generator_cpp/cmake)
[0.493s] -- Using all available rosidl_typesupport_c: rosidl_typesupport_fastrtps_c;rosidl_typesupport_introspection_c
[0.507s] -- Using all available rosidl_typesupport_cpp: rosidl_typesupport_fastrtps_cpp;rosidl_typesupport_introspection_cpp
[0.676s] -- Found rmw_implementation_cmake: 6.1.2 (/opt/ros/humble/share/rmw_implementation_cmake/cmake)
[0.679s] -- Found rmw_fastrtps_cpp: 6.2.7 (/opt/ros/humble/share/rmw_fastrtps_cpp/cmake)
[0.701s] -- Found TinyXML2 via Config file: TinyXML2_DIR-NOTFOUND
[0.748s] -- Found OpenSSL: /usr/lib/x86_64-linux-gnu/libcrypto.so (found version "3.0.2")  
[0.750s] -- Found TinyXML2 via Config file: TinyXML2_DIR-NOTFOUND
[0.761s] -- Found FastRTPS: /opt/ros/humble/include  
[0.764s] -- Found TinyXML2 via Config file: TinyXML2_DIR-NOTFOUND
[0.769s] -- Found TinyXML2 via Config file: TinyXML2_DIR-NOTFOUND
[0.777s] -- Using RMW implementation 'rmw_fastrtps_cpp' as default
[0.786s] -- Looking for pthread.h
[0.839s] -- Looking for pthread.h - found
[0.839s] -- Performing Test CMAKE_HAVE_LIBC_PTHREAD
[0.892s] -- Performing Test CMAKE_HAVE_LIBC_PTHREAD - Success
[0.893s] -- Found Threads: TRUE  
[0.933s] -- Found realtime_tools: 2.13.0 (/opt/ros/humble/share/realtime_tools/cmake)
[1.001s] -- Configuring done
[1.021s] -- Generating done
[1.025s] -- Build files have been written to: /home/sampathkumaritagi/ros_ws/build/rosbot_hardware_interfaces
[1.034s] Invoked command in '/home/sampathkumaritagi/ros_ws/build/rosbot_hardware_interfaces' returned '0': CMAKE_PREFIX_PATH=/home/sampathkumaritagi/ros_ws/install/imu_sensor_broadcaster:/home/sampathkumaritagi/ros_ws/install/diff_drive_controller:/home/sampathkumaritagi/ros_ws/install/rosbot_xl:/home/sampathkumaritagi/ros_ws/install/rosbot_xl_description:/home/sampathkumaritagi/ros_ws/install/rosbot_hardware_interfaces:/home/sampathkumaritagi/ros_ws/install/ros_components_description:/home/sampathkumaritagi/ros_ws/install/nav2_bringup_custom:/home/sampathkumaritagi/ros_ws/install/micro_ros_agent:/home/sampathkumaritagi/ros_ws/install/micro_ros_msgs:/home/sampathkumaritagi/ros_ws/install/mecanum_drive_controller:/home/sampathkumaritagi/ros_ws/install/husarion_gz_worlds:/home/sampathkumaritagi/ros_ws/install/rosbot_xl_utils:/home/sampathkumaritagi/ros_ws/install/rosbot_xl_gazebo:/home/sampathkumaritagi/ros_ws/install/rosbot_xl_bringup:/home/sampathkumaritagi/ros_ws/install/rosbot_xl_controller:/opt/ros/humble LD_LIBRARY_PATH=/home/sampathkumaritagi/ros_ws/install/imu_sensor_broadcaster/lib:/home/sampathkumaritagi/ros_ws/install/diff_drive_controller/lib:/home/sampathkumaritagi/ros_ws/install/rosbot_hardware_interfaces/lib:/home/sampathkumaritagi/ros_ws/install/micro_ros_agent/lib:/home/sampathkumaritagi/ros_ws/install/micro_ros_msgs/lib:/home/sampathkumaritagi/ros_ws/install/mecanum_drive_controller/lib:/usr/lib/x86_64-linux-gnu/gazebo-11/plugins:/opt/ros/humble/opt/rviz_ogre_vendor/lib:/opt/ros/humble/lib/x86_64-linux-gnu:/opt/ros/humble/lib /usr/bin/cmake /home/sampathkumaritagi/ros_ws/src/rosbot_hardware_interfaces -DAMENT_CMAKE_SYMLINK_INSTALL=1 -DCMAKE_INSTALL_PREFIX=/home/sampathkumaritagi/ros_ws/install/rosbot_hardware_interfaces
[1.036s] Invoking command in '/home/sampathkumaritagi/ros_ws/build/rosbot_hardware_interfaces': CMAKE_PREFIX_PATH=/home/sampathkumaritagi/ros_ws/install/imu_sensor_broadcaster:/home/sampathkumaritagi/ros_ws/install/diff_drive_controller:/home/sampathkumaritagi/ros_ws/install/rosbot_xl:/home/sampathkumaritagi/ros_ws/install/rosbot_xl_description:/home/sampathkumaritagi/ros_ws/install/rosbot_hardware_interfaces:/home/sampathkumaritagi/ros_ws/install/ros_components_description:/home/sampathkumaritagi/ros_ws/install/nav2_bringup_custom:/home/sampathkumaritagi/ros_ws/install/micro_ros_agent:/home/sampathkumaritagi/ros_ws/install/micro_ros_msgs:/home/sampathkumaritagi/ros_ws/install/mecanum_drive_controller:/home/sampathkumaritagi/ros_ws/install/husarion_gz_worlds:/home/sampathkumaritagi/ros_ws/install/rosbot_xl_utils:/home/sampathkumaritagi/ros_ws/install/rosbot_xl_gazebo:/home/sampathkumaritagi/ros_ws/install/rosbot_xl_bringup:/home/sampathkumaritagi/ros_ws/install/rosbot_xl_controller:/opt/ros/humble LD_LIBRARY_PATH=/home/sampathkumaritagi/ros_ws/install/imu_sensor_broadcaster/lib:/home/sampathkumaritagi/ros_ws/install/diff_drive_controller/lib:/home/sampathkumaritagi/ros_ws/install/rosbot_hardware_interfaces/lib:/home/sampathkumaritagi/ros_ws/install/micro_ros_agent/lib:/home/sampathkumaritagi/ros_ws/install/micro_ros_msgs/lib:/home/sampathkumaritagi/ros_ws/install/mecanum_drive_controller/lib:/usr/lib/x86_64-linux-gnu/gazebo-11/plugins:/opt/ros/humble/opt/rviz_ogre_vendor/lib:/opt/ros/humble/lib/x86_64-linux-gnu:/opt/ros/humble/lib /usr/bin/cmake --build /home/sampathkumaritagi/ros_ws/build/rosbot_hardware_interfaces -- -j16 -l16
[1.075s] [ 33%] [32mBuilding CXX object CMakeFiles/rosbot_hardware_interfaces.dir/src/rosbot_system.cpp.o[0m
[1.075s] [ 66%] [32mBuilding CXX object CMakeFiles/rosbot_hardware_interfaces.dir/src/rosbot_imu_sensor.cpp.o[0m
[2.657s] In file included from [01m[K/home/sampathkumaritagi/ros_ws/src/rosbot_hardware_interfaces/include/rosbot_hardware_interfaces/rosbot_imu_sensor.hpp:14[m[K,
[2.657s]                  from [01m[K/home/sampathkumaritagi/ros_ws/src/rosbot_hardware_interfaces/src/rosbot_imu_sensor.cpp:1[m[K:
[2.657s] [01m[K/opt/ros/humble/include/realtime_tools/realtime_tools/realtime_box.h:22:97:[m[K [01;36m[Knote: [m[K‘[01m[K#pragma message: This header include is deprecated. Please update your code to use 'realtime_box.hpp' header.[m[K’
[2.657s]    22 |   "This header include is deprecated. Please update your code to use 'realtime_box.hpp' header."[01;36m[K)[m[K  //NOLINT
[2.657s]       |                                                                                                 [01;36m[K^[m[K
[2.657s] In file included from [01m[K/home/sampathkumaritagi/ros_ws/src/rosbot_hardware_interfaces/include/rosbot_hardware_interfaces/rosbot_imu_sensor.hpp:15[m[K,
[2.657s]                  from [01m[K/home/sampathkumaritagi/ros_ws/src/rosbot_hardware_interfaces/src/rosbot_imu_sensor.cpp:1[m[K:
[2.657s] [01m[K/opt/ros/humble/include/realtime_tools/realtime_tools/realtime_buffer.h:22:100:[m[K [01;36m[Knote: [m[K‘[01m[K#pragma message: This header include is deprecated. Please update your code to use 'realtime_buffer.hpp' header.[m[K’
[2.657s]    22 |   "This header include is deprecated. Please update your code to use 'realtime_buffer.hpp' header."[01;36m[K)[m[K  //NOLINT
[2.657s]       |                                                                                                    [01;36m[K^[m[K
[2.657s] In file included from [01m[K/home/sampathkumaritagi/ros_ws/src/rosbot_hardware_interfaces/include/rosbot_hardware_interfaces/rosbot_imu_sensor.hpp:16[m[K,
[2.658s]                  from [01m[K/home/sampathkumaritagi/ros_ws/src/rosbot_hardware_interfaces/src/rosbot_imu_sensor.cpp:1[m[K:
[2.658s] [01m[K/opt/ros/humble/include/realtime_tools/realtime_tools/realtime_publisher.h:22:103:[m[K [01;36m[Knote: [m[K‘[01m[K#pragma message: This header include is deprecated. Please update your code to use 'realtime_publisher.hpp' header.[m[K’
[2.658s]    22 |   "This header include is deprecated. Please update your code to use 'realtime_publisher.hpp' header."[01;36m[K)[m[K  //NOLINT
[2.658s]       |                                                                                                       [01;36m[K^[m[K
[2.666s] In file included from [01m[K/home/sampathkumaritagi/ros_ws/src/rosbot_hardware_interfaces/include/rosbot_hardware_interfaces/rosbot_system.hpp:14[m[K,
[2.666s]                  from [01m[K/home/sampathkumaritagi/ros_ws/src/rosbot_hardware_interfaces/src/rosbot_system.cpp:1[m[K:
[2.666s] [01m[K/opt/ros/humble/include/realtime_tools/realtime_tools/realtime_box.h:22:97:[m[K [01;36m[Knote: [m[K‘[01m[K#pragma message: This header include is deprecated. Please update your code to use 'realtime_box.hpp' header.[m[K’
[2.666s]    22 |   "This header include is deprecated. Please update your code to use 'realtime_box.hpp' header."[01;36m[K)[m[K  //NOLINT
[2.666s]       |                                                                                                 [01;36m[K^[m[K
[2.666s] In file included from [01m[K/home/sampathkumaritagi/ros_ws/src/rosbot_hardware_interfaces/include/rosbot_hardware_interfaces/rosbot_system.hpp:15[m[K,
[2.667s]                  from [01m[K/home/sampathkumaritagi/ros_ws/src/rosbot_hardware_interfaces/src/rosbot_system.cpp:1[m[K:
[2.667s] [01m[K/opt/ros/humble/include/realtime_tools/realtime_tools/realtime_buffer.h:22:100:[m[K [01;36m[Knote: [m[K‘[01m[K#pragma message: This header include is deprecated. Please update your code to use 'realtime_buffer.hpp' header.[m[K’
[2.667s]    22 |   "This header include is deprecated. Please update your code to use 'realtime_buffer.hpp' header."[01;36m[K)[m[K  //NOLINT
[2.667s]       |                                                                                                    [01;36m[K^[m[K
[2.667s] In file included from [01m[K/home/sampathkumaritagi/ros_ws/src/rosbot_hardware_interfaces/include/rosbot_hardware_interfaces/rosbot_system.hpp:16[m[K,
[2.667s]                  from [01m[K/home/sampathkumaritagi/ros_ws/src/rosbot_hardware_interfaces/src/rosbot_system.cpp:1[m[K:
[2.667s] [01m[K/opt/ros/humble/include/realtime_tools/realtime_tools/realtime_publisher.h:22:103:[m[K [01;36m[Knote: [m[K‘[01m[K#pragma message: This header include is deprecated. Please update your code to use 'realtime_publisher.hpp' header.[m[K’
[2.667s]    22 |   "This header include is deprecated. Please update your code to use 'realtime_publisher.hpp' header."[01;36m[K)[m[K  //NOLINT
[2.667s]       |                                                                                                       [01;36m[K^[m[K
[7.328s] [100%] [32m[1mLinking CXX shared library librosbot_hardware_interfaces.so[0m
[7.814s] [100%] Built target rosbot_hardware_interfaces
[7.822s] Invoked command in '/home/sampathkumaritagi/ros_ws/build/rosbot_hardware_interfaces' returned '0': CMAKE_PREFIX_PATH=/home/sampathkumaritagi/ros_ws/install/imu_sensor_broadcaster:/home/sampathkumaritagi/ros_ws/install/diff_drive_controller:/home/sampathkumaritagi/ros_ws/install/rosbot_xl:/home/sampathkumaritagi/ros_ws/install/rosbot_xl_description:/home/sampathkumaritagi/ros_ws/install/rosbot_hardware_interfaces:/home/sampathkumaritagi/ros_ws/install/ros_components_description:/home/sampathkumaritagi/ros_ws/install/nav2_bringup_custom:/home/sampathkumaritagi/ros_ws/install/micro_ros_agent:/home/sampathkumaritagi/ros_ws/install/micro_ros_msgs:/home/sampathkumaritagi/ros_ws/install/mecanum_drive_controller:/home/sampathkumaritagi/ros_ws/install/husarion_gz_worlds:/home/sampathkumaritagi/ros_ws/install/rosbot_xl_utils:/home/sampathkumaritagi/ros_ws/install/rosbot_xl_gazebo:/home/sampathkumaritagi/ros_ws/install/rosbot_xl_bringup:/home/sampathkumaritagi/ros_ws/install/rosbot_xl_controller:/opt/ros/humble LD_LIBRARY_PATH=/home/sampathkumaritagi/ros_ws/install/imu_sensor_broadcaster/lib:/home/sampathkumaritagi/ros_ws/install/diff_drive_controller/lib:/home/sampathkumaritagi/ros_ws/install/rosbot_hardware_interfaces/lib:/home/sampathkumaritagi/ros_ws/install/micro_ros_agent/lib:/home/sampathkumaritagi/ros_ws/install/micro_ros_msgs/lib:/home/sampathkumaritagi/ros_ws/install/mecanum_drive_controller/lib:/usr/lib/x86_64-linux-gnu/gazebo-11/plugins:/opt/ros/humble/opt/rviz_ogre_vendor/lib:/opt/ros/humble/lib/x86_64-linux-gnu:/opt/ros/humble/lib /usr/bin/cmake --build /home/sampathkumaritagi/ros_ws/build/rosbot_hardware_interfaces -- -j16 -l16
[7.823s] Invoking command in '/home/sampathkumaritagi/ros_ws/build/rosbot_hardware_interfaces': CMAKE_PREFIX_PATH=/home/sampathkumaritagi/ros_ws/install/imu_sensor_broadcaster:/home/sampathkumaritagi/ros_ws/install/diff_drive_controller:/home/sampathkumaritagi/ros_ws/install/rosbot_xl:/home/sampathkumaritagi/ros_ws/install/rosbot_xl_description:/home/sampathkumaritagi/ros_ws/install/rosbot_hardware_interfaces:/home/sampathkumaritagi/ros_ws/install/ros_components_description:/home/sampathkumaritagi/ros_ws/install/nav2_bringup_custom:/home/sampathkumaritagi/ros_ws/install/micro_ros_agent:/home/sampathkumaritagi/ros_ws/install/micro_ros_msgs:/home/sampathkumaritagi/ros_ws/install/mecanum_drive_controller:/home/sampathkumaritagi/ros_ws/install/husarion_gz_worlds:/home/sampathkumaritagi/ros_ws/install/rosbot_xl_utils:/home/sampathkumaritagi/ros_ws/install/rosbot_xl_gazebo:/home/sampathkumaritagi/ros_ws/install/rosbot_xl_bringup:/home/sampathkumaritagi/ros_ws/install/rosbot_xl_controller:/opt/ros/humble LD_LIBRARY_PATH=/home/sampathkumaritagi/ros_ws/install/imu_sensor_broadcaster/lib:/home/sampathkumaritagi/ros_ws/install/diff_drive_controller/lib:/home/sampathkumaritagi/ros_ws/install/rosbot_hardware_interfaces/lib:/home/sampathkumaritagi/ros_ws/install/micro_ros_agent/lib:/home/sampathkumaritagi/ros_ws/install/micro_ros_msgs/lib:/home/sampathkumaritagi/ros_ws/install/mecanum_drive_controller/lib:/usr/lib/x86_64-linux-gnu/gazebo-11/plugins:/opt/ros/humble/opt/rviz_ogre_vendor/lib:/opt/ros/humble/lib/x86_64-linux-gnu:/opt/ros/humble/lib /usr/bin/cmake --install /home/sampathkumaritagi/ros_ws/build/rosbot_hardware_interfaces
[7.829s] -- Install configuration: ""
[7.829s] -- Execute custom install script
[7.830s] -- Symlinking: /home/sampathkumaritagi/ros_ws/install/rosbot_hardware_interfaces/share/rosbot_hardware_interfaces//rosbot_hardware_interfaces.xml
[7.836s] -- Symlinking: /home/sampathkumaritagi/ros_ws/install/rosbot_hardware_interfaces/include/rosbot_hardware_interfaces/rosbot_imu_sensor.hpp
[7.845s] -- Symlinking: /home/sampathkumaritagi/ros_ws/install/rosbot_hardware_interfaces/include/rosbot_hardware_interfaces/rosbot_system.hpp
[7.852s] -- Symlinking: /home/sampathkumaritagi/ros_ws/install/rosbot_hardware_interfaces/include/rosbot_hardware_interfaces/visibility_control.hpp
[7.860s] -- Symlinking: /home/sampathkumaritagi/ros_ws/install/rosbot_hardware_interfaces/share/rosbot_hardware_interfaces/launch/example_diff_drive.launch.py
[7.866s] -- Symlinking: /home/sampathkumaritagi/ros_ws/install/rosbot_hardware_interfaces/share/rosbot_hardware_interfaces/config/example_diff_drive_controller.yaml
[7.873s] -- Symlinking: /home/sampathkumaritagi/ros_ws/install/rosbot_hardware_interfaces/share/rosbot_hardware_interfaces/urdf/ros2_control.urdf.xacro
[7.879s] -- Symlinking: /home/sampathkumaritagi/ros_ws/install/rosbot_hardware_interfaces/lib/librosbot_hardware_interfaces.so
[7.886s] -- Symlinking: /home/sampathkumaritagi/ros_ws/install/rosbot_hardware_interfaces/share/rosbot_hardware_interfaces/environment/library_path.sh
[7.892s] -- Symlinking: /home/sampathkumaritagi/ros_ws/install/rosbot_hardware_interfaces/share/rosbot_hardware_interfaces/environment/library_path.dsv
[7.899s] -- Symlinking: /home/sampathkumaritagi/ros_ws/install/rosbot_hardware_interfaces/share/ament_index/resource_index/package_run_dependencies/rosbot_hardware_interfaces
[7.905s] -- Symlinking: /home/sampathkumaritagi/ros_ws/install/rosbot_hardware_interfaces/share/ament_index/resource_index/parent_prefix_path/rosbot_hardware_interfaces
[7.912s] -- Symlinking: /home/sampathkumaritagi/ros_ws/install/rosbot_hardware_interfaces/share/rosbot_hardware_interfaces/environment/ament_prefix_path.sh
[7.919s] -- Symlinking: /home/sampathkumaritagi/ros_ws/install/rosbot_hardware_interfaces/share/rosbot_hardware_interfaces/environment/ament_prefix_path.dsv
[7.925s] -- Symlinking: /home/sampathkumaritagi/ros_ws/install/rosbot_hardware_interfaces/share/rosbot_hardware_interfaces/environment/path.sh
[7.931s] -- Symlinking: /home/sampathkumaritagi/ros_ws/install/rosbot_hardware_interfaces/share/rosbot_hardware_interfaces/environment/path.dsv
[7.937s] -- Symlinking: /home/sampathkumaritagi/ros_ws/install/rosbot_hardware_interfaces/share/rosbot_hardware_interfaces/local_setup.bash
[7.946s] -- Symlinking: /home/sampathkumaritagi/ros_ws/install/rosbot_hardware_interfaces/share/rosbot_hardware_interfaces/local_setup.sh
[7.953s] -- Symlinking: /home/sampathkumaritagi/ros_ws/install/rosbot_hardware_interfaces/share/rosbot_hardware_interfaces/local_setup.zsh
[7.959s] -- Symlinking: /home/sampathkumaritagi/ros_ws/install/rosbot_hardware_interfaces/share/rosbot_hardware_interfaces/local_setup.dsv
[7.966s] -- Symlinking: /home/sampathkumaritagi/ros_ws/install/rosbot_hardware_interfaces/share/rosbot_hardware_interfaces/package.dsv
[7.972s] -- Symlinking: /home/sampathkumaritagi/ros_ws/install/rosbot_hardware_interfaces/share/ament_index/resource_index/packages/rosbot_hardware_interfaces
[7.980s] -- Symlinking: /home/sampathkumaritagi/ros_ws/install/rosbot_hardware_interfaces/share/ament_index/resource_index/hardware_interface__pluginlib__plugin/rosbot_hardware_interfaces
[7.986s] -- Symlinking: /home/sampathkumaritagi/ros_ws/install/rosbot_hardware_interfaces/share/rosbot_hardware_interfaces/cmake/ament_cmake_export_include_directories-extras.cmake
[7.992s] -- Symlinking: /home/sampathkumaritagi/ros_ws/install/rosbot_hardware_interfaces/share/rosbot_hardware_interfaces/cmake/ament_cmake_export_libraries-extras.cmake
[7.999s] -- Symlinking: /home/sampathkumaritagi/ros_ws/install/rosbot_hardware_interfaces/share/rosbot_hardware_interfaces/cmake/ament_cmake_export_dependencies-extras.cmake
[8.005s] -- Symlinking: /home/sampathkumaritagi/ros_ws/install/rosbot_hardware_interfaces/share/rosbot_hardware_interfaces/cmake/rosbot_hardware_interfacesConfig.cmake
[8.012s] -- Symlinking: /home/sampathkumaritagi/ros_ws/install/rosbot_hardware_interfaces/share/rosbot_hardware_interfaces/cmake/rosbot_hardware_interfacesConfig-version.cmake
[8.018s] -- Symlinking: /home/sampathkumaritagi/ros_ws/install/rosbot_hardware_interfaces/share/rosbot_hardware_interfaces/package.xml
[8.027s] Invoked command in '/home/sampathkumaritagi/ros_ws/build/rosbot_hardware_interfaces' returned '0': CMAKE_PREFIX_PATH=/home/sampathkumaritagi/ros_ws/install/imu_sensor_broadcaster:/home/sampathkumaritagi/ros_ws/install/diff_drive_controller:/home/sampathkumaritagi/ros_ws/install/rosbot_xl:/home/sampathkumaritagi/ros_ws/install/rosbot_xl_description:/home/sampathkumaritagi/ros_ws/install/rosbot_hardware_interfaces:/home/sampathkumaritagi/ros_ws/install/ros_components_description:/home/sampathkumaritagi/ros_ws/install/nav2_bringup_custom:/home/sampathkumaritagi/ros_ws/install/micro_ros_agent:/home/sampathkumaritagi/ros_ws/install/micro_ros_msgs:/home/sampathkumaritagi/ros_ws/install/mecanum_drive_controller:/home/sampathkumaritagi/ros_ws/install/husarion_gz_worlds:/home/sampathkumaritagi/ros_ws/install/rosbot_xl_utils:/home/sampathkumaritagi/ros_ws/install/rosbot_xl_gazebo:/home/sampathkumaritagi/ros_ws/install/rosbot_xl_bringup:/home/sampathkumaritagi/ros_ws/install/rosbot_xl_controller:/opt/ros/humble LD_LIBRARY_PATH=/home/sampathkumaritagi/ros_ws/install/imu_sensor_broadcaster/lib:/home/sampathkumaritagi/ros_ws/install/diff_drive_controller/lib:/home/sampathkumaritagi/ros_ws/install/rosbot_hardware_interfaces/lib:/home/sampathkumaritagi/ros_ws/install/micro_ros_agent/lib:/home/sampathkumaritagi/ros_ws/install/micro_ros_msgs/lib:/home/sampathkumaritagi/ros_ws/install/mecanum_drive_controller/lib:/usr/lib/x86_64-linux-gnu/gazebo-11/plugins:/opt/ros/humble/opt/rviz_ogre_vendor/lib:/opt/ros/humble/lib/x86_64-linux-gnu:/opt/ros/humble/lib /usr/bin/cmake --install /home/sampathkumaritagi/ros_ws/build/rosbot_hardware_interfaces
