[0.026s] Invoking command in '/home/sampathkumaritagi/ros_ws/build/diff_drive_controller': CMAKE_PREFIX_PATH=${CMAKE_PREFIX_PATH}:/home/sampathkumaritagi/ros_ws/install/rosbot_xl_utils:/home/sampathkumaritagi/ros_ws/install/rosbot_xl_gazebo:/home/sampathkumaritagi/ros_ws/install/rosbot_xl_bringup:/home/sampathkumaritagi/ros_ws/install/rosbot_xl_controller:/opt/ros/humble /usr/bin/cmake /home/sampathkumaritagi/ros_ws/src/diff_drive_controller -DAMENT_CMAKE_SYMLINK_INSTALL=1 -DCMAKE_INSTALL_PREFIX=/home/sampathkumaritagi/ros_ws/install/diff_drive_controller
[0.252s] -- The CXX compiler identification is GNU 11.4.0
[0.252s] -- Detecting CXX compiler ABI info
[0.252s] -- Detecting CXX compiler ABI info - done
[0.252s] -- Check for working CXX compiler: /usr/bin/c++ - skipped
[0.252s] -- Detecting CXX compile features
[0.252s] -- Detecting CXX compile features - done
[0.253s] -- Found ament_cmake: 1.3.11 (/opt/ros/humble/share/ament_cmake/cmake)
[0.275s] -- Found Python3: /usr/bin/python3 (found version "3.10.12") found components: Interpreter 
[0.321s] -- Override CMake install command with custom implementation using symlinks instead of copying resources
[0.347s] -- Found controller_interface: 2.50.0 (/opt/ros/humble/share/controller_interface/cmake)
[0.381s] -- Found rosidl_generator_c: 3.1.6 (/opt/ros/humble/share/rosidl_generator_c/cmake)
[0.385s] -- Found rosidl_adapter: 3.1.6 (/opt/ros/humble/share/rosidl_adapter/cmake)
[0.392s] -- Found rosidl_generator_cpp: 3.1.6 (/opt/ros/humble/share/rosidl_generator_cpp/cmake)
[0.401s] -- Using all available rosidl_typesupport_c: rosidl_typesupport_fastrtps_c;rosidl_typesupport_introspection_c
[0.415s] -- Using all available rosidl_typesupport_cpp: rosidl_typesupport_fastrtps_cpp;rosidl_typesupport_introspection_cpp
[0.575s] -- Found rmw_implementation_cmake: 6.1.2 (/opt/ros/humble/share/rmw_implementation_cmake/cmake)
[0.577s] -- Found rmw_fastrtps_cpp: 6.2.7 (/opt/ros/humble/share/rmw_fastrtps_cpp/cmake)
[0.596s] -- Found TinyXML2 via Config file: TinyXML2_DIR-NOTFOUND
[0.641s] -- Found OpenSSL: /usr/lib/x86_64-linux-gnu/libcrypto.so (found version "3.0.2")  
[0.643s] -- Found TinyXML2 via Config file: TinyXML2_DIR-NOTFOUND
[0.656s] -- Found FastRTPS: /opt/ros/humble/include  
[0.658s] -- Found TinyXML2 via Config file: TinyXML2_DIR-NOTFOUND
[0.664s] -- Found TinyXML2 via Config file: TinyXML2_DIR-NOTFOUND
[0.673s] -- Using RMW implementation 'rmw_fastrtps_cpp' as default
[0.680s] -- Looking for C++ include pthread.h
[0.761s] -- Looking for C++ include pthread.h - found
[0.761s] -- Performing Test CMAKE_HAVE_LIBC_PTHREAD
[0.850s] -- Performing Test CMAKE_HAVE_LIBC_PTHREAD - Success
[0.851s] -- Found Threads: TRUE  
[0.890s] -- Found generate_parameter_library: 0.4.0 (/opt/ros/humble/share/generate_parameter_library/cmake)
[0.892s] -- Found parameter_traits: 0.4.0 (/opt/ros/humble/share/parameter_traits/cmake)
[0.909s] -- Found nav_msgs: 4.8.0 (/opt/ros/humble/share/nav_msgs/cmake)
[0.923s] -- Found realtime_tools: 2.13.0 (/opt/ros/humble/share/realtime_tools/cmake)
[0.937s] -- Found tf2: 0.25.12 (/opt/ros/humble/share/tf2/cmake)
[0.941s] -- Found tf2_msgs: 0.25.12 (/opt/ros/humble/share/tf2_msgs/cmake)
[0.968s] -- Found ament_cmake_gmock: 1.3.11 (/opt/ros/humble/share/ament_cmake_gmock/cmake)
[0.969s] -- Found controller_manager: 2.50.0 (/opt/ros/humble/share/controller_manager/cmake)
[0.987s] -- Found ros2_control_test_assets: 2.50.0 (/opt/ros/humble/share/ros2_control_test_assets/cmake)
[0.989s] -- Found gmock sources under '/opt/ros/humble/src/gmock_vendor': C++ tests using 'Google Mock' will be built
[1.021s] -- The C compiler identification is GNU 11.4.0
[1.026s] -- Detecting C compiler ABI info
[1.097s] -- Detecting C compiler ABI info - done
[1.102s] -- Check for working C compiler: /usr/bin/cc - skipped
[1.102s] -- Detecting C compile features
[1.103s] -- Detecting C compile features - done
[1.106s] -- Found ament_cmake_gtest: 1.3.11 (/opt/ros/humble/share/ament_cmake_gtest/cmake)
[1.107s] -- Found gtest sources under '/opt/ros/humble/src/gtest_vendor': C++ tests using 'Google Test' will be built
[1.177s] -- Configuring done
[1.242s] -- Generating done
[1.251s] -- Build files have been written to: /home/sampathkumaritagi/ros_ws/build/diff_drive_controller
[1.261s] Invoked command in '/home/sampathkumaritagi/ros_ws/build/diff_drive_controller' returned '0': CMAKE_PREFIX_PATH=${CMAKE_PREFIX_PATH}:/home/sampathkumaritagi/ros_ws/install/rosbot_xl_utils:/home/sampathkumaritagi/ros_ws/install/rosbot_xl_gazebo:/home/sampathkumaritagi/ros_ws/install/rosbot_xl_bringup:/home/sampathkumaritagi/ros_ws/install/rosbot_xl_controller:/opt/ros/humble /usr/bin/cmake /home/sampathkumaritagi/ros_ws/src/diff_drive_controller -DAMENT_CMAKE_SYMLINK_INSTALL=1 -DCMAKE_INSTALL_PREFIX=/home/sampathkumaritagi/ros_ws/install/diff_drive_controller
[1.262s] Invoking command in '/home/sampathkumaritagi/ros_ws/build/diff_drive_controller': CMAKE_PREFIX_PATH=${CMAKE_PREFIX_PATH}:/home/sampathkumaritagi/ros_ws/install/rosbot_xl_utils:/home/sampathkumaritagi/ros_ws/install/rosbot_xl_gazebo:/home/sampathkumaritagi/ros_ws/install/rosbot_xl_bringup:/home/sampathkumaritagi/ros_ws/install/rosbot_xl_controller:/opt/ros/humble /usr/bin/cmake --build /home/sampathkumaritagi/ros_ws/build/diff_drive_controller -- -j16 -l16
[1.297s] [  6%] [34m[1mRunning `/opt/ros/humble/bin/generate_parameter_library_cpp /home/sampathkumaritagi/ros_ws/build/diff_drive_controller/include/diff_drive_controller/diff_drive_controller_parameters.hpp /home/sampathkumaritagi/ros_ws/src/diff_drive_controller/src/diff_drive_controller_parameter.yaml `[0m
[1.304s] [ 13%] [32mBuilding CXX object gmock/CMakeFiles/gmock_main.dir/src/gmock_main.cc.o[0m
[1.305s] [ 26%] [32mBuilding CXX object gmock/CMakeFiles/gmock.dir/opt/ros/humble/src/gtest_vendor/src/gtest-all.cc.o[0m
[1.305s] [ 26%] [32mBuilding CXX object gmock/CMakeFiles/gmock.dir/src/gmock-all.cc.o[0m
[2.126s] [ 33%] [34m[1mCreating deprecated header file /home/sampathkumaritagi/ros_ws/build/diff_drive_controller/include/diff_drive_controller_parameters.hpp[0m
[2.191s] [ 33%] Built target diff_drive_controller_parameters
[2.249s] [ 40%] [32mBuilding CXX object CMakeFiles/diff_drive_controller.dir/src/diff_drive_controller.cpp.o[0m
[2.259s] [ 46%] [32mBuilding CXX object CMakeFiles/diff_drive_controller.dir/src/odometry.cpp.o[0m
[2.268s] [ 53%] [32mBuilding CXX object CMakeFiles/diff_drive_controller.dir/src/speed_limiter.cpp.o[0m
[2.793s] [ 60%] [32m[1mLinking CXX static library libgmock_main.a[0m
[2.834s] [ 60%] Built target gmock_main
[3.974s] [ 66%] [32m[1mLinking CXX static library libgmock.a[0m
[4.023s] [ 66%] Built target gmock
[4.041s] [ 73%] [32mBuilding CXX object CMakeFiles/test_load_diff_drive_controller.dir/test/test_load_diff_drive_controller.cpp.o[0m
[4.446s] In file included from [01m[K/home/sampathkumaritagi/ros_ws/src/diff_drive_controller/include/diff_drive_controller/diff_drive_controller.hpp:40[m[K,
[4.447s]                  from [01m[K/home/sampathkumaritagi/ros_ws/src/diff_drive_controller/src/diff_drive_controller.cpp:25[m[K:
[4.447s] [01m[K/opt/ros/humble/include/realtime_tools/realtime_tools/realtime_box.h:22:97:[m[K [01;36m[Knote: [m[K‘[01m[K#pragma message: This header include is deprecated. Please update your code to use 'realtime_box.hpp' header.[m[K’
[4.447s]    22 |   "This header include is deprecated. Please update your code to use 'realtime_box.hpp' header."[01;36m[K)[m[K  //NOLINT
[4.447s]       |                                                                                                 [01;36m[K^[m[K
[4.447s] In file included from [01m[K/home/sampathkumaritagi/ros_ws/src/diff_drive_controller/include/diff_drive_controller/diff_drive_controller.hpp:41[m[K,
[4.447s]                  from [01m[K/home/sampathkumaritagi/ros_ws/src/diff_drive_controller/src/diff_drive_controller.cpp:25[m[K:
[4.447s] [01m[K/opt/ros/humble/include/realtime_tools/realtime_tools/realtime_buffer.h:22:100:[m[K [01;36m[Knote: [m[K‘[01m[K#pragma message: This header include is deprecated. Please update your code to use 'realtime_buffer.hpp' header.[m[K’
[4.447s]    22 |   "This header include is deprecated. Please update your code to use 'realtime_buffer.hpp' header."[01;36m[K)[m[K  //NOLINT
[4.447s]       |                                                                                                    [01;36m[K^[m[K
[4.447s] In file included from [01m[K/home/sampathkumaritagi/ros_ws/src/diff_drive_controller/include/diff_drive_controller/diff_drive_controller.hpp:42[m[K,
[4.447s]                  from [01m[K/home/sampathkumaritagi/ros_ws/src/diff_drive_controller/src/diff_drive_controller.cpp:25[m[K:
[4.447s] [01m[K/opt/ros/humble/include/realtime_tools/realtime_tools/realtime_publisher.h:22:103:[m[K [01;36m[Knote: [m[K‘[01m[K#pragma message: This header include is deprecated. Please update your code to use 'realtime_publisher.hpp' header.[m[K’
[4.447s]    22 |   "This header include is deprecated. Please update your code to use 'realtime_publisher.hpp' header."[01;36m[K)[m[K  //NOLINT
[4.447s]       |                                                                                                       [01;36m[K^[m[K
[4.455s] In file included from [01m[K/home/sampathkumaritagi/ros_ws/src/diff_drive_controller/include/diff_drive_controller/diff_drive_controller.hpp:45[m[K,
[4.455s]                  from [01m[K/home/sampathkumaritagi/ros_ws/src/diff_drive_controller/src/diff_drive_controller.cpp:25[m[K:
[4.455s] [01m[K/home/sampathkumaritagi/ros_ws/build/diff_drive_controller/include/diff_drive_controller_parameters.hpp:1:166:[m[K [01;36m[Knote: [m[K‘[01m[K#pragma message: #include "diff_drive_controller_parameters.hpp" is deprecated. Use #include <diff_drive_controller/diff_drive_controller_parameters.hpp> instead.[m[K’
[4.455s]     1 |  message("#include \"diff_drive_controller_parameters.hpp\" is deprecated. Use #include <diff_drive_controller/diff_drive_controller_parameters.hpp> instead."[01;36m[K)[m[K
[4.455s]       |                                                                                                                                                               [01;36m[K^[m[K
[4.455s] 
[9.320s] [ 80%] [32m[1mLinking CXX executable test_load_diff_drive_controller[0m
[9.981s] [ 80%] Built target test_load_diff_drive_controller
[17.738s] [ 86%] [32m[1mLinking CXX shared library libdiff_drive_controller.so[0m
[18.303s] [ 86%] Built target diff_drive_controller
[18.324s] [ 93%] [32mBuilding CXX object CMakeFiles/test_diff_drive_controller.dir/test/test_diff_drive_controller.cpp.o[0m
[20.540s] In file included from [01m[K/home/sampathkumaritagi/ros_ws/src/diff_drive_controller/include/diff_drive_controller/diff_drive_controller.hpp:40[m[K,
[20.540s]                  from [01m[K/home/sampathkumaritagi/ros_ws/src/diff_drive_controller/test/test_diff_drive_controller.cpp:24[m[K:
[20.540s] [01m[K/opt/ros/humble/include/realtime_tools/realtime_tools/realtime_box.h:22:97:[m[K [01;36m[Knote: [m[K‘[01m[K#pragma message: This header include is deprecated. Please update your code to use 'realtime_box.hpp' header.[m[K’
[20.540s]    22 |   "This header include is deprecated. Please update your code to use 'realtime_box.hpp' header."[01;36m[K)[m[K  //NOLINT
[20.540s]       |                                                                                                 [01;36m[K^[m[K
[20.540s] In file included from [01m[K/home/sampathkumaritagi/ros_ws/src/diff_drive_controller/include/diff_drive_controller/diff_drive_controller.hpp:41[m[K,
[20.540s]                  from [01m[K/home/sampathkumaritagi/ros_ws/src/diff_drive_controller/test/test_diff_drive_controller.cpp:24[m[K:
[20.540s] [01m[K/opt/ros/humble/include/realtime_tools/realtime_tools/realtime_buffer.h:22:100:[m[K [01;36m[Knote: [m[K‘[01m[K#pragma message: This header include is deprecated. Please update your code to use 'realtime_buffer.hpp' header.[m[K’
[20.540s]    22 |   "This header include is deprecated. Please update your code to use 'realtime_buffer.hpp' header."[01;36m[K)[m[K  //NOLINT
[20.540s]       |                                                                                                    [01;36m[K^[m[K
[20.541s] In file included from [01m[K/home/sampathkumaritagi/ros_ws/src/diff_drive_controller/include/diff_drive_controller/diff_drive_controller.hpp:42[m[K,
[20.541s]                  from [01m[K/home/sampathkumaritagi/ros_ws/src/diff_drive_controller/test/test_diff_drive_controller.cpp:24[m[K:
[20.541s] [01m[K/opt/ros/humble/include/realtime_tools/realtime_tools/realtime_publisher.h:22:103:[m[K [01;36m[Knote: [m[K‘[01m[K#pragma message: This header include is deprecated. Please update your code to use 'realtime_publisher.hpp' header.[m[K’
[20.541s]    22 |   "This header include is deprecated. Please update your code to use 'realtime_publisher.hpp' header."[01;36m[K)[m[K  //NOLINT
[20.541s]       |                                                                                                       [01;36m[K^[m[K
[20.549s] In file included from [01m[K/home/sampathkumaritagi/ros_ws/src/diff_drive_controller/include/diff_drive_controller/diff_drive_controller.hpp:45[m[K,
[20.549s]                  from [01m[K/home/sampathkumaritagi/ros_ws/src/diff_drive_controller/test/test_diff_drive_controller.cpp:24[m[K:
[20.549s] [01m[K/home/sampathkumaritagi/ros_ws/build/diff_drive_controller/include/diff_drive_controller_parameters.hpp:1:166:[m[K [01;36m[Knote: [m[K‘[01m[K#pragma message: #include "diff_drive_controller_parameters.hpp" is deprecated. Use #include <diff_drive_controller/diff_drive_controller_parameters.hpp> instead.[m[K’
[20.549s]     1 |  message("#include \"diff_drive_controller_parameters.hpp\" is deprecated. Use #include <diff_drive_controller/diff_drive_controller_parameters.hpp> instead."[01;36m[K)[m[K
[20.549s]       |                                                                                                                                                               [01;36m[K^[m[K
[20.549s] 
[23.362s] [100%] [32m[1mLinking CXX executable test_diff_drive_controller[0m
[23.888s] [100%] Built target test_diff_drive_controller
[23.897s] Invoked command in '/home/sampathkumaritagi/ros_ws/build/diff_drive_controller' returned '0': CMAKE_PREFIX_PATH=${CMAKE_PREFIX_PATH}:/home/sampathkumaritagi/ros_ws/install/rosbot_xl_utils:/home/sampathkumaritagi/ros_ws/install/rosbot_xl_gazebo:/home/sampathkumaritagi/ros_ws/install/rosbot_xl_bringup:/home/sampathkumaritagi/ros_ws/install/rosbot_xl_controller:/opt/ros/humble /usr/bin/cmake --build /home/sampathkumaritagi/ros_ws/build/diff_drive_controller -- -j16 -l16
[23.898s] Invoking command in '/home/sampathkumaritagi/ros_ws/build/diff_drive_controller': CMAKE_PREFIX_PATH=${CMAKE_PREFIX_PATH}:/home/sampathkumaritagi/ros_ws/install/rosbot_xl_utils:/home/sampathkumaritagi/ros_ws/install/rosbot_xl_gazebo:/home/sampathkumaritagi/ros_ws/install/rosbot_xl_bringup:/home/sampathkumaritagi/ros_ws/install/rosbot_xl_controller:/opt/ros/humble /usr/bin/cmake --install /home/sampathkumaritagi/ros_ws/build/diff_drive_controller
[23.903s] -- Install configuration: ""
[23.904s] -- Execute custom install script
[23.904s] -- Symlinking: /home/sampathkumaritagi/ros_ws/install/diff_drive_controller/include/diff_drive_controller/diff_drive_controller_parameters.hpp
[23.911s] -- Symlinking: /home/sampathkumaritagi/ros_ws/install/diff_drive_controller/share/diff_drive_controller//diff_drive_plugin.xml
[23.918s] -- Symlinking: /home/sampathkumaritagi/ros_ws/install/diff_drive_controller/include/diff_drive_controller/diff_drive_controller/diff_drive_controller.hpp
[23.925s] -- Symlinking: /home/sampathkumaritagi/ros_ws/install/diff_drive_controller/include/diff_drive_controller/diff_drive_controller/odometry.hpp
[23.934s] -- Symlinking: /home/sampathkumaritagi/ros_ws/install/diff_drive_controller/include/diff_drive_controller/diff_drive_controller/speed_limiter.hpp
[23.941s] -- Symlinking: /home/sampathkumaritagi/ros_ws/install/diff_drive_controller/include/diff_drive_controller/diff_drive_controller/visibility_control.h
[23.947s] -- Symlinking: /home/sampathkumaritagi/ros_ws/install/diff_drive_controller/share/diff_drive_controller/environment/library_path.sh
[23.954s] -- Symlinking: /home/sampathkumaritagi/ros_ws/install/diff_drive_controller/share/diff_drive_controller/environment/library_path.dsv
[23.961s] -- Symlinking: /home/sampathkumaritagi/ros_ws/install/diff_drive_controller/share/ament_index/resource_index/package_run_dependencies/diff_drive_controller
[23.968s] -- Symlinking: /home/sampathkumaritagi/ros_ws/install/diff_drive_controller/share/ament_index/resource_index/parent_prefix_path/diff_drive_controller
[23.974s] -- Symlinking: /home/sampathkumaritagi/ros_ws/install/diff_drive_controller/share/diff_drive_controller/environment/ament_prefix_path.sh
[23.981s] -- Symlinking: /home/sampathkumaritagi/ros_ws/install/diff_drive_controller/share/diff_drive_controller/environment/ament_prefix_path.dsv
[23.988s] -- Symlinking: /home/sampathkumaritagi/ros_ws/install/diff_drive_controller/share/diff_drive_controller/environment/path.sh
[23.995s] -- Symlinking: /home/sampathkumaritagi/ros_ws/install/diff_drive_controller/share/diff_drive_controller/environment/path.dsv
[24.001s] -- Symlinking: /home/sampathkumaritagi/ros_ws/install/diff_drive_controller/share/diff_drive_controller/local_setup.bash
[24.008s] -- Symlinking: /home/sampathkumaritagi/ros_ws/install/diff_drive_controller/share/diff_drive_controller/local_setup.sh
[24.014s] -- Symlinking: /home/sampathkumaritagi/ros_ws/install/diff_drive_controller/share/diff_drive_controller/local_setup.zsh
[24.021s] -- Symlinking: /home/sampathkumaritagi/ros_ws/install/diff_drive_controller/share/diff_drive_controller/local_setup.dsv
[24.028s] -- Symlinking: /home/sampathkumaritagi/ros_ws/install/diff_drive_controller/share/diff_drive_controller/package.dsv
[24.036s] -- Symlinking: /home/sampathkumaritagi/ros_ws/install/diff_drive_controller/share/ament_index/resource_index/packages/diff_drive_controller
[24.043s] -- Symlinking: /home/sampathkumaritagi/ros_ws/install/diff_drive_controller/share/ament_index/resource_index/controller_interface__pluginlib__plugin/diff_drive_controller
[24.050s] -- Symlinking: /home/sampathkumaritagi/ros_ws/install/diff_drive_controller/share/diff_drive_controller/cmake/ament_cmake_export_dependencies-extras.cmake
[24.057s] -- Symlinking: /home/sampathkumaritagi/ros_ws/install/diff_drive_controller/share/diff_drive_controller/cmake/ament_cmake_export_targets-extras.cmake
[24.063s] -- Symlinking: /home/sampathkumaritagi/ros_ws/install/diff_drive_controller/share/diff_drive_controller/cmake/diff_drive_controllerConfig.cmake
[24.070s] -- Symlinking: /home/sampathkumaritagi/ros_ws/install/diff_drive_controller/share/diff_drive_controller/cmake/diff_drive_controllerConfig-version.cmake
[24.076s] -- Symlinking: /home/sampathkumaritagi/ros_ws/install/diff_drive_controller/share/diff_drive_controller/package.xml
[24.083s] -- Installing: /home/sampathkumaritagi/ros_ws/install/diff_drive_controller/lib/libdiff_drive_controller.so
[24.091s] -- Set runtime path of "/home/sampathkumaritagi/ros_ws/install/diff_drive_controller/lib/libdiff_drive_controller.so" to ""
[24.091s] -- Installing: /home/sampathkumaritagi/ros_ws/install/diff_drive_controller/share/diff_drive_controller/cmake/export_diff_drive_controllerExport.cmake
[24.091s] -- Installing: /home/sampathkumaritagi/ros_ws/install/diff_drive_controller/share/diff_drive_controller/cmake/export_diff_drive_controllerExport-noconfig.cmake
[24.094s] Invoked command in '/home/sampathkumaritagi/ros_ws/build/diff_drive_controller' returned '0': CMAKE_PREFIX_PATH=${CMAKE_PREFIX_PATH}:/home/sampathkumaritagi/ros_ws/install/rosbot_xl_utils:/home/sampathkumaritagi/ros_ws/install/rosbot_xl_gazebo:/home/sampathkumaritagi/ros_ws/install/rosbot_xl_bringup:/home/sampathkumaritagi/ros_ws/install/rosbot_xl_controller:/opt/ros/humble /usr/bin/cmake --install /home/sampathkumaritagi/ros_ws/build/diff_drive_controller
