[0.481s] Invoking command in '/home/sampathkumaritagi/ros_ws/build/rosbot_xl_gazebo': AMENT_PREFIX_PATH=/home/sampathkumaritagi/ros_ws/install/rosbot_xl_bringup:/home/sampathkumaritagi/ros_ws/install/rosbot_xl_controller:/home/sampathkumaritagi/ros_ws/install/rosbot_xl_utils:/home/sampathkumaritagi/ros_ws/install/rosbot_xl_gazebo:/home/sampathkumaritagi/ros_ws/install/rosbot_xl:/home/sampathkumaritagi/ros_ws/install/rosbot_xl_description:/home/sampathkumaritagi/ros_ws/install/rosbot_hardware_interfaces:/home/sampathkumaritagi/ros_ws/install/ros_components_description:/home/sampathkumaritagi/ros_ws/install/nav2_bringup_custom:/home/sampathkumaritagi/ros_ws/install/micro_ros_agent:/home/sampathkumaritagi/ros_ws/install/micro_ros_msgs:/home/sampathkumaritagi/ros_ws/install/mecanum_drive_controller:/home/sampathkumaritagi/ros_ws/install/imu_sensor_broadcaster:/home/sampathkumaritagi/ros_ws/install/husarion_gz_worlds:/home/sampathkumaritagi/ros_ws/install/diff_drive_controller:/opt/ros/humble CMAKE_PREFIX_PATH=/home/sampathkumaritagi/ros_ws/install/rosbot_xl_description:/home/sampathkumaritagi/ros_ws/install/rosbot_hardware_interfaces:/home/sampathkumaritagi/ros_ws/install/micro_ros_agent:/home/sampathkumaritagi/ros_ws/install/ros_components_description:/home/sampathkumaritagi/ros_ws/install/micro_ros_msgs:/home/sampathkumaritagi/ros_ws/install/mecanum_drive_controller:/home/sampathkumaritagi/ros_ws/install/imu_sensor_broadcaster:/home/sampathkumaritagi/ros_ws/install/husarion_gz_worlds:/home/sampathkumaritagi/ros_ws/install/diff_drive_controller:/home/sampathkumaritagi/ros_ws/install/rosbot_xl:/home/sampathkumaritagi/ros_ws/install/nav2_bringup_custom PYTHONPATH=/home/sampathkumaritagi/ros_ws/build/rosbot_xl_gazebo/prefix_override:/usr/lib/python3/dist-packages/colcon_core/task/python/colcon_distutils_commands:/home/sampathkumaritagi/ros_ws/install/rosbot_xl_gazebo/lib/python3.10/site-packages:/home/sampathkumaritagi/ros_ws/build/rosbot_xl_bringup:/home/sampathkumaritagi/ros_ws/install/rosbot_xl_bringup/lib/python3.10/site-packages:/home/sampathkumaritagi/ros_ws/build/rosbot_xl_controller:/home/sampathkumaritagi/ros_ws/install/rosbot_xl_controller/lib/python3.10/site-packages:/home/sampathkumaritagi/ros_ws/build/rosbot_xl_utils:/home/sampathkumaritagi/ros_ws/install/rosbot_xl_utils/lib/python3.10/site-packages:/home/sampathkumaritagi/ros_ws/build/rosbot_xl_gazebo:/home/sampathkumaritagi/ros_ws/install/rosbot_xl_gazebo/lib/python3.10/site-packages:/home/sampathkumaritagi/ros_ws/install/micro_ros_msgs/local/lib/python3.10/dist-packages:/opt/ros/humble/lib/python3.10/site-packages:/opt/ros/humble/local/lib/python3.10/dist-packages /usr/bin/python3 -W ignore:setup.py install is deprecated -W ignore:easy_install command is deprecated setup.py develop --editable --build-directory /home/sampathkumaritagi/ros_ws/build/rosbot_xl_gazebo/build --no-deps symlink_data
[0.664s] running develop
[0.799s] running egg_info
[0.799s] creating rosbot_xl_gazebo.egg-info
[0.799s] writing rosbot_xl_gazebo.egg-info/PKG-INFO
[0.799s] writing dependency_links to rosbot_xl_gazebo.egg-info/dependency_links.txt
[0.799s] writing entry points to rosbot_xl_gazebo.egg-info/entry_points.txt
[0.799s] writing requirements to rosbot_xl_gazebo.egg-info/requires.txt
[0.799s] writing top-level names to rosbot_xl_gazebo.egg-info/top_level.txt
[0.799s] writing manifest file 'rosbot_xl_gazebo.egg-info/SOURCES.txt'
[0.800s] reading manifest file 'rosbot_xl_gazebo.egg-info/SOURCES.txt'
[0.800s] writing manifest file 'rosbot_xl_gazebo.egg-info/SOURCES.txt'
[0.801s] running build_ext
[0.802s] Creating /home/sampathkumaritagi/ros_ws/install/rosbot_xl_gazebo/lib/python3.10/site-packages/rosbot-xl-gazebo.egg-link (link to .)
[0.802s] 
[0.802s] Installed /home/sampathkumaritagi/ros_ws/build/rosbot_xl_gazebo
[0.802s] running symlink_data
[0.802s] creating /home/sampathkumaritagi/ros_ws/install/rosbot_xl_gazebo/share/ament_index
[0.802s] creating /home/sampathkumaritagi/ros_ws/install/rosbot_xl_gazebo/share/ament_index/resource_index
[0.802s] creating /home/sampathkumaritagi/ros_ws/install/rosbot_xl_gazebo/share/ament_index/resource_index/packages
[0.802s] symbolically linking /home/sampathkumaritagi/ros_ws/build/rosbot_xl_gazebo/resource/rosbot_xl_gazebo -> /home/sampathkumaritagi/ros_ws/install/rosbot_xl_gazebo/share/ament_index/resource_index/packages
[0.802s] symbolically linking /home/sampathkumaritagi/ros_ws/build/rosbot_xl_gazebo/package.xml -> /home/sampathkumaritagi/ros_ws/install/rosbot_xl_gazebo/share/rosbot_xl_gazebo
[0.803s] creating /home/sampathkumaritagi/ros_ws/install/rosbot_xl_gazebo/share/rosbot_xl_gazebo/launch
[0.803s] symbolically linking /home/sampathkumaritagi/ros_ws/build/rosbot_xl_gazebo/launch/simulation.launch.py -> /home/sampathkumaritagi/ros_ws/install/rosbot_xl_gazebo/share/rosbot_xl_gazebo/launch
[0.803s] symbolically linking /home/sampathkumaritagi/ros_ws/build/rosbot_xl_gazebo/launch/spawn.launch.py -> /home/sampathkumaritagi/ros_ws/install/rosbot_xl_gazebo/share/rosbot_xl_gazebo/launch
[0.803s] creating /home/sampathkumaritagi/ros_ws/install/rosbot_xl_gazebo/share/rosbot_xl_gazebo/config
[0.803s] symbolically linking /home/sampathkumaritagi/ros_ws/build/rosbot_xl_gazebo/config/gz_orbbec_astra_remappings.yaml -> /home/sampathkumaritagi/ros_ws/install/rosbot_xl_gazebo/share/rosbot_xl_gazebo/config
[0.803s] symbolically linking /home/sampathkumaritagi/ros_ws/build/rosbot_xl_gazebo/config/gz_intel_realsense_d435_remappings.yaml -> /home/sampathkumaritagi/ros_ws/install/rosbot_xl_gazebo/share/rosbot_xl_gazebo/config
[0.803s] symbolically linking /home/sampathkumaritagi/ros_ws/build/rosbot_xl_gazebo/config/gz_velodyne_puck_remappings.yaml -> /home/sampathkumaritagi/ros_ws/install/rosbot_xl_gazebo/share/rosbot_xl_gazebo/config
[0.803s] symbolically linking /home/sampathkumaritagi/ros_ws/build/rosbot_xl_gazebo/config/gz_slamtec_rplidar_remappings.yaml -> /home/sampathkumaritagi/ros_ws/install/rosbot_xl_gazebo/share/rosbot_xl_gazebo/config
[0.803s] symbolically linking /home/sampathkumaritagi/ros_ws/build/rosbot_xl_gazebo/config/gz_stereolabs_zed_remappings.yaml -> /home/sampathkumaritagi/ros_ws/install/rosbot_xl_gazebo/share/rosbot_xl_gazebo/config
[0.817s] Invoked command in '/home/sampathkumaritagi/ros_ws/build/rosbot_xl_gazebo' returned '0': AMENT_PREFIX_PATH=/home/sampathkumaritagi/ros_ws/install/rosbot_xl_bringup:/home/sampathkumaritagi/ros_ws/install/rosbot_xl_controller:/home/sampathkumaritagi/ros_ws/install/rosbot_xl_utils:/home/sampathkumaritagi/ros_ws/install/rosbot_xl_gazebo:/home/sampathkumaritagi/ros_ws/install/rosbot_xl:/home/sampathkumaritagi/ros_ws/install/rosbot_xl_description:/home/sampathkumaritagi/ros_ws/install/rosbot_hardware_interfaces:/home/sampathkumaritagi/ros_ws/install/ros_components_description:/home/sampathkumaritagi/ros_ws/install/nav2_bringup_custom:/home/sampathkumaritagi/ros_ws/install/micro_ros_agent:/home/sampathkumaritagi/ros_ws/install/micro_ros_msgs:/home/sampathkumaritagi/ros_ws/install/mecanum_drive_controller:/home/sampathkumaritagi/ros_ws/install/imu_sensor_broadcaster:/home/sampathkumaritagi/ros_ws/install/husarion_gz_worlds:/home/sampathkumaritagi/ros_ws/install/diff_drive_controller:/opt/ros/humble CMAKE_PREFIX_PATH=/home/sampathkumaritagi/ros_ws/install/rosbot_xl_description:/home/sampathkumaritagi/ros_ws/install/rosbot_hardware_interfaces:/home/sampathkumaritagi/ros_ws/install/micro_ros_agent:/home/sampathkumaritagi/ros_ws/install/ros_components_description:/home/sampathkumaritagi/ros_ws/install/micro_ros_msgs:/home/sampathkumaritagi/ros_ws/install/mecanum_drive_controller:/home/sampathkumaritagi/ros_ws/install/imu_sensor_broadcaster:/home/sampathkumaritagi/ros_ws/install/husarion_gz_worlds:/home/sampathkumaritagi/ros_ws/install/diff_drive_controller:/home/sampathkumaritagi/ros_ws/install/rosbot_xl:/home/sampathkumaritagi/ros_ws/install/nav2_bringup_custom PYTHONPATH=/home/sampathkumaritagi/ros_ws/build/rosbot_xl_gazebo/prefix_override:/usr/lib/python3/dist-packages/colcon_core/task/python/colcon_distutils_commands:/home/sampathkumaritagi/ros_ws/install/rosbot_xl_gazebo/lib/python3.10/site-packages:/home/sampathkumaritagi/ros_ws/build/rosbot_xl_bringup:/home/sampathkumaritagi/ros_ws/install/rosbot_xl_bringup/lib/python3.10/site-packages:/home/sampathkumaritagi/ros_ws/build/rosbot_xl_controller:/home/sampathkumaritagi/ros_ws/install/rosbot_xl_controller/lib/python3.10/site-packages:/home/sampathkumaritagi/ros_ws/build/rosbot_xl_utils:/home/sampathkumaritagi/ros_ws/install/rosbot_xl_utils/lib/python3.10/site-packages:/home/sampathkumaritagi/ros_ws/build/rosbot_xl_gazebo:/home/sampathkumaritagi/ros_ws/install/rosbot_xl_gazebo/lib/python3.10/site-packages:/home/sampathkumaritagi/ros_ws/install/micro_ros_msgs/local/lib/python3.10/dist-packages:/opt/ros/humble/lib/python3.10/site-packages:/opt/ros/humble/local/lib/python3.10/dist-packages /usr/bin/python3 -W ignore:setup.py install is deprecated -W ignore:easy_install command is deprecated setup.py develop --editable --build-directory /home/sampathkumaritagi/ros_ws/build/rosbot_xl_gazebo/build --no-deps symlink_data
