[0.022s] Invoking command in '/home/sampathkumaritagi/ros_ws/build/ros_components_description': CMAKE_PREFIX_PATH=${CMAKE_PREFIX_PATH}:/home/sampathkumaritagi/ros_ws/install/rosbot_xl_utils:/home/sampathkumaritagi/ros_ws/install/rosbot_xl_gazebo:/home/sampathkumaritagi/ros_ws/install/rosbot_xl_bringup:/home/sampathkumaritagi/ros_ws/install/rosbot_xl_controller:/opt/ros/humble /usr/bin/cmake /home/sampathkumaritagi/ros_ws/src/ros_components_description -DAMENT_CMAKE_SYMLINK_INSTALL=1 -DCMAKE_INSTALL_PREFIX=/home/sampathkumaritagi/ros_ws/install/ros_components_description
[0.247s] -- The C compiler identification is GNU 11.4.0
[0.247s] -- The CXX compiler identification is GNU 11.4.0
[0.247s] -- Detecting C compiler ABI info
[0.247s] -- Detecting C compiler ABI info - done
[0.247s] -- Check for working C compiler: /usr/bin/cc - skipped
[0.247s] -- Detecting C compile features
[0.247s] -- Detecting C compile features - done
[0.247s] -- Detecting CXX compiler ABI info
[0.247s] -- Detecting CXX compiler ABI info - done
[0.247s] -- Check for working CXX compiler: /usr/bin/c++ - skipped
[0.247s] -- Detecting CXX compile features
[0.247s] -- Detecting CXX compile features - done
[0.247s] -- Found ament_cmake: 1.3.11 (/opt/ros/humble/share/ament_cmake/cmake)
[0.359s] -- Found Python3: /usr/bin/python3 (found version "3.10.12") found components: Interpreter 
[0.403s] -- Override CMake install command with custom implementation using symlinks instead of copying resources
[0.436s] -- Found ament_cmake_pytest: 1.3.11 (/opt/ros/humble/share/ament_cmake_pytest/cmake)
[0.859s] -- Configuring done
[0.861s] -- Generating done
[0.862s] -- Build files have been written to: /home/sampathkumaritagi/ros_ws/build/ros_components_description
[0.866s] Invoked command in '/home/sampathkumaritagi/ros_ws/build/ros_components_description' returned '0': CMAKE_PREFIX_PATH=${CMAKE_PREFIX_PATH}:/home/sampathkumaritagi/ros_ws/install/rosbot_xl_utils:/home/sampathkumaritagi/ros_ws/install/rosbot_xl_gazebo:/home/sampathkumaritagi/ros_ws/install/rosbot_xl_bringup:/home/sampathkumaritagi/ros_ws/install/rosbot_xl_controller:/opt/ros/humble /usr/bin/cmake /home/sampathkumaritagi/ros_ws/src/ros_components_description -DAMENT_CMAKE_SYMLINK_INSTALL=1 -DCMAKE_INSTALL_PREFIX=/home/sampathkumaritagi/ros_ws/install/ros_components_description
[0.868s] Invoking command in '/home/sampathkumaritagi/ros_ws/build/ros_components_description': CMAKE_PREFIX_PATH=${CMAKE_PREFIX_PATH}:/home/sampathkumaritagi/ros_ws/install/rosbot_xl_utils:/home/sampathkumaritagi/ros_ws/install/rosbot_xl_gazebo:/home/sampathkumaritagi/ros_ws/install/rosbot_xl_bringup:/home/sampathkumaritagi/ros_ws/install/rosbot_xl_controller:/opt/ros/humble /usr/bin/cmake --build /home/sampathkumaritagi/ros_ws/build/ros_components_description -- -j16 -l16
[0.894s] Invoked command in '/home/sampathkumaritagi/ros_ws/build/ros_components_description' returned '0': CMAKE_PREFIX_PATH=${CMAKE_PREFIX_PATH}:/home/sampathkumaritagi/ros_ws/install/rosbot_xl_utils:/home/sampathkumaritagi/ros_ws/install/rosbot_xl_gazebo:/home/sampathkumaritagi/ros_ws/install/rosbot_xl_bringup:/home/sampathkumaritagi/ros_ws/install/rosbot_xl_controller:/opt/ros/humble /usr/bin/cmake --build /home/sampathkumaritagi/ros_ws/build/ros_components_description -- -j16 -l16
[0.895s] Invoking command in '/home/sampathkumaritagi/ros_ws/build/ros_components_description': CMAKE_PREFIX_PATH=${CMAKE_PREFIX_PATH}:/home/sampathkumaritagi/ros_ws/install/rosbot_xl_utils:/home/sampathkumaritagi/ros_ws/install/rosbot_xl_gazebo:/home/sampathkumaritagi/ros_ws/install/rosbot_xl_bringup:/home/sampathkumaritagi/ros_ws/install/rosbot_xl_controller:/opt/ros/humble /usr/bin/cmake --install /home/sampathkumaritagi/ros_ws/build/ros_components_description
[0.900s] -- Install configuration: ""
[0.900s] -- Execute custom install script
[0.901s] -- Symlinking: /home/sampathkumaritagi/ros_ws/install/ros_components_description/share/ros_components_description/meshes/intel_realsense_d435.dae
[0.908s] -- Symlinking: /home/sampathkumaritagi/ros_ws/install/ros_components_description/share/ros_components_description/meshes/orbbec_astra.dae
[0.915s] -- Symlinking: /home/sampathkumaritagi/ros_ws/install/ros_components_description/share/ros_components_description/meshes/ouster_os01.dae
[0.922s] -- Symlinking: /home/sampathkumaritagi/ros_ws/install/ros_components_description/share/ros_components_description/meshes/slamtec_rplidar_a2m8.dae
[0.928s] -- Symlinking: /home/sampathkumaritagi/ros_ws/install/ros_components_description/share/ros_components_description/meshes/slamtec_rplidar_ax.dae
[0.936s] -- Symlinking: /home/sampathkumaritagi/ros_ws/install/ros_components_description/share/ros_components_description/meshes/slamtec_rplidar_s1.dae
[0.942s] -- Symlinking: /home/sampathkumaritagi/ros_ws/install/ros_components_description/share/ros_components_description/meshes/slamtec_rplidar_s2.dae
[0.948s] -- Symlinking: /home/sampathkumaritagi/ros_ws/install/ros_components_description/share/ros_components_description/meshes/slamtec_rplidar_s3.dae
[0.955s] -- Symlinking: /home/sampathkumaritagi/ros_ws/install/ros_components_description/share/ros_components_description/meshes/velodyne_puck.dae
[0.962s] -- Symlinking: /home/sampathkumaritagi/ros_ws/install/ros_components_description/share/ros_components_description/meshes/zed.stl
[0.968s] -- Symlinking: /home/sampathkumaritagi/ros_ws/install/ros_components_description/share/ros_components_description/meshes/zed2.stl
[0.974s] -- Symlinking: /home/sampathkumaritagi/ros_ws/install/ros_components_description/share/ros_components_description/meshes/zed2i.stl
[0.980s] -- Symlinking: /home/sampathkumaritagi/ros_ws/install/ros_components_description/share/ros_components_description/meshes/zedm.stl
[0.986s] -- Symlinking: /home/sampathkumaritagi/ros_ws/install/ros_components_description/share/ros_components_description/meshes/zedx.stl
[0.993s] -- Symlinking: /home/sampathkumaritagi/ros_ws/install/ros_components_description/share/ros_components_description/meshes/zedxm.stl
[0.999s] -- Symlinking: /home/sampathkumaritagi/ros_ws/install/ros_components_description/share/ros_components_description/urdf/components.urdf.xacro
[1.005s] -- Symlinking: /home/sampathkumaritagi/ros_ws/install/ros_components_description/share/ros_components_description/urdf/intel_realsense_d435.urdf.xacro
[1.013s] -- Symlinking: /home/sampathkumaritagi/ros_ws/install/ros_components_description/share/ros_components_description/urdf/kinova.urdf.xacro
[1.020s] -- Symlinking: /home/sampathkumaritagi/ros_ws/install/ros_components_description/share/ros_components_description/urdf/orbbec_astra.urdf.xacro
[1.027s] -- Symlinking: /home/sampathkumaritagi/ros_ws/install/ros_components_description/share/ros_components_description/urdf/ouster.urdf.xacro
[1.035s] -- Symlinking: /home/sampathkumaritagi/ros_ws/install/ros_components_description/share/ros_components_description/urdf/robotiq.urdf.xacro
[1.042s] -- Symlinking: /home/sampathkumaritagi/ros_ws/install/ros_components_description/share/ros_components_description/urdf/slamtec_rplidar_a2.urdf.xacro
[1.048s] -- Symlinking: /home/sampathkumaritagi/ros_ws/install/ros_components_description/share/ros_components_description/urdf/slamtec_rplidar_a3.urdf.xacro
[1.054s] -- Symlinking: /home/sampathkumaritagi/ros_ws/install/ros_components_description/share/ros_components_description/urdf/slamtec_rplidar_s1.urdf.xacro
[1.060s] -- Symlinking: /home/sampathkumaritagi/ros_ws/install/ros_components_description/share/ros_components_description/urdf/slamtec_rplidar_s2.urdf.xacro
[1.067s] -- Symlinking: /home/sampathkumaritagi/ros_ws/install/ros_components_description/share/ros_components_description/urdf/slamtec_rplidar_s3.urdf.xacro
[1.073s] -- Symlinking: /home/sampathkumaritagi/ros_ws/install/ros_components_description/share/ros_components_description/urdf/stereolabs_zed.urdf.xacro
[1.080s] -- Symlinking: /home/sampathkumaritagi/ros_ws/install/ros_components_description/share/ros_components_description/urdf/ur.urdf.xacro
[1.086s] -- Symlinking: /home/sampathkumaritagi/ros_ws/install/ros_components_description/share/ros_components_description/urdf/velodyne_puck.urdf.xacro
[1.093s] -- Symlinking: /home/sampathkumaritagi/ros_ws/install/ros_components_description/share/ros_components_description/launch/gz_components.launch.py
[1.099s] -- Symlinking: /home/sampathkumaritagi/ros_ws/install/ros_components_description/share/ros_components_description/launch/gz_kinova_6dof.launch.py
[1.105s] -- Symlinking: /home/sampathkumaritagi/ros_ws/install/ros_components_description/share/ros_components_description/launch/gz_kinova_7dof.launch.py
[1.111s] -- Symlinking: /home/sampathkumaritagi/ros_ws/install/ros_components_description/share/ros_components_description/launch/gz_orbbec_astra.launch.py
[1.117s] -- Symlinking: /home/sampathkumaritagi/ros_ws/install/ros_components_description/share/ros_components_description/launch/gz_ouster_os.launch.py
[1.124s] -- Symlinking: /home/sampathkumaritagi/ros_ws/install/ros_components_description/share/ros_components_description/launch/gz_robotiq.launch.py
[1.132s] -- Symlinking: /home/sampathkumaritagi/ros_ws/install/ros_components_description/share/ros_components_description/launch/gz_slamtec_rplidar.launch.py
[1.139s] -- Symlinking: /home/sampathkumaritagi/ros_ws/install/ros_components_description/share/ros_components_description/launch/gz_stereolabs_zed.launch.py
[1.145s] -- Symlinking: /home/sampathkumaritagi/ros_ws/install/ros_components_description/share/ros_components_description/launch/gz_ur.launch.py
[1.151s] -- Symlinking: /home/sampathkumaritagi/ros_ws/install/ros_components_description/share/ros_components_description/launch/gz_velodyne.launch.py
[1.158s] -- Symlinking: /home/sampathkumaritagi/ros_ws/install/ros_components_description/share/ros_components_description/config/gz_kinova_remappings.yaml
[1.164s] -- Symlinking: /home/sampathkumaritagi/ros_ws/install/ros_components_description/share/ros_components_description/config/gz_orbbec_astra_remappings.yaml
[1.171s] -- Symlinking: /home/sampathkumaritagi/ros_ws/install/ros_components_description/share/ros_components_description/config/gz_ouster_os_remappings.yaml
[1.179s] -- Symlinking: /home/sampathkumaritagi/ros_ws/install/ros_components_description/share/ros_components_description/config/gz_slamtec_rplidar_remappings.yaml
[1.185s] -- Symlinking: /home/sampathkumaritagi/ros_ws/install/ros_components_description/share/ros_components_description/config/gz_stereolabs_zed_remappings.yaml
[1.191s] -- Symlinking: /home/sampathkumaritagi/ros_ws/install/ros_components_description/share/ros_components_description/config/gz_velodyne_remappings.yaml
[1.201s] -- Symlinking: /home/sampathkumaritagi/ros_ws/install/ros_components_description/share/ros_components_description/config/kinova_6dof_controllers.yaml
[1.207s] -- Symlinking: /home/sampathkumaritagi/ros_ws/install/ros_components_description/share/ros_components_description/config/kinova_7dof_controllers.yaml
[1.213s] -- Symlinking: /home/sampathkumaritagi/ros_ws/install/ros_components_description/share/ros_components_description/config/robotiq_controllers.yaml
[1.223s] -- Symlinking: /home/sampathkumaritagi/ros_ws/install/ros_components_description/share/ros_components_description/config/ur_controllers.yaml
[1.231s] -- Symlinking: /home/sampathkumaritagi/ros_ws/install/ros_components_description/share/ros_components_description/test/component.urdf.xacro
[1.237s] -- Symlinking: /home/sampathkumaritagi/ros_ws/install/ros_components_description/share/ros_components_description/test/test_components_xacro.py
[1.244s] -- Symlinking: /home/sampathkumaritagi/ros_ws/install/ros_components_description/share/ros_components_description/environment/ros_components_description.sh
[1.250s] -- Symlinking: /home/sampathkumaritagi/ros_ws/install/ros_components_description/share/ament_index/resource_index/package_run_dependencies/ros_components_description
[1.258s] -- Symlinking: /home/sampathkumaritagi/ros_ws/install/ros_components_description/share/ament_index/resource_index/parent_prefix_path/ros_components_description
[1.264s] -- Symlinking: /home/sampathkumaritagi/ros_ws/install/ros_components_description/share/ros_components_description/environment/ament_prefix_path.sh
[1.271s] -- Symlinking: /home/sampathkumaritagi/ros_ws/install/ros_components_description/share/ros_components_description/environment/ament_prefix_path.dsv
[1.277s] -- Symlinking: /home/sampathkumaritagi/ros_ws/install/ros_components_description/share/ros_components_description/environment/path.sh
[1.284s] -- Symlinking: /home/sampathkumaritagi/ros_ws/install/ros_components_description/share/ros_components_description/environment/path.dsv
[1.291s] -- Symlinking: /home/sampathkumaritagi/ros_ws/install/ros_components_description/share/ros_components_description/local_setup.bash
[1.299s] -- Symlinking: /home/sampathkumaritagi/ros_ws/install/ros_components_description/share/ros_components_description/local_setup.sh
[1.308s] -- Symlinking: /home/sampathkumaritagi/ros_ws/install/ros_components_description/share/ros_components_description/local_setup.zsh
[1.317s] -- Symlinking: /home/sampathkumaritagi/ros_ws/install/ros_components_description/share/ros_components_description/local_setup.dsv
[1.330s] -- Symlinking: /home/sampathkumaritagi/ros_ws/install/ros_components_description/share/ros_components_description/package.dsv
[1.338s] -- Symlinking: /home/sampathkumaritagi/ros_ws/install/ros_components_description/share/ament_index/resource_index/packages/ros_components_description
[1.347s] -- Symlinking: /home/sampathkumaritagi/ros_ws/install/ros_components_description/share/ros_components_description/cmake/ros_components_descriptionConfig.cmake
[1.357s] -- Symlinking: /home/sampathkumaritagi/ros_ws/install/ros_components_description/share/ros_components_description/cmake/ros_components_descriptionConfig-version.cmake
[1.367s] -- Symlinking: /home/sampathkumaritagi/ros_ws/install/ros_components_description/share/ros_components_description/package.xml
[1.380s] Invoked command in '/home/sampathkumaritagi/ros_ws/build/ros_components_description' returned '0': CMAKE_PREFIX_PATH=${CMAKE_PREFIX_PATH}:/home/sampathkumaritagi/ros_ws/install/rosbot_xl_utils:/home/sampathkumaritagi/ros_ws/install/rosbot_xl_gazebo:/home/sampathkumaritagi/ros_ws/install/rosbot_xl_bringup:/home/sampathkumaritagi/ros_ws/install/rosbot_xl_controller:/opt/ros/humble /usr/bin/cmake --install /home/sampathkumaritagi/ros_ws/build/ros_components_description
