-- The C compiler identification is GNU 11.4.0
-- The CXX compiler identification is GNU 11.4.0
-- Detecting C compiler ABI info
-- Detecting C compiler ABI info - done
-- Check for working C compiler: /usr/bin/cc - skipped
-- Detecting C compile features
-- Detecting C compile features - done
-- Detecting CXX compiler ABI info
-- Detecting CXX compiler ABI info - done
-- Check for working CXX compiler: /usr/bin/c++ - skipped
-- Detecting CXX compile features
-- Detecting CXX compile features - done
-- Found ament_cmake: 1.3.11 (/opt/ros/humble/share/ament_cmake/cmake)
-- Found Python3: /usr/bin/python3 (found version "3.10.12") found components: Interpreter 
-- Override CMake install command with custom implementation using symlinks instead of copying resources
-- Configuring done
-- Generating done
-- Build files have been written to: /home/sampathkumaritagi/ros_ws/build/rosbot_xl
-- Install configuration: ""
-- Execute custom install script
-- Symlinking: /home/sampathkumaritagi/ros_ws/install/rosbot_xl/share/ament_index/resource_index/package_run_dependencies/rosbot_xl
-- Symlinking: /home/sampathkumaritagi/ros_ws/install/rosbot_xl/share/ament_index/resource_index/parent_prefix_path/rosbot_xl
-- Symlinking: /home/sampathkumaritagi/ros_ws/install/rosbot_xl/share/rosbot_xl/environment/ament_prefix_path.sh
-- Symlinking: /home/sampathkumaritagi/ros_ws/install/rosbot_xl/share/rosbot_xl/environment/ament_prefix_path.dsv
-- Symlinking: /home/sampathkumaritagi/ros_ws/install/rosbot_xl/share/rosbot_xl/environment/path.sh
-- Symlinking: /home/sampathkumaritagi/ros_ws/install/rosbot_xl/share/rosbot_xl/environment/path.dsv
-- Symlinking: /home/sampathkumaritagi/ros_ws/install/rosbot_xl/share/rosbot_xl/local_setup.bash
-- Symlinking: /home/sampathkumaritagi/ros_ws/install/rosbot_xl/share/rosbot_xl/local_setup.sh
-- Symlinking: /home/sampathkumaritagi/ros_ws/install/rosbot_xl/share/rosbot_xl/local_setup.zsh
-- Symlinking: /home/sampathkumaritagi/ros_ws/install/rosbot_xl/share/rosbot_xl/local_setup.dsv
-- Symlinking: /home/sampathkumaritagi/ros_ws/install/rosbot_xl/share/rosbot_xl/package.dsv
-- Symlinking: /home/sampathkumaritagi/ros_ws/install/rosbot_xl/share/ament_index/resource_index/packages/rosbot_xl
-- Symlinking: /home/sampathkumaritagi/ros_ws/install/rosbot_xl/share/rosbot_xl/cmake/rosbot_xlConfig.cmake
-- Symlinking: /home/sampathkumaritagi/ros_ws/install/rosbot_xl/share/rosbot_xl/cmake/rosbot_xlConfig-version.cmake
-- Symlinking: /home/sampathkumaritagi/ros_ws/install/rosbot_xl/share/rosbot_xl/package.xml
