[0.476s] Invoking command in '/home/sampathkumaritagi/ros_ws/build/rosbot_xl_bringup': AMENT_PREFIX_PATH=/home/sampathkumaritagi/ros_ws/install/rosbot_xl_controller:/home/sampathkumaritagi/ros_ws/install/rosbot_xl_utils:/home/sampathkumaritagi/ros_ws/install/rosbot_xl_gazebo:/home/sampathkumaritagi/ros_ws/install/rosbot_xl:/home/sampathkumaritagi/ros_ws/install/rosbot_xl_bringup:/home/sampathkumaritagi/ros_ws/install/rosbot_xl_description:/home/sampathkumaritagi/ros_ws/install/rosbot_hardware_interfaces:/home/sampathkumaritagi/ros_ws/install/ros_components_description:/home/sampathkumaritagi/ros_ws/install/nav2_bringup_custom:/home/sampathkumaritagi/ros_ws/install/micro_ros_agent:/home/sampathkumaritagi/ros_ws/install/micro_ros_msgs:/home/sampathkumaritagi/ros_ws/install/mecanum_drive_controller:/home/sampathkumaritagi/ros_ws/install/imu_sensor_broadcaster:/home/sampathkumaritagi/ros_ws/install/husarion_gz_worlds:/home/sampathkumaritagi/ros_ws/install/diff_drive_controller:/opt/ros/humble CMAKE_PREFIX_PATH=/home/sampathkumaritagi/ros_ws/install/rosbot_xl_description:/home/sampathkumaritagi/ros_ws/install/rosbot_hardware_interfaces:/home/sampathkumaritagi/ros_ws/install/micro_ros_agent:/home/sampathkumaritagi/ros_ws/install/ros_components_description:/home/sampathkumaritagi/ros_ws/install/micro_ros_msgs:/home/sampathkumaritagi/ros_ws/install/mecanum_drive_controller:/home/sampathkumaritagi/ros_ws/install/imu_sensor_broadcaster:/home/sampathkumaritagi/ros_ws/install/diff_drive_controller:/home/sampathkumaritagi/ros_ws/install/rosbot_xl:/home/sampathkumaritagi/ros_ws/install/nav2_bringup_custom:/home/sampathkumaritagi/ros_ws/install/husarion_gz_worlds PYTHONPATH=/home/sampathkumaritagi/ros_ws/build/rosbot_xl_bringup/prefix_override:/usr/lib/python3/dist-packages/colcon_core/task/python/colcon_distutils_commands:/home/sampathkumaritagi/ros_ws/install/rosbot_xl_bringup/lib/python3.10/site-packages:/home/sampathkumaritagi/ros_ws/build/rosbot_xl_controller:/home/sampathkumaritagi/ros_ws/install/rosbot_xl_controller/lib/python3.10/site-packages:/home/sampathkumaritagi/ros_ws/build/rosbot_xl_utils:/home/sampathkumaritagi/ros_ws/install/rosbot_xl_utils/lib/python3.10/site-packages:/home/sampathkumaritagi/ros_ws/build/rosbot_xl_gazebo:/home/sampathkumaritagi/ros_ws/install/rosbot_xl_gazebo/lib/python3.10/site-packages:/home/sampathkumaritagi/ros_ws/build/rosbot_xl_bringup:/home/sampathkumaritagi/ros_ws/install/rosbot_xl_bringup/lib/python3.10/site-packages:/home/sampathkumaritagi/ros_ws/install/micro_ros_msgs/local/lib/python3.10/dist-packages:/opt/ros/humble/lib/python3.10/site-packages:/opt/ros/humble/local/lib/python3.10/dist-packages /usr/bin/python3 -W ignore:setup.py install is deprecated -W ignore:easy_install command is deprecated setup.py develop --editable --build-directory /home/sampathkumaritagi/ros_ws/build/rosbot_xl_bringup/build --no-deps symlink_data
[0.657s] running develop
[0.792s] running egg_info
[0.792s] creating rosbot_xl_bringup.egg-info
[0.792s] writing rosbot_xl_bringup.egg-info/PKG-INFO
[0.792s] writing dependency_links to rosbot_xl_bringup.egg-info/dependency_links.txt
[0.793s] writing entry points to rosbot_xl_bringup.egg-info/entry_points.txt
[0.793s] writing requirements to rosbot_xl_bringup.egg-info/requires.txt
[0.793s] writing top-level names to rosbot_xl_bringup.egg-info/top_level.txt
[0.793s] writing manifest file 'rosbot_xl_bringup.egg-info/SOURCES.txt'
[0.793s] reading manifest file 'rosbot_xl_bringup.egg-info/SOURCES.txt'
[0.794s] writing manifest file 'rosbot_xl_bringup.egg-info/SOURCES.txt'
[0.795s] running build_ext
[0.795s] Creating /home/sampathkumaritagi/ros_ws/install/rosbot_xl_bringup/lib/python3.10/site-packages/rosbot-xl-bringup.egg-link (link to .)
[0.796s] 
[0.796s] Installed /home/sampathkumaritagi/ros_ws/build/rosbot_xl_bringup
[0.796s] running symlink_data
[0.796s] creating /home/sampathkumaritagi/ros_ws/install/rosbot_xl_bringup/share/ament_index
[0.796s] creating /home/sampathkumaritagi/ros_ws/install/rosbot_xl_bringup/share/ament_index/resource_index
[0.796s] creating /home/sampathkumaritagi/ros_ws/install/rosbot_xl_bringup/share/ament_index/resource_index/packages
[0.796s] symbolically linking /home/sampathkumaritagi/ros_ws/build/rosbot_xl_bringup/resource/rosbot_xl_bringup -> /home/sampathkumaritagi/ros_ws/install/rosbot_xl_bringup/share/ament_index/resource_index/packages
[0.796s] symbolically linking /home/sampathkumaritagi/ros_ws/build/rosbot_xl_bringup/package.xml -> /home/sampathkumaritagi/ros_ws/install/rosbot_xl_bringup/share/rosbot_xl_bringup
[0.796s] creating /home/sampathkumaritagi/ros_ws/install/rosbot_xl_bringup/share/rosbot_xl_bringup/launch
[0.796s] symbolically linking /home/sampathkumaritagi/ros_ws/build/rosbot_xl_bringup/launch/microros.launch.py -> /home/sampathkumaritagi/ros_ws/install/rosbot_xl_bringup/share/rosbot_xl_bringup/launch
[0.796s] symbolically linking /home/sampathkumaritagi/ros_ws/build/rosbot_xl_bringup/launch/bringup.launch.py -> /home/sampathkumaritagi/ros_ws/install/rosbot_xl_bringup/share/rosbot_xl_bringup/launch
[0.796s] symbolically linking /home/sampathkumaritagi/ros_ws/build/rosbot_xl_bringup/launch/combined.launch.py -> /home/sampathkumaritagi/ros_ws/install/rosbot_xl_bringup/share/rosbot_xl_bringup/launch
[0.796s] creating /home/sampathkumaritagi/ros_ws/install/rosbot_xl_bringup/share/rosbot_xl_bringup/config
[0.796s] symbolically linking /home/sampathkumaritagi/ros_ws/build/rosbot_xl_bringup/config/ekf.yaml -> /home/sampathkumaritagi/ros_ws/install/rosbot_xl_bringup/share/rosbot_xl_bringup/config
[0.797s] symbolically linking /home/sampathkumaritagi/ros_ws/build/rosbot_xl_bringup/config/laser_filter.yaml -> /home/sampathkumaritagi/ros_ws/install/rosbot_xl_bringup/share/rosbot_xl_bringup/config
[0.797s] symbolically linking /home/sampathkumaritagi/ros_ws/build/rosbot_xl_bringup/config/microros_localhost_only.xml -> /home/sampathkumaritagi/ros_ws/install/rosbot_xl_bringup/share/rosbot_xl_bringup/config
[0.812s] Invoked command in '/home/sampathkumaritagi/ros_ws/build/rosbot_xl_bringup' returned '0': AMENT_PREFIX_PATH=/home/sampathkumaritagi/ros_ws/install/rosbot_xl_controller:/home/sampathkumaritagi/ros_ws/install/rosbot_xl_utils:/home/sampathkumaritagi/ros_ws/install/rosbot_xl_gazebo:/home/sampathkumaritagi/ros_ws/install/rosbot_xl:/home/sampathkumaritagi/ros_ws/install/rosbot_xl_bringup:/home/sampathkumaritagi/ros_ws/install/rosbot_xl_description:/home/sampathkumaritagi/ros_ws/install/rosbot_hardware_interfaces:/home/sampathkumaritagi/ros_ws/install/ros_components_description:/home/sampathkumaritagi/ros_ws/install/nav2_bringup_custom:/home/sampathkumaritagi/ros_ws/install/micro_ros_agent:/home/sampathkumaritagi/ros_ws/install/micro_ros_msgs:/home/sampathkumaritagi/ros_ws/install/mecanum_drive_controller:/home/sampathkumaritagi/ros_ws/install/imu_sensor_broadcaster:/home/sampathkumaritagi/ros_ws/install/husarion_gz_worlds:/home/sampathkumaritagi/ros_ws/install/diff_drive_controller:/opt/ros/humble CMAKE_PREFIX_PATH=/home/sampathkumaritagi/ros_ws/install/rosbot_xl_description:/home/sampathkumaritagi/ros_ws/install/rosbot_hardware_interfaces:/home/sampathkumaritagi/ros_ws/install/micro_ros_agent:/home/sampathkumaritagi/ros_ws/install/ros_components_description:/home/sampathkumaritagi/ros_ws/install/micro_ros_msgs:/home/sampathkumaritagi/ros_ws/install/mecanum_drive_controller:/home/sampathkumaritagi/ros_ws/install/imu_sensor_broadcaster:/home/sampathkumaritagi/ros_ws/install/diff_drive_controller:/home/sampathkumaritagi/ros_ws/install/rosbot_xl:/home/sampathkumaritagi/ros_ws/install/nav2_bringup_custom:/home/sampathkumaritagi/ros_ws/install/husarion_gz_worlds PYTHONPATH=/home/sampathkumaritagi/ros_ws/build/rosbot_xl_bringup/prefix_override:/usr/lib/python3/dist-packages/colcon_core/task/python/colcon_distutils_commands:/home/sampathkumaritagi/ros_ws/install/rosbot_xl_bringup/lib/python3.10/site-packages:/home/sampathkumaritagi/ros_ws/build/rosbot_xl_controller:/home/sampathkumaritagi/ros_ws/install/rosbot_xl_controller/lib/python3.10/site-packages:/home/sampathkumaritagi/ros_ws/build/rosbot_xl_utils:/home/sampathkumaritagi/ros_ws/install/rosbot_xl_utils/lib/python3.10/site-packages:/home/sampathkumaritagi/ros_ws/build/rosbot_xl_gazebo:/home/sampathkumaritagi/ros_ws/install/rosbot_xl_gazebo/lib/python3.10/site-packages:/home/sampathkumaritagi/ros_ws/build/rosbot_xl_bringup:/home/sampathkumaritagi/ros_ws/install/rosbot_xl_bringup/lib/python3.10/site-packages:/home/sampathkumaritagi/ros_ws/install/micro_ros_msgs/local/lib/python3.10/dist-packages:/opt/ros/humble/lib/python3.10/site-packages:/opt/ros/humble/local/lib/python3.10/dist-packages /usr/bin/python3 -W ignore:setup.py install is deprecated -W ignore:easy_install command is deprecated setup.py develop --editable --build-directory /home/sampathkumaritagi/ros_ws/build/rosbot_xl_bringup/build --no-deps symlink_data
